2026-03-02 21:49:40,245 [INFO] Fetching data from https://lankabd.com/Home/DataMatrix...
2026-03-02 21:49:40,469 [INFO] Successfully fetched the page
2026-03-02 21:49:40,638 [INFO] Filtered data for sector: Bank (36 rows)
2026-03-02 21:49:41,139 [INFO] Fetching data from https://lankabd.com/Home/DataMatrix...
2026-03-02 21:49:41,429 [INFO] Successfully fetched the page
2026-03-02 21:49:41,676 [INFO] Filtered data for sector: Cement (7 rows)
2026-03-02 21:49:42,182 [INFO] Fetching data from https://lankabd.com/Home/DataMatrix...
2026-03-02 21:49:42,419 [INFO] Successfully fetched the page
2026-03-02 21:49:42,664 [INFO] Filtered data for sector: Ceramics Sector (5 rows)
2026-03-02 21:49:43,169 [INFO] Fetching data from https://lankabd.com/Home/DataMatrix...
2026-03-02 21:49:43,426 [INFO] Successfully fetched the page
2026-03-02 21:49:43,596 [INFO] Filtered data for sector: Corporate Bond (16 rows)
2026-03-02 21:49:44,102 [INFO] Fetching data from https://lankabd.com/Home/DataMatrix...
2026-03-02 21:49:44,366 [INFO] Successfully fetched the page
2026-03-02 21:49:44,630 [INFO] Filtered data for sector: Debenture (0 rows)
2026-03-02 21:49:45,135 [INFO] Fetching data from https://lankabd.com/Home/DataMatrix...
2026-03-02 21:49:45,393 [INFO] Successfully fetched the page
2026-03-02 21:49:45,581 [INFO] Filtered data for sector: Engineering (42 rows)
2026-03-02 21:49:46,086 [INFO] Fetching data from https://lankabd.com/Home/DataMatrix...
2026-03-02 21:49:46,414 [INFO] Successfully fetched the page
2026-03-02 21:49:46,690 [INFO] Filtered data for sector: Financial Institutions (23 rows)
2026-03-02 21:49:47,196 [INFO] Fetching data from https://lankabd.com/Home/DataMatrix...
2026-03-02 21:49:47,428 [INFO] Successfully fetched the page
2026-03-02 21:49:47,616 [INFO] Filtered data for sector: Food & Allied (21 rows)
2026-03-02 21:49:48,122 [INFO] Fetching data from https://lankabd.com/Home/DataMatrix...
2026-03-02 21:49:48,339 [INFO] Successfully fetched the page
2026-03-02 21:49:48,598 [INFO] Filtered data for sector: Fuel & Power (23 rows)
2026-03-02 21:49:49,104 [INFO] Fetching data from https://lankabd.com/Home/DataMatrix...
2026-03-02 21:49:49,308 [INFO] Successfully fetched the page
2026-03-02 21:49:49,498 [INFO] Filtered data for sector: G-SEC (T.Bond) (0 rows)
2026-03-02 21:49:50,004 [INFO] Fetching data from https://lankabd.com/Home/DataMatrix...
2026-03-02 21:49:50,208 [INFO] Successfully fetched the page
2026-03-02 21:49:50,465 [INFO] Filtered data for sector: Insurance (58 rows)
2026-03-02 21:49:50,970 [INFO] Fetching data from https://lankabd.com/Home/DataMatrix...
2026-03-02 21:49:51,266 [INFO] Successfully fetched the page
2026-03-02 21:49:51,455 [INFO] Filtered data for sector: IT Sector (11 rows)
2026-03-02 21:49:51,961 [INFO] Fetching data from https://lankabd.com/Home/DataMatrix...
2026-03-02 21:49:52,196 [INFO] Successfully fetched the page
2026-03-02 21:49:52,450 [INFO] Filtered data for sector: Jute (3 rows)
2026-03-02 21:49:52,955 [INFO] Fetching data from https://lankabd.com/Home/DataMatrix...
2026-03-02 21:49:53,174 [INFO] Successfully fetched the page
2026-03-02 21:49:53,384 [INFO] Filtered data for sector: Miscellaneous (15 rows)
2026-03-02 21:49:53,890 [INFO] Fetching data from https://lankabd.com/Home/DataMatrix...
2026-03-02 21:49:54,108 [INFO] Successfully fetched the page
2026-03-02 21:49:54,354 [INFO] Filtered data for sector: Mutual Funds (37 rows)
2026-03-02 21:49:54,860 [INFO] Fetching data from https://lankabd.com/Home/DataMatrix...
2026-03-02 21:49:55,059 [INFO] Successfully fetched the page
2026-03-02 21:49:55,248 [INFO] Filtered data for sector: Paper & Printing (6 rows)
2026-03-02 21:49:55,753 [INFO] Fetching data from https://lankabd.com/Home/DataMatrix...
2026-03-02 21:49:55,969 [INFO] Successfully fetched the page
2026-03-02 21:49:56,225 [INFO] Filtered data for sector: Pharmaceuticals & Chemicals (34 rows)
2026-03-02 21:49:56,731 [INFO] Fetching data from https://lankabd.com/Home/DataMatrix...
2026-03-02 21:49:56,948 [INFO] Successfully fetched the page
2026-03-02 21:49:57,175 [INFO] Filtered data for sector: Services & Real Estate (4 rows)
2026-03-02 21:49:57,681 [INFO] Fetching data from https://lankabd.com/Home/DataMatrix...
2026-03-02 21:49:57,908 [INFO] Successfully fetched the page
2026-03-02 21:49:58,099 [INFO] Filtered data for sector: Stock Brokers (1 rows)
2026-03-02 21:49:58,599 [INFO] Fetching data from https://lankabd.com/Home/DataMatrix...
2026-03-02 21:49:58,799 [INFO] Successfully fetched the page
2026-03-02 21:49:59,032 [INFO] Filtered data for sector: Tannery Industries (6 rows)
2026-03-02 21:49:59,537 [INFO] Fetching data from https://lankabd.com/Home/DataMatrix...
2026-03-02 21:49:59,763 [INFO] Successfully fetched the page
2026-03-02 21:49:59,955 [INFO] Filtered data for sector: Telecommunication (3 rows)
2026-03-02 21:50:00,461 [INFO] Fetching data from https://lankabd.com/Home/DataMatrix...
2026-03-02 21:50:00,797 [INFO] Successfully fetched the page
2026-03-02 21:50:01,057 [INFO] Filtered data for sector: Textile (58 rows)
2026-03-02 21:50:01,562 [INFO] Fetching data from https://lankabd.com/Home/DataMatrix...
2026-03-02 21:50:01,841 [INFO] Successfully fetched the page
2026-03-02 21:50:02,027 [INFO] Filtered data for sector: Travel & Leisure (5 rows)
