2026-04-04 17:40:55,427 [INFO] Fetching available sectors...
2026-04-04 17:40:55,894 [INFO] Found 23 sectors
2026-04-04 17:40:55,895 [INFO] 
--- Fetching data for sector: Bank ---
2026-04-04 17:40:55,895 [INFO] Fetching data from https://lankabd.com/Home/DataMatrix...
2026-04-04 17:40:56,136 [INFO] Successfully fetched the page
2026-04-04 17:40:56,308 [INFO] Filtered data for sector: Bank (36 rows)
2026-04-04 17:40:56,308 [INFO] Successfully fetched 36 rows
2026-04-04 17:40:57,313 [INFO] 
--- Fetching data for sector: Cement ---
2026-04-04 17:40:57,314 [INFO] Fetching data from https://lankabd.com/Home/DataMatrix...
2026-04-04 17:40:57,541 [INFO] Successfully fetched the page
2026-04-04 17:40:57,771 [INFO] Filtered data for sector: Cement (7 rows)
2026-04-04 17:40:57,771 [INFO] Successfully fetched 7 rows
2026-04-04 17:40:58,777 [INFO] 
--- Fetching data for sector: Ceramics Sector ---
2026-04-04 17:40:58,777 [INFO] Fetching data from https://lankabd.com/Home/DataMatrix...
2026-04-04 17:40:58,983 [INFO] Successfully fetched the page
2026-04-04 17:40:59,189 [INFO] Filtered data for sector: Ceramics Sector (5 rows)
2026-04-04 17:40:59,190 [INFO] Successfully fetched 5 rows
2026-04-04 17:41:00,195 [INFO] 
--- Fetching data for sector: Corporate Bond ---
2026-04-04 17:41:00,195 [INFO] Fetching data from https://lankabd.com/Home/DataMatrix...
2026-04-04 17:41:00,397 [INFO] Successfully fetched the page
2026-04-04 17:41:00,588 [INFO] Filtered data for sector: Corporate Bond (16 rows)
2026-04-04 17:41:00,589 [INFO] Successfully fetched 16 rows
2026-04-04 17:41:01,594 [INFO] 
--- Fetching data for sector: Debenture ---
2026-04-04 17:41:01,594 [INFO] Fetching data from https://lankabd.com/Home/DataMatrix...
2026-04-04 17:41:01,832 [INFO] Successfully fetched the page
2026-04-04 17:41:02,072 [INFO] Filtered data for sector: Debenture (0 rows)
2026-04-04 17:41:02,072 [WARNING] No data for sector: Debenture
2026-04-04 17:41:03,077 [INFO] 
--- Fetching data for sector: Engineering ---
2026-04-04 17:41:03,078 [INFO] Fetching data from https://lankabd.com/Home/DataMatrix...
2026-04-04 17:41:03,304 [INFO] Successfully fetched the page
2026-04-04 17:41:03,496 [INFO] Filtered data for sector: Engineering (42 rows)
2026-04-04 17:41:03,496 [INFO] Successfully fetched 42 rows
2026-04-04 17:41:04,502 [INFO] 
--- Fetching data for sector: Financial Institutions ---
2026-04-04 17:41:04,502 [INFO] Fetching data from https://lankabd.com/Home/DataMatrix...
2026-04-04 17:41:04,720 [INFO] Successfully fetched the page
2026-04-04 17:41:04,966 [INFO] Filtered data for sector: Financial Institutions (23 rows)
2026-04-04 17:41:04,966 [INFO] Successfully fetched 23 rows
2026-04-04 17:41:05,971 [INFO] 
--- Fetching data for sector: Food & Allied ---
2026-04-04 17:41:05,972 [INFO] Fetching data from https://lankabd.com/Home/DataMatrix...
2026-04-04 17:41:06,182 [INFO] Successfully fetched the page
2026-04-04 17:41:06,373 [INFO] Filtered data for sector: Food & Allied (21 rows)
2026-04-04 17:41:06,374 [INFO] Successfully fetched 21 rows
2026-04-04 17:41:07,379 [INFO] 
--- Fetching data for sector: Fuel & Power ---
2026-04-04 17:41:07,379 [INFO] Fetching data from https://lankabd.com/Home/DataMatrix...
2026-04-04 17:41:07,590 [INFO] Successfully fetched the page
2026-04-04 17:41:07,834 [INFO] Filtered data for sector: Fuel & Power (23 rows)
2026-04-04 17:41:07,834 [INFO] Successfully fetched 23 rows
2026-04-04 17:41:08,839 [INFO] 
--- Fetching data for sector: G-SEC (T.Bond) ---
2026-04-04 17:41:08,840 [INFO] Fetching data from https://lankabd.com/Home/DataMatrix...
2026-04-04 17:41:09,098 [INFO] Successfully fetched the page
2026-04-04 17:41:09,282 [INFO] Filtered data for sector: G-SEC (T.Bond) (0 rows)
2026-04-04 17:41:09,282 [WARNING] No data for sector: G-SEC (T.Bond)
2026-04-04 17:41:10,287 [INFO] 
--- Fetching data for sector: Insurance ---
2026-04-04 17:41:10,288 [INFO] Fetching data from https://lankabd.com/Home/DataMatrix...
2026-04-04 17:41:10,503 [INFO] Successfully fetched the page
2026-04-04 17:41:10,747 [INFO] Filtered data for sector: Insurance (58 rows)
2026-04-04 17:41:10,747 [INFO] Successfully fetched 58 rows
2026-04-04 17:41:11,752 [INFO] 
--- Fetching data for sector: IT Sector ---
2026-04-04 17:41:11,753 [INFO] Fetching data from https://lankabd.com/Home/DataMatrix...
2026-04-04 17:41:11,969 [INFO] Successfully fetched the page
2026-04-04 17:41:12,163 [INFO] Filtered data for sector: IT Sector (11 rows)
2026-04-04 17:41:12,164 [INFO] Successfully fetched 11 rows
2026-04-04 17:41:13,169 [INFO] 
--- Fetching data for sector: Jute ---
2026-04-04 17:41:13,169 [INFO] Fetching data from https://lankabd.com/Home/DataMatrix...
2026-04-04 17:41:13,371 [INFO] Successfully fetched the page
2026-04-04 17:41:13,618 [INFO] Filtered data for sector: Jute (3 rows)
2026-04-04 17:41:13,619 [INFO] Successfully fetched 3 rows
2026-04-04 17:41:14,624 [INFO] 
--- Fetching data for sector: Miscellaneous ---
2026-04-04 17:41:14,624 [INFO] Fetching data from https://lankabd.com/Home/DataMatrix...
2026-04-04 17:41:14,827 [INFO] Successfully fetched the page
2026-04-04 17:41:15,021 [INFO] Filtered data for sector: Miscellaneous (15 rows)
2026-04-04 17:41:15,021 [INFO] Successfully fetched 15 rows
2026-04-04 17:41:16,026 [INFO] 
--- Fetching data for sector: Mutual Funds ---
2026-04-04 17:41:16,027 [INFO] Fetching data from https://lankabd.com/Home/DataMatrix...
2026-04-04 17:41:16,243 [INFO] Successfully fetched the page
2026-04-04 17:41:16,485 [INFO] Filtered data for sector: Mutual Funds (36 rows)
2026-04-04 17:41:16,486 [INFO] Successfully fetched 36 rows
2026-04-04 17:41:17,491 [INFO] 
--- Fetching data for sector: Paper & Printing ---
2026-04-04 17:41:17,491 [INFO] Fetching data from https://lankabd.com/Home/DataMatrix...
2026-04-04 17:41:17,712 [INFO] Successfully fetched the page
2026-04-04 17:41:17,893 [INFO] Filtered data for sector: Paper & Printing (6 rows)
2026-04-04 17:41:17,894 [INFO] Successfully fetched 6 rows
2026-04-04 17:41:18,899 [INFO] 
--- Fetching data for sector: Pharmaceuticals & Chemicals ---
2026-04-04 17:41:18,899 [INFO] Fetching data from https://lankabd.com/Home/DataMatrix...
2026-04-04 17:41:19,112 [INFO] Successfully fetched the page
2026-04-04 17:41:19,346 [INFO] Filtered data for sector: Pharmaceuticals & Chemicals (35 rows)
2026-04-04 17:41:19,347 [INFO] Successfully fetched 35 rows
2026-04-04 17:41:20,352 [INFO] 
--- Fetching data for sector: Services & Real Estate ---
2026-04-04 17:41:20,352 [INFO] Fetching data from https://lankabd.com/Home/DataMatrix...
2026-04-04 17:41:20,624 [INFO] Successfully fetched the page
2026-04-04 17:41:20,813 [INFO] Filtered data for sector: Services & Real Estate (4 rows)
2026-04-04 17:41:20,814 [INFO] Successfully fetched 4 rows
2026-04-04 17:41:21,819 [INFO] 
--- Fetching data for sector: Stock Brokers ---
2026-04-04 17:41:21,819 [INFO] Fetching data from https://lankabd.com/Home/DataMatrix...
2026-04-04 17:41:22,046 [INFO] Successfully fetched the page
2026-04-04 17:41:22,289 [INFO] Filtered data for sector: Stock Brokers (1 rows)
2026-04-04 17:41:22,290 [INFO] Successfully fetched 1 rows
2026-04-04 17:41:23,295 [INFO] 
--- Fetching data for sector: Tannery Industries ---
2026-04-04 17:41:23,295 [INFO] Fetching data from https://lankabd.com/Home/DataMatrix...
2026-04-04 17:41:23,506 [INFO] Successfully fetched the page
2026-04-04 17:41:23,738 [INFO] Filtered data for sector: Tannery Industries (6 rows)
2026-04-04 17:41:23,738 [INFO] Successfully fetched 6 rows
2026-04-04 17:41:24,743 [INFO] 
--- Fetching data for sector: Telecommunication ---
2026-04-04 17:41:24,744 [INFO] Fetching data from https://lankabd.com/Home/DataMatrix...
2026-04-04 17:41:24,949 [INFO] Successfully fetched the page
2026-04-04 17:41:25,142 [INFO] Filtered data for sector: Telecommunication (3 rows)
2026-04-04 17:41:25,142 [INFO] Successfully fetched 3 rows
2026-04-04 17:41:26,147 [INFO] 
--- Fetching data for sector: Textile ---
2026-04-04 17:41:26,148 [INFO] Fetching data from https://lankabd.com/Home/DataMatrix...
2026-04-04 17:41:26,363 [INFO] Successfully fetched the page
2026-04-04 17:41:26,613 [INFO] Filtered data for sector: Textile (58 rows)
2026-04-04 17:41:26,614 [INFO] Successfully fetched 58 rows
2026-04-04 17:41:27,619 [INFO] 
--- Fetching data for sector: Travel & Leisure ---
2026-04-04 17:41:27,619 [INFO] Fetching data from https://lankabd.com/Home/DataMatrix...
2026-04-04 17:41:27,857 [INFO] Successfully fetched the page
2026-04-04 17:41:28,043 [INFO] Filtered data for sector: Travel & Leisure (5 rows)
2026-04-04 17:41:28,044 [INFO] Successfully fetched 5 rows
2026-04-04 17:41:29,052 [INFO] 
✓ Combined data saved to lankabd_data_all_sectors.csv
2026-04-04 17:41:30,336 [INFO] ✓ Data successfully uploaded to Supabase.
