2026-04-05 20:26:09,871 [INFO] Fetching available sectors...
2026-04-05 20:26:13,648 [INFO] Found 23 sectors
2026-04-05 20:26:13,649 [INFO] 
--- Fetching data for sector: Bank ---
2026-04-05 20:26:13,649 [INFO] Fetching data from https://lankabd.com/Home/DataMatrix...
2026-04-05 20:26:13,993 [INFO] Successfully fetched the page
2026-04-05 20:26:14,192 [INFO] Filtered data for sector: Bank (36 rows)
2026-04-05 20:26:14,193 [INFO] Successfully fetched 36 rows
2026-04-05 20:26:15,198 [INFO] 
--- Fetching data for sector: Cement ---
2026-04-05 20:26:15,198 [INFO] Fetching data from https://lankabd.com/Home/DataMatrix...
2026-04-05 20:26:15,425 [INFO] Successfully fetched the page
2026-04-05 20:26:15,671 [INFO] Filtered data for sector: Cement (7 rows)
2026-04-05 20:26:15,671 [INFO] Successfully fetched 7 rows
2026-04-05 20:26:16,676 [INFO] 
--- Fetching data for sector: Ceramics Sector ---
2026-04-05 20:26:16,677 [INFO] Fetching data from https://lankabd.com/Home/DataMatrix...
2026-04-05 20:26:16,932 [INFO] Successfully fetched the page
2026-04-05 20:26:17,166 [INFO] Filtered data for sector: Ceramics Sector (5 rows)
2026-04-05 20:26:17,167 [INFO] Successfully fetched 5 rows
2026-04-05 20:26:18,172 [INFO] 
--- Fetching data for sector: Corporate Bond ---
2026-04-05 20:26:18,172 [INFO] Fetching data from https://lankabd.com/Home/DataMatrix...
2026-04-05 20:26:18,414 [INFO] Successfully fetched the page
2026-04-05 20:26:18,604 [INFO] Filtered data for sector: Corporate Bond (16 rows)
2026-04-05 20:26:18,605 [INFO] Successfully fetched 16 rows
2026-04-05 20:26:19,610 [INFO] 
--- Fetching data for sector: Debenture ---
2026-04-05 20:26:19,610 [INFO] Fetching data from https://lankabd.com/Home/DataMatrix...
2026-04-05 20:26:19,929 [INFO] Successfully fetched the page
2026-04-05 20:26:20,170 [INFO] Filtered data for sector: Debenture (0 rows)
2026-04-05 20:26:20,171 [WARNING] No data for sector: Debenture
2026-04-05 20:26:21,176 [INFO] 
--- Fetching data for sector: Engineering ---
2026-04-05 20:26:21,176 [INFO] Fetching data from https://lankabd.com/Home/DataMatrix...
2026-04-05 20:26:21,391 [INFO] Successfully fetched the page
2026-04-05 20:26:21,565 [INFO] Filtered data for sector: Engineering (42 rows)
2026-04-05 20:26:21,565 [INFO] Successfully fetched 42 rows
2026-04-05 20:26:22,571 [INFO] 
--- Fetching data for sector: Financial Institutions ---
2026-04-05 20:26:22,571 [INFO] Fetching data from https://lankabd.com/Home/DataMatrix...
2026-04-05 20:26:22,778 [INFO] Successfully fetched the page
2026-04-05 20:26:23,024 [INFO] Filtered data for sector: Financial Institutions (23 rows)
2026-04-05 20:26:23,025 [INFO] Successfully fetched 23 rows
2026-04-05 20:26:24,030 [INFO] 
--- Fetching data for sector: Food & Allied ---
2026-04-05 20:26:24,030 [INFO] Fetching data from https://lankabd.com/Home/DataMatrix...
2026-04-05 20:26:24,350 [INFO] Successfully fetched the page
2026-04-05 20:26:24,540 [INFO] Filtered data for sector: Food & Allied (21 rows)
2026-04-05 20:26:24,540 [INFO] Successfully fetched 21 rows
2026-04-05 20:26:25,545 [INFO] 
--- Fetching data for sector: Fuel & Power ---
2026-04-05 20:26:25,546 [INFO] Fetching data from https://lankabd.com/Home/DataMatrix...
2026-04-05 20:26:26,493 [INFO] Successfully fetched the page
2026-04-05 20:26:26,734 [INFO] Filtered data for sector: Fuel & Power (23 rows)
2026-04-05 20:26:26,734 [INFO] Successfully fetched 23 rows
2026-04-05 20:26:27,740 [INFO] 
--- Fetching data for sector: G-SEC (T.Bond) ---
2026-04-05 20:26:27,740 [INFO] Fetching data from https://lankabd.com/Home/DataMatrix...
2026-04-05 20:26:28,039 [INFO] Successfully fetched the page
2026-04-05 20:26:28,229 [INFO] Filtered data for sector: G-SEC (T.Bond) (0 rows)
2026-04-05 20:26:28,229 [WARNING] No data for sector: G-SEC (T.Bond)
2026-04-05 20:26:29,234 [INFO] 
--- Fetching data for sector: Insurance ---
2026-04-05 20:26:29,234 [INFO] Fetching data from https://lankabd.com/Home/DataMatrix...
2026-04-05 20:26:29,485 [INFO] Successfully fetched the page
2026-04-05 20:26:29,724 [INFO] Filtered data for sector: Insurance (58 rows)
2026-04-05 20:26:29,725 [INFO] Successfully fetched 58 rows
2026-04-05 20:26:30,730 [INFO] 
--- Fetching data for sector: IT Sector ---
2026-04-05 20:26:30,730 [INFO] Fetching data from https://lankabd.com/Home/DataMatrix...
2026-04-05 20:26:30,951 [INFO] Successfully fetched the page
2026-04-05 20:26:31,135 [INFO] Filtered data for sector: IT Sector (11 rows)
2026-04-05 20:26:31,135 [INFO] Successfully fetched 11 rows
2026-04-05 20:26:32,140 [INFO] 
--- Fetching data for sector: Jute ---
2026-04-05 20:26:32,141 [INFO] Fetching data from https://lankabd.com/Home/DataMatrix...
2026-04-05 20:26:32,387 [INFO] Successfully fetched the page
2026-04-05 20:26:32,633 [INFO] Filtered data for sector: Jute (3 rows)
2026-04-05 20:26:32,633 [INFO] Successfully fetched 3 rows
2026-04-05 20:26:33,638 [INFO] 
--- Fetching data for sector: Miscellaneous ---
2026-04-05 20:26:33,639 [INFO] Fetching data from https://lankabd.com/Home/DataMatrix...
2026-04-05 20:26:33,971 [INFO] Successfully fetched the page
2026-04-05 20:26:34,145 [INFO] Filtered data for sector: Miscellaneous (15 rows)
2026-04-05 20:26:34,146 [INFO] Successfully fetched 15 rows
2026-04-05 20:26:35,151 [INFO] 
--- Fetching data for sector: Mutual Funds ---
2026-04-05 20:26:35,151 [INFO] Fetching data from https://lankabd.com/Home/DataMatrix...
2026-04-05 20:26:35,795 [INFO] Successfully fetched the page
2026-04-05 20:26:36,039 [INFO] Filtered data for sector: Mutual Funds (36 rows)
2026-04-05 20:26:36,040 [INFO] Successfully fetched 36 rows
2026-04-05 20:26:37,045 [INFO] 
--- Fetching data for sector: Paper & Printing ---
2026-04-05 20:26:37,045 [INFO] Fetching data from https://lankabd.com/Home/DataMatrix...
2026-04-05 20:26:37,356 [INFO] Successfully fetched the page
2026-04-05 20:26:37,542 [INFO] Filtered data for sector: Paper & Printing (6 rows)
2026-04-05 20:26:37,542 [INFO] Successfully fetched 6 rows
2026-04-05 20:26:38,547 [INFO] 
--- Fetching data for sector: Pharmaceuticals & Chemicals ---
2026-04-05 20:26:38,548 [INFO] Fetching data from https://lankabd.com/Home/DataMatrix...
2026-04-05 20:26:38,759 [INFO] Successfully fetched the page
2026-04-05 20:26:38,990 [INFO] Filtered data for sector: Pharmaceuticals & Chemicals (34 rows)
2026-04-05 20:26:38,991 [INFO] Successfully fetched 34 rows
2026-04-05 20:26:39,996 [INFO] 
--- Fetching data for sector: Services & Real Estate ---
2026-04-05 20:26:39,996 [INFO] Fetching data from https://lankabd.com/Home/DataMatrix...
2026-04-05 20:26:40,634 [INFO] Successfully fetched the page
2026-04-05 20:26:40,815 [INFO] Filtered data for sector: Services & Real Estate (4 rows)
2026-04-05 20:26:40,816 [INFO] Successfully fetched 4 rows
2026-04-05 20:26:41,821 [INFO] 
--- Fetching data for sector: Stock Brokers ---
2026-04-05 20:26:41,821 [INFO] Fetching data from https://lankabd.com/Home/DataMatrix...
2026-04-05 20:26:42,117 [INFO] Successfully fetched the page
2026-04-05 20:26:42,353 [INFO] Filtered data for sector: Stock Brokers (1 rows)
2026-04-05 20:26:42,354 [INFO] Successfully fetched 1 rows
2026-04-05 20:26:43,359 [INFO] 
--- Fetching data for sector: Tannery Industries ---
2026-04-05 20:26:43,359 [INFO] Fetching data from https://lankabd.com/Home/DataMatrix...
2026-04-05 20:26:44,058 [INFO] Successfully fetched the page
2026-04-05 20:26:44,279 [INFO] Filtered data for sector: Tannery Industries (6 rows)
2026-04-05 20:26:44,279 [INFO] Successfully fetched 6 rows
2026-04-05 20:26:45,284 [INFO] 
--- Fetching data for sector: Telecommunication ---
2026-04-05 20:26:45,285 [INFO] Fetching data from https://lankabd.com/Home/DataMatrix...
2026-04-05 20:26:45,509 [INFO] Successfully fetched the page
2026-04-05 20:26:45,698 [INFO] Filtered data for sector: Telecommunication (3 rows)
2026-04-05 20:26:45,699 [INFO] Successfully fetched 3 rows
2026-04-05 20:26:46,704 [INFO] 
--- Fetching data for sector: Textile ---
2026-04-05 20:26:46,704 [INFO] Fetching data from https://lankabd.com/Home/DataMatrix...
2026-04-05 20:26:46,951 [INFO] Successfully fetched the page
2026-04-05 20:26:47,198 [INFO] Filtered data for sector: Textile (58 rows)
2026-04-05 20:26:47,198 [INFO] Successfully fetched 58 rows
2026-04-05 20:26:48,203 [INFO] 
--- Fetching data for sector: Travel & Leisure ---
2026-04-05 20:26:48,204 [INFO] Fetching data from https://lankabd.com/Home/DataMatrix...
2026-04-05 20:26:48,423 [INFO] Successfully fetched the page
2026-04-05 20:26:48,609 [INFO] Filtered data for sector: Travel & Leisure (5 rows)
2026-04-05 20:26:48,610 [INFO] Successfully fetched 5 rows
2026-04-05 20:26:49,626 [INFO] 
✓ Combined data saved to lankabd_data_all_sectors.csv
2026-04-05 20:26:52,272 [INFO] ✓ Data successfully uploaded to Supabase.
