2026-04-05 21:10:46,339 [INFO] Extracted 413 unique symbols from lankabd_data_all_sectors.csv
2026-04-05 21:10:46,339 [INFO] Total symbols to process: 413
2026-04-05 21:10:49,060 [INFO] [1/413] Fetching price data for ABBANK (from 2026-02-27)...
2026-04-05 21:10:49,060 [INFO] Starting scrape for symbol=ABBANK, range=2026-02-27 to 2026-04-05
2026-04-05 21:10:50,498 [INFO] Successfully parsed data for ABBANK (20 rows)
2026-04-05 21:10:50,692 [ERROR] Error uploading ABBANK: {'message': "Could not find the 'Audited PE' column of 'lankabd_price_archive' in the schema cache", 'code': 'PGRST204', 'hint': None, 'details': None}
2026-04-05 21:10:51,401 [INFO] [2/413] Fetching price data for ALARABANK (from 2026-02-27)...
2026-04-05 21:10:51,401 [INFO] Starting scrape for symbol=ALARABANK, range=2026-02-27 to 2026-04-05
2026-04-05 21:10:52,716 [INFO] Successfully parsed data for ALARABANK (20 rows)
2026-04-05 21:10:52,888 [ERROR] Error uploading ALARABANK: {'message': "Could not find the 'Audited PE' column of 'lankabd_price_archive' in the schema cache", 'code': 'PGRST204', 'hint': None, 'details': None}
2026-04-05 21:10:53,587 [INFO] [3/413] Fetching price data for BANKASIA (from 2026-02-27)...
2026-04-05 21:10:53,587 [INFO] Starting scrape for symbol=BANKASIA, range=2026-02-27 to 2026-04-05
2026-04-05 21:10:54,940 [INFO] Successfully parsed data for BANKASIA (20 rows)
2026-04-05 21:10:55,109 [ERROR] Error uploading BANKASIA: {'message': "Could not find the 'Audited PE' column of 'lankabd_price_archive' in the schema cache", 'code': 'PGRST204', 'hint': None, 'details': None}
2026-04-05 21:10:55,791 [INFO] [4/413] Fetching price data for BRACBANK (from 2026-02-27)...
2026-04-05 21:10:55,791 [INFO] Starting scrape for symbol=BRACBANK, range=2026-02-27 to 2026-04-05
2026-04-05 21:10:57,153 [INFO] Successfully parsed data for BRACBANK (20 rows)
2026-04-05 21:10:57,321 [ERROR] Error uploading BRACBANK: {'message': "Could not find the 'Audited PE' column of 'lankabd_price_archive' in the schema cache", 'code': 'PGRST204', 'hint': None, 'details': None}
2026-04-05 21:10:57,997 [INFO] [5/413] Fetching price data for CITYBANK (from 2026-02-27)...
2026-04-05 21:10:57,997 [INFO] Starting scrape for symbol=CITYBANK, range=2026-02-27 to 2026-04-05
2026-04-05 21:10:59,335 [INFO] Successfully parsed data for CITYBANK (20 rows)
2026-04-05 21:10:59,495 [ERROR] Error uploading CITYBANK: {'message': "Could not find the 'Audited PE' column of 'lankabd_price_archive' in the schema cache", 'code': 'PGRST204', 'hint': None, 'details': None}
2026-04-05 21:11:00,184 [INFO] [6/413] Fetching price data for DHAKABANK (from 2026-02-27)...
2026-04-05 21:11:00,184 [INFO] Starting scrape for symbol=DHAKABANK, range=2026-02-27 to 2026-04-05
2026-04-05 21:11:01,546 [INFO] Successfully parsed data for DHAKABANK (20 rows)
2026-04-05 21:11:01,714 [ERROR] Error uploading DHAKABANK: {'message': "Could not find the 'Audited PE' column of 'lankabd_price_archive' in the schema cache", 'code': 'PGRST204', 'hint': None, 'details': None}
2026-04-05 21:11:02,405 [INFO] [7/413] Fetching price data for DUTCHBANGL (from 2026-02-27)...
2026-04-05 21:11:02,405 [INFO] Starting scrape for symbol=DUTCHBANGL, range=2026-02-27 to 2026-04-05
2026-04-05 21:11:03,750 [INFO] Successfully parsed data for DUTCHBANGL (20 rows)
2026-04-05 21:11:03,918 [ERROR] Error uploading DUTCHBANGL: {'message': "Could not find the 'Audited PE' column of 'lankabd_price_archive' in the schema cache", 'code': 'PGRST204', 'hint': None, 'details': None}
2026-04-05 21:11:04,595 [INFO] [8/413] Fetching price data for EBL (from 2026-02-27)...
2026-04-05 21:11:04,595 [INFO] Starting scrape for symbol=EBL, range=2026-02-27 to 2026-04-05
2026-04-05 21:11:05,977 [INFO] Successfully parsed data for EBL (20 rows)
2026-04-05 21:11:06,142 [ERROR] Error uploading EBL: {'message': "Could not find the 'Audited PE' column of 'lankabd_price_archive' in the schema cache", 'code': 'PGRST204', 'hint': None, 'details': None}
2026-04-05 21:11:06,819 [INFO] [9/413] Fetching price data for EXIMBANK (from 2026-02-27)...
2026-04-05 21:11:06,819 [INFO] Starting scrape for symbol=EXIMBANK, range=2026-02-27 to 2026-04-05
2026-04-05 21:11:08,196 [INFO] Successfully parsed data for EXIMBANK (20 rows)
2026-04-05 21:11:08,360 [ERROR] Error uploading EXIMBANK: {'message': "Could not find the 'Audited PE' column of 'lankabd_price_archive' in the schema cache", 'code': 'PGRST204', 'hint': None, 'details': None}
2026-04-05 21:11:09,039 [INFO] [10/413] Fetching price data for FIRSTSBANK (from 2026-02-27)...
2026-04-05 21:11:09,040 [INFO] Starting scrape for symbol=FIRSTSBANK, range=2026-02-27 to 2026-04-05
2026-04-05 21:11:10,390 [INFO] Successfully parsed data for FIRSTSBANK (20 rows)
2026-04-05 21:11:10,557 [ERROR] Error uploading FIRSTSBANK: {'message': "Could not find the 'Audited PE' column of 'lankabd_price_archive' in the schema cache", 'code': 'PGRST204', 'hint': None, 'details': None}
2026-04-05 21:11:11,236 [INFO] [11/413] Fetching price data for GIB (from 2026-02-27)...
2026-04-05 21:11:11,236 [INFO] Starting scrape for symbol=GIB, range=2026-02-27 to 2026-04-05
2026-04-05 21:11:12,604 [INFO] Successfully parsed data for GIB (20 rows)
2026-04-05 21:11:12,767 [ERROR] Error uploading GIB: {'message': "Could not find the 'Audited PE' column of 'lankabd_price_archive' in the schema cache", 'code': 'PGRST204', 'hint': None, 'details': None}
2026-04-05 21:11:13,445 [INFO] [12/413] Fetching price data for ICBIBANK (from 2026-02-27)...
2026-04-05 21:11:13,446 [INFO] Starting scrape for symbol=ICBIBANK, range=2026-02-27 to 2026-04-05
2026-04-05 21:11:14,752 [INFO] Successfully parsed data for ICBIBANK (20 rows)
2026-04-05 21:11:14,943 [ERROR] Error uploading ICBIBANK: {'message': "Could not find the 'Audited PE' column of 'lankabd_price_archive' in the schema cache", 'code': 'PGRST204', 'hint': None, 'details': None}
2026-04-05 21:11:15,618 [INFO] [13/413] Fetching price data for IFIC (from 2026-02-27)...
2026-04-05 21:11:15,618 [INFO] Starting scrape for symbol=IFIC, range=2026-02-27 to 2026-04-05
2026-04-05 21:11:16,954 [INFO] Successfully parsed data for IFIC (20 rows)
2026-04-05 21:11:17,128 [ERROR] Error uploading IFIC: {'message': "Could not find the 'Audited PE' column of 'lankabd_price_archive' in the schema cache", 'code': 'PGRST204', 'hint': None, 'details': None}
2026-04-05 21:11:17,811 [INFO] [14/413] Fetching price data for ISLAMIBANK (from 2026-02-27)...
2026-04-05 21:11:17,811 [INFO] Starting scrape for symbol=ISLAMIBANK, range=2026-02-27 to 2026-04-05
2026-04-05 21:11:19,112 [INFO] Successfully parsed data for ISLAMIBANK (20 rows)
2026-04-05 21:11:19,279 [ERROR] Error uploading ISLAMIBANK: {'message': "Could not find the 'Audited PE' column of 'lankabd_price_archive' in the schema cache", 'code': 'PGRST204', 'hint': None, 'details': None}
2026-04-05 21:11:19,963 [INFO] [15/413] Fetching price data for JAMUNABANK (from 2026-02-27)...
2026-04-05 21:11:19,963 [INFO] Starting scrape for symbol=JAMUNABANK, range=2026-02-27 to 2026-04-05
2026-04-05 21:11:21,281 [INFO] Successfully parsed data for JAMUNABANK (20 rows)
2026-04-05 21:11:21,450 [ERROR] Error uploading JAMUNABANK: {'message': "Could not find the 'Audited PE' column of 'lankabd_price_archive' in the schema cache", 'code': 'PGRST204', 'hint': None, 'details': None}
2026-04-05 21:11:22,130 [INFO] [16/413] Fetching price data for MERCANBANK (from 2026-02-27)...
2026-04-05 21:11:22,131 [INFO] Starting scrape for symbol=MERCANBANK, range=2026-02-27 to 2026-04-05
2026-04-05 21:11:23,464 [INFO] Successfully parsed data for MERCANBANK (20 rows)
2026-04-05 21:11:23,630 [ERROR] Error uploading MERCANBANK: {'message': "Could not find the 'Audited PE' column of 'lankabd_price_archive' in the schema cache", 'code': 'PGRST204', 'hint': None, 'details': None}
2026-04-05 21:11:24,306 [INFO] [17/413] Fetching price data for MIDLANDBNK (from 2026-02-27)...
2026-04-05 21:11:24,306 [INFO] Starting scrape for symbol=MIDLANDBNK, range=2026-02-27 to 2026-04-05
2026-04-05 21:11:25,633 [INFO] Successfully parsed data for MIDLANDBNK (20 rows)
2026-04-05 21:11:25,795 [ERROR] Error uploading MIDLANDBNK: {'message': "Could not find the 'Audited PE' column of 'lankabd_price_archive' in the schema cache", 'code': 'PGRST204', 'hint': None, 'details': None}
2026-04-05 21:11:26,475 [INFO] [18/413] Fetching price data for MTB (from 2026-02-27)...
2026-04-05 21:11:26,475 [INFO] Starting scrape for symbol=MTB, range=2026-02-27 to 2026-04-05
2026-04-05 21:11:27,808 [INFO] Successfully parsed data for MTB (20 rows)
2026-04-05 21:11:27,980 [ERROR] Error uploading MTB: {'message': "Could not find the 'Audited PE' column of 'lankabd_price_archive' in the schema cache", 'code': 'PGRST204', 'hint': None, 'details': None}
2026-04-05 21:11:28,658 [INFO] [19/413] Fetching price data for NBL (from 2026-02-27)...
2026-04-05 21:11:28,659 [INFO] Starting scrape for symbol=NBL, range=2026-02-27 to 2026-04-05
2026-04-05 21:11:30,018 [INFO] Successfully parsed data for NBL (20 rows)
2026-04-05 21:11:30,187 [ERROR] Error uploading NBL: {'message': "Could not find the 'Audited PE' column of 'lankabd_price_archive' in the schema cache", 'code': 'PGRST204', 'hint': None, 'details': None}
2026-04-05 21:11:30,864 [INFO] [20/413] Fetching price data for NCCBANK (from 2026-02-27)...
2026-04-05 21:11:30,865 [INFO] Starting scrape for symbol=NCCBANK, range=2026-02-27 to 2026-04-05
2026-04-05 21:11:32,292 [INFO] Successfully parsed data for NCCBANK (20 rows)
2026-04-05 21:11:32,454 [ERROR] Error uploading NCCBANK: {'message': "Could not find the 'Audited PE' column of 'lankabd_price_archive' in the schema cache", 'code': 'PGRST204', 'hint': None, 'details': None}
2026-04-05 21:11:33,146 [INFO] [21/413] Fetching price data for NRBBANK (from 2026-02-27)...
2026-04-05 21:11:33,146 [INFO] Starting scrape for symbol=NRBBANK, range=2026-02-27 to 2026-04-05
2026-04-05 21:11:34,452 [INFO] Successfully parsed data for NRBBANK (20 rows)
2026-04-05 21:11:34,625 [ERROR] Error uploading NRBBANK: {'message': "Could not find the 'Audited PE' column of 'lankabd_price_archive' in the schema cache", 'code': 'PGRST204', 'hint': None, 'details': None}
2026-04-05 21:11:35,316 [INFO] [22/413] Fetching price data for NRBCBANK (from 2026-02-27)...
2026-04-05 21:11:35,316 [INFO] Starting scrape for symbol=NRBCBANK, range=2026-02-27 to 2026-04-05
2026-04-05 21:11:36,619 [INFO] Successfully parsed data for NRBCBANK (20 rows)
2026-04-05 21:11:36,785 [ERROR] Error uploading NRBCBANK: {'message': "Could not find the 'Audited PE' column of 'lankabd_price_archive' in the schema cache", 'code': 'PGRST204', 'hint': None, 'details': None}
2026-04-05 21:11:37,462 [INFO] [23/413] Fetching price data for ONEBANKPLC (from 2026-02-27)...
2026-04-05 21:11:37,462 [INFO] Starting scrape for symbol=ONEBANKPLC, range=2026-02-27 to 2026-04-05
2026-04-05 21:11:38,854 [INFO] Successfully parsed data for ONEBANKPLC (20 rows)
2026-04-05 21:11:39,025 [ERROR] Error uploading ONEBANKPLC: {'message': "Could not find the 'Audited PE' column of 'lankabd_price_archive' in the schema cache", 'code': 'PGRST204', 'hint': None, 'details': None}
2026-04-05 21:11:39,714 [INFO] [24/413] Fetching price data for PREMIERBAN (from 2026-02-27)...
2026-04-05 21:11:39,714 [INFO] Starting scrape for symbol=PREMIERBAN, range=2026-02-27 to 2026-04-05
2026-04-05 21:11:41,050 [INFO] Successfully parsed data for PREMIERBAN (20 rows)
2026-04-05 21:11:41,211 [ERROR] Error uploading PREMIERBAN: {'message': "Could not find the 'Audited PE' column of 'lankabd_price_archive' in the schema cache", 'code': 'PGRST204', 'hint': None, 'details': None}
2026-04-05 21:11:41,896 [INFO] [25/413] Fetching price data for PRIMEBANK (from 2026-02-27)...
2026-04-05 21:11:41,896 [INFO] Starting scrape for symbol=PRIMEBANK, range=2026-02-27 to 2026-04-05
2026-04-05 21:11:43,232 [INFO] Successfully parsed data for PRIMEBANK (20 rows)
2026-04-05 21:11:43,398 [ERROR] Error uploading PRIMEBANK: {'message': "Could not find the 'Audited PE' column of 'lankabd_price_archive' in the schema cache", 'code': 'PGRST204', 'hint': None, 'details': None}
2026-04-05 21:11:44,080 [INFO] [26/413] Fetching price data for PUBALIBANK (from 2026-02-27)...
2026-04-05 21:11:44,080 [INFO] Starting scrape for symbol=PUBALIBANK, range=2026-02-27 to 2026-04-05
2026-04-05 21:11:45,525 [INFO] Successfully parsed data for PUBALIBANK (20 rows)
2026-04-05 21:11:45,721 [ERROR] Error uploading PUBALIBANK: {'message': "Could not find the 'Audited PE' column of 'lankabd_price_archive' in the schema cache", 'code': 'PGRST204', 'hint': None, 'details': None}
2026-04-05 21:11:46,400 [INFO] [27/413] Fetching price data for RUPALIBANK (from 2026-02-27)...
2026-04-05 21:11:46,400 [INFO] Starting scrape for symbol=RUPALIBANK, range=2026-02-27 to 2026-04-05
2026-04-05 21:11:47,748 [INFO] Successfully parsed data for RUPALIBANK (20 rows)
2026-04-05 21:11:47,921 [ERROR] Error uploading RUPALIBANK: {'message': "Could not find the 'Audited PE' column of 'lankabd_price_archive' in the schema cache", 'code': 'PGRST204', 'hint': None, 'details': None}
2026-04-05 21:11:48,613 [INFO] [28/413] Fetching price data for SBACBANK (from 2026-02-27)...
2026-04-05 21:11:48,613 [INFO] Starting scrape for symbol=SBACBANK, range=2026-02-27 to 2026-04-05
2026-04-05 21:11:49,967 [INFO] Successfully parsed data for SBACBANK (20 rows)
2026-04-05 21:11:50,141 [ERROR] Error uploading SBACBANK: {'message': "Could not find the 'Audited PE' column of 'lankabd_price_archive' in the schema cache", 'code': 'PGRST204', 'hint': None, 'details': None}
2026-04-05 21:11:50,818 [INFO] [29/413] Fetching price data for SHAHJABANK (from 2026-02-27)...
2026-04-05 21:11:50,818 [INFO] Starting scrape for symbol=SHAHJABANK, range=2026-02-27 to 2026-04-05
2026-04-05 21:11:52,182 [INFO] Successfully parsed data for SHAHJABANK (20 rows)
2026-04-05 21:11:52,377 [ERROR] Error uploading SHAHJABANK: {'message': "Could not find the 'Audited PE' column of 'lankabd_price_archive' in the schema cache", 'code': 'PGRST204', 'hint': None, 'details': None}
2026-04-05 21:11:53,056 [INFO] [30/413] Fetching price data for SIBL (from 2026-02-27)...
2026-04-05 21:11:53,057 [INFO] Starting scrape for symbol=SIBL, range=2026-02-27 to 2026-04-05
2026-04-05 21:11:54,453 [INFO] Successfully parsed data for SIBL (20 rows)
2026-04-05 21:11:54,616 [ERROR] Error uploading SIBL: {'message': "Could not find the 'Audited PE' column of 'lankabd_price_archive' in the schema cache", 'code': 'PGRST204', 'hint': None, 'details': None}
2026-04-05 21:11:55,300 [INFO] [31/413] Fetching price data for SOUTHEASTB (from 2026-02-27)...
2026-04-05 21:11:55,300 [INFO] Starting scrape for symbol=SOUTHEASTB, range=2026-02-27 to 2026-04-05
2026-04-05 21:11:56,678 [INFO] Successfully parsed data for SOUTHEASTB (20 rows)
2026-04-05 21:11:56,841 [ERROR] Error uploading SOUTHEASTB: {'message': "Could not find the 'Audited PE' column of 'lankabd_price_archive' in the schema cache", 'code': 'PGRST204', 'hint': None, 'details': None}
2026-04-05 21:11:57,525 [INFO] [32/413] Fetching price data for STANDBANKL (from 2026-02-27)...
2026-04-05 21:11:57,525 [INFO] Starting scrape for symbol=STANDBANKL, range=2026-02-27 to 2026-04-05
2026-04-05 21:11:58,875 [INFO] Successfully parsed data for STANDBANKL (20 rows)
2026-04-05 21:11:59,052 [ERROR] Error uploading STANDBANKL: {'message': "Could not find the 'Audited PE' column of 'lankabd_price_archive' in the schema cache", 'code': 'PGRST204', 'hint': None, 'details': None}
2026-04-05 21:12:00,014 [INFO] [33/413] Fetching price data for TRUSTBANK (from 2026-02-27)...
2026-04-05 21:12:00,014 [INFO] Starting scrape for symbol=TRUSTBANK, range=2026-02-27 to 2026-04-05
2026-04-05 21:12:01,392 [INFO] Successfully parsed data for TRUSTBANK (20 rows)
2026-04-05 21:12:01,556 [ERROR] Error uploading TRUSTBANK: {'message': "Could not find the 'Audited PE' column of 'lankabd_price_archive' in the schema cache", 'code': 'PGRST204', 'hint': None, 'details': None}
2026-04-05 21:12:02,232 [INFO] [34/413] Fetching price data for UCB (from 2026-02-27)...
2026-04-05 21:12:02,232 [INFO] Starting scrape for symbol=UCB, range=2026-02-27 to 2026-04-05
2026-04-05 21:12:03,762 [INFO] Successfully parsed data for UCB (20 rows)
2026-04-05 21:12:03,930 [ERROR] Error uploading UCB: {'message': "Could not find the 'Audited PE' column of 'lankabd_price_archive' in the schema cache", 'code': 'PGRST204', 'hint': None, 'details': None}
2026-04-05 21:12:04,613 [INFO] [35/413] Fetching price data for UNIONBANK (from 2026-02-27)...
2026-04-05 21:12:04,613 [INFO] Starting scrape for symbol=UNIONBANK, range=2026-02-27 to 2026-04-05
2026-04-05 21:12:06,043 [INFO] Successfully parsed data for UNIONBANK (20 rows)
2026-04-05 21:12:06,214 [ERROR] Error uploading UNIONBANK: {'message': "Could not find the 'Audited PE' column of 'lankabd_price_archive' in the schema cache", 'code': 'PGRST204', 'hint': None, 'details': None}
2026-04-05 21:12:06,885 [INFO] [36/413] Fetching price data for UTTARABANK (from 2026-02-27)...
2026-04-05 21:12:06,886 [INFO] Starting scrape for symbol=UTTARABANK, range=2026-02-27 to 2026-04-05
2026-04-05 21:12:08,244 [INFO] Successfully parsed data for UTTARABANK (20 rows)
2026-04-05 21:12:08,431 [ERROR] Error uploading UTTARABANK: {'message': "Could not find the 'Audited PE' column of 'lankabd_price_archive' in the schema cache", 'code': 'PGRST204', 'hint': None, 'details': None}
2026-04-05 21:12:09,103 [INFO] [37/413] Fetching price data for ARAMITCEM (from 2026-02-27)...
2026-04-05 21:12:09,103 [INFO] Starting scrape for symbol=ARAMITCEM, range=2026-02-27 to 2026-04-05
2026-04-05 21:12:10,419 [INFO] Successfully parsed data for ARAMITCEM (20 rows)
2026-04-05 21:12:10,597 [ERROR] Error uploading ARAMITCEM: {'message': "Could not find the 'Audited PE' column of 'lankabd_price_archive' in the schema cache", 'code': 'PGRST204', 'hint': None, 'details': None}
2026-04-05 21:12:11,288 [INFO] [38/413] Fetching price data for CONFIDCEM (from 2026-02-27)...
2026-04-05 21:12:11,288 [INFO] Starting scrape for symbol=CONFIDCEM, range=2026-02-27 to 2026-04-05
2026-04-05 21:12:12,642 [INFO] Successfully parsed data for CONFIDCEM (20 rows)
2026-04-05 21:12:12,810 [ERROR] Error uploading CONFIDCEM: {'message': "Could not find the 'Audited PE' column of 'lankabd_price_archive' in the schema cache", 'code': 'PGRST204', 'hint': None, 'details': None}
2026-04-05 21:12:13,506 [INFO] [39/413] Fetching price data for CROWNCEMNT (from 2026-02-27)...
2026-04-05 21:12:13,506 [INFO] Starting scrape for symbol=CROWNCEMNT, range=2026-02-27 to 2026-04-05
2026-04-05 21:12:14,896 [INFO] Successfully parsed data for CROWNCEMNT (20 rows)
2026-04-05 21:12:15,072 [ERROR] Error uploading CROWNCEMNT: {'message': "Could not find the 'Audited PE' column of 'lankabd_price_archive' in the schema cache", 'code': 'PGRST204', 'hint': None, 'details': None}
2026-04-05 21:12:15,759 [INFO] [40/413] Fetching price data for HEIDELBCEM (from 2026-02-27)...
2026-04-05 21:12:15,759 [INFO] Starting scrape for symbol=HEIDELBCEM, range=2026-02-27 to 2026-04-05
2026-04-05 21:12:17,094 [INFO] Successfully parsed data for HEIDELBCEM (20 rows)
2026-04-05 21:12:17,259 [ERROR] Error uploading HEIDELBCEM: {'message': "Could not find the 'Audited PE' column of 'lankabd_price_archive' in the schema cache", 'code': 'PGRST204', 'hint': None, 'details': None}
2026-04-05 21:12:17,944 [INFO] [41/413] Fetching price data for LHB (from 2026-02-27)...
2026-04-05 21:12:17,945 [INFO] Starting scrape for symbol=LHB, range=2026-02-27 to 2026-04-05
2026-04-05 21:12:19,358 [INFO] Successfully parsed data for LHB (80 rows)
2026-04-05 21:12:19,561 [ERROR] Error uploading LHB: {'message': "Could not find the 'Audited PE' column of 'lankabd_price_archive' in the schema cache", 'code': 'PGRST204', 'hint': None, 'details': None}
2026-04-05 21:12:20,238 [INFO] [42/413] Fetching price data for MEGHNACEM (from 2026-02-27)...
2026-04-05 21:12:20,238 [INFO] Starting scrape for symbol=MEGHNACEM, range=2026-02-27 to 2026-04-05
2026-04-05 21:12:21,570 [INFO] Successfully parsed data for MEGHNACEM (20 rows)
2026-04-05 21:12:21,745 [ERROR] Error uploading MEGHNACEM: {'message': "Could not find the 'Audited PE' column of 'lankabd_price_archive' in the schema cache", 'code': 'PGRST204', 'hint': None, 'details': None}
2026-04-05 21:12:22,420 [INFO] [43/413] Fetching price data for PREMIERCEM (from 2026-02-27)...
2026-04-05 21:12:22,420 [INFO] Starting scrape for symbol=PREMIERCEM, range=2026-02-27 to 2026-04-05
2026-04-05 21:12:23,787 [INFO] Successfully parsed data for PREMIERCEM (20 rows)
2026-04-05 21:12:23,961 [ERROR] Error uploading PREMIERCEM: {'message': "Could not find the 'Audited PE' column of 'lankabd_price_archive' in the schema cache", 'code': 'PGRST204', 'hint': None, 'details': None}
2026-04-05 21:12:24,650 [INFO] [44/413] Fetching price data for FUWANGCER (from 2026-02-27)...
2026-04-05 21:12:24,650 [INFO] Starting scrape for symbol=FUWANGCER, range=2026-02-27 to 2026-04-05
2026-04-05 21:12:25,996 [INFO] Successfully parsed data for FUWANGCER (20 rows)
2026-04-05 21:12:26,168 [ERROR] Error uploading FUWANGCER: {'message': "Could not find the 'Audited PE' column of 'lankabd_price_archive' in the schema cache", 'code': 'PGRST204', 'hint': None, 'details': None}
2026-04-05 21:12:26,842 [INFO] [45/413] Fetching price data for MONNOCERA (from 2026-02-27)...
2026-04-05 21:12:26,842 [INFO] Starting scrape for symbol=MONNOCERA, range=2026-02-27 to 2026-04-05
2026-04-05 21:12:28,355 [INFO] Successfully parsed data for MONNOCERA (20 rows)
2026-04-05 21:12:28,523 [ERROR] Error uploading MONNOCERA: {'message': "Could not find the 'Audited PE' column of 'lankabd_price_archive' in the schema cache", 'code': 'PGRST204', 'hint': None, 'details': None}
2026-04-05 21:12:29,549 [INFO] [46/413] Fetching price data for RAKCERAMIC (from 2026-02-27)...
2026-04-05 21:12:29,549 [INFO] Starting scrape for symbol=RAKCERAMIC, range=2026-02-27 to 2026-04-05
2026-04-05 21:12:31,655 [INFO] Successfully parsed data for RAKCERAMIC (20 rows)
2026-04-05 21:12:31,819 [ERROR] Error uploading RAKCERAMIC: {'message': "Could not find the 'Audited PE' column of 'lankabd_price_archive' in the schema cache", 'code': 'PGRST204', 'hint': None, 'details': None}
2026-04-05 21:12:32,500 [INFO] [47/413] Fetching price data for SPCERAMICS (from 2026-02-27)...
2026-04-05 21:12:32,501 [INFO] Starting scrape for symbol=SPCERAMICS, range=2026-02-27 to 2026-04-05
2026-04-05 21:12:33,876 [INFO] Successfully parsed data for SPCERAMICS (20 rows)
2026-04-05 21:12:34,053 [ERROR] Error uploading SPCERAMICS: {'message': "Could not find the 'Audited PE' column of 'lankabd_price_archive' in the schema cache", 'code': 'PGRST204', 'hint': None, 'details': None}
2026-04-05 21:12:34,761 [INFO] [48/413] Fetching price data for STANCERAM (from 2026-02-27)...
2026-04-05 21:12:34,764 [INFO] Starting scrape for symbol=STANCERAM, range=2026-02-27 to 2026-04-05
2026-04-05 21:12:36,114 [INFO] Successfully parsed data for STANCERAM (20 rows)
2026-04-05 21:12:36,296 [ERROR] Error uploading STANCERAM: {'message': "Could not find the 'Audited PE' column of 'lankabd_price_archive' in the schema cache", 'code': 'PGRST204', 'hint': None, 'details': None}
2026-04-05 21:12:36,972 [INFO] [49/413] Fetching price data for ABBLPBOND (from 2026-02-27)...
2026-04-05 21:12:36,973 [INFO] Starting scrape for symbol=ABBLPBOND, range=2026-02-27 to 2026-04-05
2026-04-05 21:12:38,344 [INFO] Successfully parsed data for ABBLPBOND (20 rows)
2026-04-05 21:12:38,511 [ERROR] Error uploading ABBLPBOND: {'message': "Could not find the 'Audited PE' column of 'lankabd_price_archive' in the schema cache", 'code': 'PGRST204', 'hint': None, 'details': None}
2026-04-05 21:12:39,204 [INFO] [50/413] Fetching price data for AIBLPBOND (from 2026-02-27)...
2026-04-05 21:12:39,205 [INFO] Starting scrape for symbol=AIBLPBOND, range=2026-02-27 to 2026-04-05
2026-04-05 21:12:40,583 [INFO] Successfully parsed data for AIBLPBOND (20 rows)
2026-04-05 21:12:40,794 [ERROR] Error uploading AIBLPBOND: {'message': "Could not find the 'Audited PE' column of 'lankabd_price_archive' in the schema cache", 'code': 'PGRST204', 'hint': None, 'details': None}
2026-04-05 21:12:41,485 [INFO] [51/413] Fetching price data for APSCLBOND (from 2026-02-27)...
2026-04-05 21:12:41,485 [INFO] Starting scrape for symbol=APSCLBOND, range=2026-02-27 to 2026-04-05
2026-04-05 21:12:42,890 [INFO] Successfully parsed data for APSCLBOND (20 rows)
2026-04-05 21:12:43,064 [ERROR] Error uploading APSCLBOND: {'message': "Could not find the 'Audited PE' column of 'lankabd_price_archive' in the schema cache", 'code': 'PGRST204', 'hint': None, 'details': None}
2026-04-05 21:12:43,754 [INFO] [52/413] Fetching price data for BANKASI1PB (from 2026-02-27)...
2026-04-05 21:12:43,754 [INFO] Starting scrape for symbol=BANKASI1PB, range=2026-02-27 to 2026-04-05
2026-04-05 21:12:45,101 [INFO] Successfully parsed data for BANKASI1PB (20 rows)
2026-04-05 21:12:45,271 [ERROR] Error uploading BANKASI1PB: {'message': "Could not find the 'Audited PE' column of 'lankabd_price_archive' in the schema cache", 'code': 'PGRST204', 'hint': None, 'details': None}
2026-04-05 21:12:45,947 [INFO] [53/413] Fetching price data for BEXGSUKUK (from 2026-02-27)...
2026-04-05 21:12:45,947 [INFO] Starting scrape for symbol=BEXGSUKUK, range=2026-02-27 to 2026-04-05
2026-04-05 21:12:47,342 [INFO] Successfully parsed data for BEXGSUKUK (20 rows)
2026-04-05 21:12:47,528 [ERROR] Error uploading BEXGSUKUK: {'message': "Could not find the 'Audited PE' column of 'lankabd_price_archive' in the schema cache", 'code': 'PGRST204', 'hint': None, 'details': None}
2026-04-05 21:12:48,223 [INFO] [54/413] Fetching price data for CBLPBOND (from 2026-02-27)...
2026-04-05 21:12:48,223 [INFO] Starting scrape for symbol=CBLPBOND, range=2026-02-27 to 2026-04-05
2026-04-05 21:12:49,616 [INFO] Successfully parsed data for CBLPBOND (20 rows)
2026-04-05 21:12:49,795 [ERROR] Error uploading CBLPBOND: {'message': "Could not find the 'Audited PE' column of 'lankabd_price_archive' in the schema cache", 'code': 'PGRST204', 'hint': None, 'details': None}
2026-04-05 21:12:50,492 [INFO] [55/413] Fetching price data for DBLPBOND (from 2026-02-27)...
2026-04-05 21:12:50,492 [INFO] Starting scrape for symbol=DBLPBOND, range=2026-02-27 to 2026-04-05
2026-04-05 21:12:51,858 [INFO] Successfully parsed data for DBLPBOND (20 rows)
2026-04-05 21:12:52,026 [ERROR] Error uploading DBLPBOND: {'message': "Could not find the 'Audited PE' column of 'lankabd_price_archive' in the schema cache", 'code': 'PGRST204', 'hint': None, 'details': None}
2026-04-05 21:12:52,734 [INFO] [56/413] Fetching price data for IBBL2PBOND (from 2026-02-27)...
2026-04-05 21:12:52,734 [INFO] Starting scrape for symbol=IBBL2PBOND, range=2026-02-27 to 2026-04-05
2026-04-05 21:12:54,230 [INFO] Successfully parsed data for IBBL2PBOND (20 rows)
2026-04-05 21:12:54,403 [ERROR] Error uploading IBBL2PBOND: {'message': "Could not find the 'Audited PE' column of 'lankabd_price_archive' in the schema cache", 'code': 'PGRST204', 'hint': None, 'details': None}
2026-04-05 21:12:55,092 [INFO] [57/413] Fetching price data for IBBLPBOND (from 2026-02-27)...
2026-04-05 21:12:55,092 [INFO] Starting scrape for symbol=IBBLPBOND, range=2026-02-27 to 2026-04-05
2026-04-05 21:12:56,609 [INFO] Successfully parsed data for IBBLPBOND (20 rows)
2026-04-05 21:12:56,783 [ERROR] Error uploading IBBLPBOND: {'message': "Could not find the 'Audited PE' column of 'lankabd_price_archive' in the schema cache", 'code': 'PGRST204', 'hint': None, 'details': None}
2026-04-05 21:12:57,469 [INFO] [58/413] Fetching price data for MBPLCPBOND (from 2026-02-27)...
2026-04-05 21:12:57,469 [INFO] Starting scrape for symbol=MBPLCPBOND, range=2026-02-27 to 2026-04-05
2026-04-05 21:12:58,926 [INFO] Successfully parsed data for MBPLCPBOND (20 rows)
2026-04-05 21:12:59,192 [ERROR] Error uploading MBPLCPBOND: {'message': "Could not find the 'Audited PE' column of 'lankabd_price_archive' in the schema cache", 'code': 'PGRST204', 'hint': None, 'details': None}
2026-04-05 21:12:59,895 [INFO] [59/413] Fetching price data for MTBPBOND (from 2026-02-27)...
2026-04-05 21:12:59,895 [INFO] Starting scrape for symbol=MTBPBOND, range=2026-02-27 to 2026-04-05
2026-04-05 21:13:01,380 [INFO] Successfully parsed data for MTBPBOND (20 rows)
2026-04-05 21:13:01,562 [ERROR] Error uploading MTBPBOND: {'message': "Could not find the 'Audited PE' column of 'lankabd_price_archive' in the schema cache", 'code': 'PGRST204', 'hint': None, 'details': None}
2026-04-05 21:13:02,255 [INFO] [60/413] Fetching price data for PBLPBOND (from 2026-02-27)...
2026-04-05 21:13:02,256 [INFO] Starting scrape for symbol=PBLPBOND, range=2026-02-27 to 2026-04-05
2026-04-05 21:13:03,637 [INFO] Successfully parsed data for PBLPBOND (20 rows)
2026-04-05 21:13:03,816 [ERROR] Error uploading PBLPBOND: {'message': "Could not find the 'Audited PE' column of 'lankabd_price_archive' in the schema cache", 'code': 'PGRST204', 'hint': None, 'details': None}
2026-04-05 21:13:04,503 [INFO] [61/413] Fetching price data for PREBPBOND (from 2026-02-27)...
2026-04-05 21:13:04,503 [INFO] Starting scrape for symbol=PREBPBOND, range=2026-02-27 to 2026-04-05
2026-04-05 21:13:05,842 [INFO] Successfully parsed data for PREBPBOND (20 rows)
2026-04-05 21:13:06,014 [ERROR] Error uploading PREBPBOND: {'message': "Could not find the 'Audited PE' column of 'lankabd_price_archive' in the schema cache", 'code': 'PGRST204', 'hint': None, 'details': None}
2026-04-05 21:13:06,699 [INFO] [62/413] Fetching price data for SEB1PBOND (from 2026-02-27)...
2026-04-05 21:13:06,699 [INFO] Starting scrape for symbol=SEB1PBOND, range=2026-02-27 to 2026-04-05
2026-04-05 21:13:08,067 [INFO] Successfully parsed data for SEB1PBOND (20 rows)
2026-04-05 21:13:08,238 [ERROR] Error uploading SEB1PBOND: {'message': "Could not find the 'Audited PE' column of 'lankabd_price_archive' in the schema cache", 'code': 'PGRST204', 'hint': None, 'details': None}
2026-04-05 21:13:08,922 [INFO] [63/413] Fetching price data for SJIBLPBOND (from 2026-02-27)...
2026-04-05 21:13:08,922 [INFO] Starting scrape for symbol=SJIBLPBOND, range=2026-02-27 to 2026-04-05
2026-04-05 21:13:10,354 [INFO] Successfully parsed data for SJIBLPBOND (20 rows)
2026-04-05 21:13:10,535 [ERROR] Error uploading SJIBLPBOND: {'message': "Could not find the 'Audited PE' column of 'lankabd_price_archive' in the schema cache", 'code': 'PGRST204', 'hint': None, 'details': None}
2026-04-05 21:13:11,213 [INFO] [64/413] Fetching price data for UCB2PBOND (from 2026-02-27)...
2026-04-05 21:13:11,213 [INFO] Starting scrape for symbol=UCB2PBOND, range=2026-02-27 to 2026-04-05
2026-04-05 21:13:12,590 [INFO] Successfully parsed data for UCB2PBOND (20 rows)
2026-04-05 21:13:12,762 [ERROR] Error uploading UCB2PBOND: {'message': "Could not find the 'Audited PE' column of 'lankabd_price_archive' in the schema cache", 'code': 'PGRST204', 'hint': None, 'details': None}
2026-04-05 21:13:13,447 [INFO] [65/413] Fetching price data for AFTABAUTO (from 2026-02-27)...
2026-04-05 21:13:13,447 [INFO] Starting scrape for symbol=AFTABAUTO, range=2026-02-27 to 2026-04-05
2026-04-05 21:13:14,803 [INFO] Successfully parsed data for AFTABAUTO (20 rows)
2026-04-05 21:13:14,972 [ERROR] Error uploading AFTABAUTO: {'message': "Could not find the 'Audited PE' column of 'lankabd_price_archive' in the schema cache", 'code': 'PGRST204', 'hint': None, 'details': None}
2026-04-05 21:13:15,654 [INFO] [66/413] Fetching price data for ANWARGALV (from 2026-02-27)...
2026-04-05 21:13:15,654 [INFO] Starting scrape for symbol=ANWARGALV, range=2026-02-27 to 2026-04-05
2026-04-05 21:13:17,014 [INFO] Successfully parsed data for ANWARGALV (20 rows)
2026-04-05 21:13:17,183 [ERROR] Error uploading ANWARGALV: {'message': "Could not find the 'Audited PE' column of 'lankabd_price_archive' in the schema cache", 'code': 'PGRST204', 'hint': None, 'details': None}
2026-04-05 21:13:17,873 [INFO] [67/413] Fetching price data for APOLOISPAT (from 2026-02-27)...
2026-04-05 21:13:17,874 [INFO] Starting scrape for symbol=APOLOISPAT, range=2026-02-27 to 2026-04-05
2026-04-05 21:13:19,213 [INFO] Successfully parsed data for APOLOISPAT (20 rows)
2026-04-05 21:13:19,383 [ERROR] Error uploading APOLOISPAT: {'message': "Could not find the 'Audited PE' column of 'lankabd_price_archive' in the schema cache", 'code': 'PGRST204', 'hint': None, 'details': None}
2026-04-05 21:13:20,061 [INFO] [68/413] Fetching price data for ATLASBANG (from 2026-02-27)...
2026-04-05 21:13:20,061 [INFO] Starting scrape for symbol=ATLASBANG, range=2026-02-27 to 2026-04-05
2026-04-05 21:13:21,437 [INFO] Successfully parsed data for ATLASBANG (20 rows)
2026-04-05 21:13:21,600 [ERROR] Error uploading ATLASBANG: {'message': "Could not find the 'Audited PE' column of 'lankabd_price_archive' in the schema cache", 'code': 'PGRST204', 'hint': None, 'details': None}
2026-04-05 21:13:22,537 [INFO] [69/413] Fetching price data for AZIZPIPES (from 2026-02-27)...
2026-04-05 21:13:22,538 [INFO] Starting scrape for symbol=AZIZPIPES, range=2026-02-27 to 2026-04-05
2026-04-05 21:13:24,530 [INFO] Successfully parsed data for AZIZPIPES (20 rows)
2026-04-05 21:13:24,752 [ERROR] Error uploading AZIZPIPES: {'message': "Could not find the 'Audited PE' column of 'lankabd_price_archive' in the schema cache", 'code': 'PGRST204', 'hint': None, 'details': None}
2026-04-05 21:13:25,437 [INFO] [70/413] Fetching price data for BBS (from 2026-02-27)...
2026-04-05 21:13:25,437 [INFO] Starting scrape for symbol=BBS, range=2026-02-27 to 2026-04-05
2026-04-05 21:13:26,796 [INFO] Successfully parsed data for BBS (20 rows)
2026-04-05 21:13:26,966 [ERROR] Error uploading BBS: {'message': "Could not find the 'Audited PE' column of 'lankabd_price_archive' in the schema cache", 'code': 'PGRST204', 'hint': None, 'details': None}
2026-04-05 21:13:27,654 [INFO] [71/413] Fetching price data for BBSCABLES (from 2026-02-27)...
2026-04-05 21:13:27,655 [INFO] Starting scrape for symbol=BBSCABLES, range=2026-02-27 to 2026-04-05
2026-04-05 21:13:29,139 [INFO] Successfully parsed data for BBSCABLES (20 rows)
2026-04-05 21:13:29,399 [ERROR] Error uploading BBSCABLES: {'message': "Could not find the 'Audited PE' column of 'lankabd_price_archive' in the schema cache", 'code': 'PGRST204', 'hint': None, 'details': None}
2026-04-05 21:13:30,094 [INFO] [72/413] Fetching price data for BDAUTOCA (from 2026-02-27)...
2026-04-05 21:13:30,094 [INFO] Starting scrape for symbol=BDAUTOCA, range=2026-02-27 to 2026-04-05
2026-04-05 21:13:31,458 [INFO] Successfully parsed data for BDAUTOCA (20 rows)
2026-04-05 21:13:31,626 [ERROR] Error uploading BDAUTOCA: {'message': "Could not find the 'Audited PE' column of 'lankabd_price_archive' in the schema cache", 'code': 'PGRST204', 'hint': None, 'details': None}
2026-04-05 21:13:32,300 [INFO] [73/413] Fetching price data for BDLAMPS (from 2026-02-27)...
2026-04-05 21:13:32,301 [INFO] Starting scrape for symbol=BDLAMPS, range=2026-02-27 to 2026-04-05
2026-04-05 21:13:33,664 [INFO] Successfully parsed data for BDLAMPS (20 rows)
2026-04-05 21:13:33,839 [ERROR] Error uploading BDLAMPS: {'message': "Could not find the 'Audited PE' column of 'lankabd_price_archive' in the schema cache", 'code': 'PGRST204', 'hint': None, 'details': None}
2026-04-05 21:13:34,524 [INFO] [74/413] Fetching price data for BDTHAI (from 2026-02-27)...
2026-04-05 21:13:34,525 [INFO] Starting scrape for symbol=BDTHAI, range=2026-02-27 to 2026-04-05
2026-04-05 21:13:35,872 [INFO] Successfully parsed data for BDTHAI (20 rows)
2026-04-05 21:13:36,048 [ERROR] Error uploading BDTHAI: {'message': "Could not find the 'Audited PE' column of 'lankabd_price_archive' in the schema cache", 'code': 'PGRST204', 'hint': None, 'details': None}
2026-04-05 21:13:36,749 [INFO] [75/413] Fetching price data for BENGALWTL (from 2026-02-27)...
2026-04-05 21:13:36,749 [INFO] Starting scrape for symbol=BENGALWTL, range=2026-02-27 to 2026-04-05
2026-04-05 21:13:38,249 [INFO] Successfully parsed data for BENGALWTL (20 rows)
2026-04-05 21:13:38,704 [ERROR] Error uploading BENGALWTL: {'message': "Could not find the 'Audited PE' column of 'lankabd_price_archive' in the schema cache", 'code': 'PGRST204', 'hint': None, 'details': None}
2026-04-05 21:13:39,383 [INFO] [76/413] Fetching price data for BSRMLTD (from 2026-02-27)...
2026-04-05 21:13:39,383 [INFO] Starting scrape for symbol=BSRMLTD, range=2026-02-27 to 2026-04-05
2026-04-05 21:13:40,973 [INFO] Successfully parsed data for BSRMLTD (20 rows)
2026-04-05 21:13:41,155 [ERROR] Error uploading BSRMLTD: {'message': "Could not find the 'Audited PE' column of 'lankabd_price_archive' in the schema cache", 'code': 'PGRST204', 'hint': None, 'details': None}
2026-04-05 21:13:41,850 [INFO] [77/413] Fetching price data for BSRMSTEEL (from 2026-02-27)...
2026-04-05 21:13:41,850 [INFO] Starting scrape for symbol=BSRMSTEEL, range=2026-02-27 to 2026-04-05
2026-04-05 21:13:43,370 [INFO] Successfully parsed data for BSRMSTEEL (20 rows)
2026-04-05 21:13:43,547 [ERROR] Error uploading BSRMSTEEL: {'message': "Could not find the 'Audited PE' column of 'lankabd_price_archive' in the schema cache", 'code': 'PGRST204', 'hint': None, 'details': None}
2026-04-05 21:13:44,225 [INFO] [78/413] Fetching price data for COPPERTECH (from 2026-02-27)...
2026-04-05 21:13:44,226 [INFO] Starting scrape for symbol=COPPERTECH, range=2026-02-27 to 2026-04-05
2026-04-05 21:13:45,624 [INFO] Successfully parsed data for COPPERTECH (20 rows)
2026-04-05 21:13:45,787 [ERROR] Error uploading COPPERTECH: {'message': "Could not find the 'Audited PE' column of 'lankabd_price_archive' in the schema cache", 'code': 'PGRST204', 'hint': None, 'details': None}
2026-04-05 21:13:46,464 [INFO] [79/413] Fetching price data for DESHBANDHU (from 2026-02-27)...
2026-04-05 21:13:46,465 [INFO] Starting scrape for symbol=DESHBANDHU, range=2026-02-27 to 2026-04-05
2026-04-05 21:13:47,874 [INFO] Successfully parsed data for DESHBANDHU (20 rows)
2026-04-05 21:13:48,042 [ERROR] Error uploading DESHBANDHU: {'message': "Could not find the 'Audited PE' column of 'lankabd_price_archive' in the schema cache", 'code': 'PGRST204', 'hint': None, 'details': None}
2026-04-05 21:13:48,723 [INFO] [80/413] Fetching price data for DOMINAGE (from 2026-02-27)...
2026-04-05 21:13:48,723 [INFO] Starting scrape for symbol=DOMINAGE, range=2026-02-27 to 2026-04-05
2026-04-05 21:13:50,354 [INFO] Successfully parsed data for DOMINAGE (20 rows)
2026-04-05 21:13:50,531 [ERROR] Error uploading DOMINAGE: {'message': "Could not find the 'Audited PE' column of 'lankabd_price_archive' in the schema cache", 'code': 'PGRST204', 'hint': None, 'details': None}
2026-04-05 21:13:51,465 [INFO] [81/413] Fetching price data for ECABLES (from 2026-02-27)...
2026-04-05 21:13:51,465 [INFO] Starting scrape for symbol=ECABLES, range=2026-02-27 to 2026-04-05
2026-04-05 21:13:52,803 [INFO] Successfully parsed data for ECABLES (20 rows)
2026-04-05 21:13:52,973 [ERROR] Error uploading ECABLES: {'message': "Could not find the 'Audited PE' column of 'lankabd_price_archive' in the schema cache", 'code': 'PGRST204', 'hint': None, 'details': None}
2026-04-05 21:13:53,678 [INFO] [82/413] Fetching price data for GOLDENSON (from 2026-02-27)...
2026-04-05 21:13:53,678 [INFO] Starting scrape for symbol=GOLDENSON, range=2026-02-27 to 2026-04-05
2026-04-05 21:13:55,531 [INFO] Successfully parsed data for GOLDENSON (20 rows)
2026-04-05 21:13:55,704 [ERROR] Error uploading GOLDENSON: {'message': "Could not find the 'Audited PE' column of 'lankabd_price_archive' in the schema cache", 'code': 'PGRST204', 'hint': None, 'details': None}
2026-04-05 21:13:56,391 [INFO] [83/413] Fetching price data for GPHISPAT (from 2026-02-27)...
2026-04-05 21:13:56,392 [INFO] Starting scrape for symbol=GPHISPAT, range=2026-02-27 to 2026-04-05
2026-04-05 21:13:57,802 [INFO] Successfully parsed data for GPHISPAT (20 rows)
2026-04-05 21:13:57,980 [ERROR] Error uploading GPHISPAT: {'message': "Could not find the 'Audited PE' column of 'lankabd_price_archive' in the schema cache", 'code': 'PGRST204', 'hint': None, 'details': None}
2026-04-05 21:13:58,681 [INFO] [84/413] Fetching price data for IFADAUTOS (from 2026-02-27)...
2026-04-05 21:13:58,681 [INFO] Starting scrape for symbol=IFADAUTOS, range=2026-02-27 to 2026-04-05
2026-04-05 21:14:00,053 [INFO] Successfully parsed data for IFADAUTOS (20 rows)
2026-04-05 21:14:00,247 [ERROR] Error uploading IFADAUTOS: {'message': "Could not find the 'Audited PE' column of 'lankabd_price_archive' in the schema cache", 'code': 'PGRST204', 'hint': None, 'details': None}
2026-04-05 21:14:00,951 [INFO] [85/413] Fetching price data for KAY&QUE (from 2026-02-27)...
2026-04-05 21:14:00,951 [INFO] Starting scrape for symbol=KAY&QUE, range=2026-02-27 to 2026-04-05
2026-04-05 21:14:02,407 [INFO] Successfully parsed data for KAY&QUE (20 rows)
2026-04-05 21:14:02,586 [ERROR] Error uploading KAY&QUE: {'message': "Could not find the 'Audited PE' column of 'lankabd_price_archive' in the schema cache", 'code': 'PGRST204', 'hint': None, 'details': None}
2026-04-05 21:14:03,286 [INFO] [86/413] Fetching price data for KDSALTD (from 2026-02-27)...
2026-04-05 21:14:03,286 [INFO] Starting scrape for symbol=KDSALTD, range=2026-02-27 to 2026-04-05
2026-04-05 21:14:04,777 [INFO] Successfully parsed data for KDSALTD (20 rows)
2026-04-05 21:14:04,975 [ERROR] Error uploading KDSALTD: {'message': "Could not find the 'Audited PE' column of 'lankabd_price_archive' in the schema cache", 'code': 'PGRST204', 'hint': None, 'details': None}
2026-04-05 21:14:05,692 [INFO] [87/413] Fetching price data for MIRAKHTER (from 2026-02-27)...
2026-04-05 21:14:05,692 [INFO] Starting scrape for symbol=MIRAKHTER, range=2026-02-27 to 2026-04-05
2026-04-05 21:14:07,129 [INFO] Successfully parsed data for MIRAKHTER (20 rows)
2026-04-05 21:14:07,337 [ERROR] Error uploading MIRAKHTER: {'message': "Could not find the 'Audited PE' column of 'lankabd_price_archive' in the schema cache", 'code': 'PGRST204', 'hint': None, 'details': None}
2026-04-05 21:14:08,038 [INFO] [88/413] Fetching price data for MONNOAGML (from 2026-02-27)...
2026-04-05 21:14:08,038 [INFO] Starting scrape for symbol=MONNOAGML, range=2026-02-27 to 2026-04-05
2026-04-05 21:14:09,606 [INFO] Successfully parsed data for MONNOAGML (20 rows)
2026-04-05 21:14:09,786 [ERROR] Error uploading MONNOAGML: {'message': "Could not find the 'Audited PE' column of 'lankabd_price_archive' in the schema cache", 'code': 'PGRST204', 'hint': None, 'details': None}
2026-04-05 21:14:10,476 [INFO] [89/413] Fetching price data for NAHEEACP (from 2026-02-27)...
2026-04-05 21:14:10,476 [INFO] Starting scrape for symbol=NAHEEACP, range=2026-02-27 to 2026-04-05
2026-04-05 21:14:11,963 [INFO] Successfully parsed data for NAHEEACP (20 rows)
2026-04-05 21:14:12,154 [ERROR] Error uploading NAHEEACP: {'message': "Could not find the 'Audited PE' column of 'lankabd_price_archive' in the schema cache", 'code': 'PGRST204', 'hint': None, 'details': None}
2026-04-05 21:14:12,866 [INFO] [90/413] Fetching price data for NAVANACNG (from 2026-02-27)...
2026-04-05 21:14:12,866 [INFO] Starting scrape for symbol=NAVANACNG, range=2026-02-27 to 2026-04-05
2026-04-05 21:14:14,306 [INFO] Successfully parsed data for NAVANACNG (20 rows)
2026-04-05 21:14:14,487 [ERROR] Error uploading NAVANACNG: {'message': "Could not find the 'Audited PE' column of 'lankabd_price_archive' in the schema cache", 'code': 'PGRST204', 'hint': None, 'details': None}
2026-04-05 21:14:15,191 [INFO] [91/413] Fetching price data for NPOLYMER (from 2023-04-06)...
2026-04-05 21:14:15,191 [INFO] Starting scrape for symbol=NPOLYMER, range=2023-04-06 to 2026-04-05
2026-04-05 21:14:16,271 [WARNING] No data returned for NPOLYMER
2026-04-05 21:14:16,949 [INFO] [92/413] Fetching price data for NTLTUBES (from 2026-02-27)...
2026-04-05 21:14:16,949 [INFO] Starting scrape for symbol=NTLTUBES, range=2026-02-27 to 2026-04-05
2026-04-05 21:14:18,345 [INFO] Successfully parsed data for NTLTUBES (20 rows)
2026-04-05 21:14:18,523 [ERROR] Error uploading NTLTUBES: {'message': "Could not find the 'Audited PE' column of 'lankabd_price_archive' in the schema cache", 'code': 'PGRST204', 'hint': None, 'details': None}
2026-04-05 21:14:19,202 [INFO] [93/413] Fetching price data for OAL (from 2026-02-27)...
2026-04-05 21:14:19,202 [INFO] Starting scrape for symbol=OAL, range=2026-02-27 to 2026-04-05
2026-04-05 21:14:20,637 [INFO] Successfully parsed data for OAL (20 rows)
2026-04-05 21:14:20,827 [ERROR] Error uploading OAL: {'message': "Could not find the 'Audited PE' column of 'lankabd_price_archive' in the schema cache", 'code': 'PGRST204', 'hint': None, 'details': None}
2026-04-05 21:14:21,506 [INFO] [94/413] Fetching price data for OIMEX (from 2026-02-27)...
2026-04-05 21:14:21,507 [INFO] Starting scrape for symbol=OIMEX, range=2026-02-27 to 2026-04-05
2026-04-05 21:14:22,863 [INFO] Successfully parsed data for OIMEX (20 rows)
2026-04-05 21:14:23,054 [ERROR] Error uploading OIMEX: {'message': "Could not find the 'Audited PE' column of 'lankabd_price_archive' in the schema cache", 'code': 'PGRST204', 'hint': None, 'details': None}
2026-04-05 21:14:23,740 [INFO] [95/413] Fetching price data for QUASEMIND (from 2026-02-27)...
2026-04-05 21:14:23,740 [INFO] Starting scrape for symbol=QUASEMIND, range=2026-02-27 to 2026-04-05
2026-04-05 21:14:25,226 [INFO] Successfully parsed data for QUASEMIND (80 rows)
2026-04-05 21:14:25,473 [ERROR] Error uploading QUASEMIND: {'message': "Could not find the 'Audited PE' column of 'lankabd_price_archive' in the schema cache", 'code': 'PGRST204', 'hint': None, 'details': None}
2026-04-05 21:14:26,163 [INFO] [96/413] Fetching price data for RANFOUNDRY (from 2026-02-27)...
2026-04-05 21:14:26,164 [INFO] Starting scrape for symbol=RANFOUNDRY, range=2026-02-27 to 2026-04-05
2026-04-05 21:14:27,605 [INFO] Successfully parsed data for RANFOUNDRY (20 rows)
2026-04-05 21:14:27,769 [ERROR] Error uploading RANFOUNDRY: {'message': "Could not find the 'Audited PE' column of 'lankabd_price_archive' in the schema cache", 'code': 'PGRST204', 'hint': None, 'details': None}
2026-04-05 21:14:28,450 [INFO] [97/413] Fetching price data for RENWICKJA (from 2026-02-27)...
2026-04-05 21:14:28,450 [INFO] Starting scrape for symbol=RENWICKJA, range=2026-02-27 to 2026-04-05
2026-04-05 21:14:29,819 [INFO] Successfully parsed data for RENWICKJA (20 rows)
2026-04-05 21:14:29,998 [ERROR] Error uploading RENWICKJA: {'message': "Could not find the 'Audited PE' column of 'lankabd_price_archive' in the schema cache", 'code': 'PGRST204', 'hint': None, 'details': None}
2026-04-05 21:14:30,702 [INFO] [98/413] Fetching price data for RSRMSTEEL (from 2026-02-27)...
2026-04-05 21:14:30,702 [INFO] Starting scrape for symbol=RSRMSTEEL, range=2026-02-27 to 2026-04-05
2026-04-05 21:14:32,104 [INFO] Successfully parsed data for RSRMSTEEL (20 rows)
2026-04-05 21:14:32,276 [ERROR] Error uploading RSRMSTEEL: {'message': "Could not find the 'Audited PE' column of 'lankabd_price_archive' in the schema cache", 'code': 'PGRST204', 'hint': None, 'details': None}
2026-04-05 21:14:32,965 [INFO] [99/413] Fetching price data for RUNNERAUTO (from 2026-02-27)...
2026-04-05 21:14:32,965 [INFO] Starting scrape for symbol=RUNNERAUTO, range=2026-02-27 to 2026-04-05
2026-04-05 21:14:34,388 [INFO] Successfully parsed data for RUNNERAUTO (20 rows)
2026-04-05 21:14:34,574 [ERROR] Error uploading RUNNERAUTO: {'message': "Could not find the 'Audited PE' column of 'lankabd_price_archive' in the schema cache", 'code': 'PGRST204', 'hint': None, 'details': None}
2026-04-05 21:14:35,275 [INFO] [100/413] Fetching price data for SALAMCRST (from 2026-02-27)...
2026-04-05 21:14:35,275 [INFO] Starting scrape for symbol=SALAMCRST, range=2026-02-27 to 2026-04-05
2026-04-05 21:14:36,721 [INFO] Successfully parsed data for SALAMCRST (20 rows)
2026-04-05 21:14:36,977 [ERROR] Error uploading SALAMCRST: {'message': "Could not find the 'Audited PE' column of 'lankabd_price_archive' in the schema cache", 'code': 'PGRST204', 'hint': None, 'details': None}
2026-04-05 21:14:37,686 [INFO] [101/413] Fetching price data for SHURWID (from 2026-02-27)...
2026-04-05 21:14:37,687 [INFO] Starting scrape for symbol=SHURWID, range=2026-02-27 to 2026-04-05
2026-04-05 21:14:39,181 [INFO] Successfully parsed data for SHURWID (20 rows)
2026-04-05 21:14:39,351 [ERROR] Error uploading SHURWID: {'message': "Could not find the 'Audited PE' column of 'lankabd_price_archive' in the schema cache", 'code': 'PGRST204', 'hint': None, 'details': None}
2026-04-05 21:14:40,035 [INFO] [102/413] Fetching price data for SINGERBD (from 2026-02-27)...
2026-04-05 21:14:40,035 [INFO] Starting scrape for symbol=SINGERBD, range=2026-02-27 to 2026-04-05
2026-04-05 21:14:41,448 [INFO] Successfully parsed data for SINGERBD (20 rows)
2026-04-05 21:14:41,651 [ERROR] Error uploading SINGERBD: {'message': "Could not find the 'Audited PE' column of 'lankabd_price_archive' in the schema cache", 'code': 'PGRST204', 'hint': None, 'details': None}
2026-04-05 21:14:42,344 [INFO] [103/413] Fetching price data for SSSTEEL (from 2026-02-27)...
2026-04-05 21:14:42,344 [INFO] Starting scrape for symbol=SSSTEEL, range=2026-02-27 to 2026-04-05
2026-04-05 21:14:43,807 [INFO] Successfully parsed data for SSSTEEL (20 rows)
2026-04-05 21:14:43,974 [ERROR] Error uploading SSSTEEL: {'message': "Could not find the 'Audited PE' column of 'lankabd_price_archive' in the schema cache", 'code': 'PGRST204', 'hint': None, 'details': None}
2026-04-05 21:14:44,664 [INFO] [104/413] Fetching price data for WALTONHIL (from 2026-02-27)...
2026-04-05 21:14:44,664 [INFO] Starting scrape for symbol=WALTONHIL, range=2026-02-27 to 2026-04-05
2026-04-05 21:14:46,052 [INFO] Successfully parsed data for WALTONHIL (20 rows)
2026-04-05 21:14:46,233 [ERROR] Error uploading WALTONHIL: {'message': "Could not find the 'Audited PE' column of 'lankabd_price_archive' in the schema cache", 'code': 'PGRST204', 'hint': None, 'details': None}
2026-04-05 21:14:46,938 [INFO] [105/413] Fetching price data for WMSHIPYARD (from 2026-02-27)...
2026-04-05 21:14:46,938 [INFO] Starting scrape for symbol=WMSHIPYARD, range=2026-02-27 to 2026-04-05
2026-04-05 21:14:48,403 [INFO] Successfully parsed data for WMSHIPYARD (20 rows)
2026-04-05 21:14:48,568 [ERROR] Error uploading WMSHIPYARD: {'message': "Could not find the 'Audited PE' column of 'lankabd_price_archive' in the schema cache", 'code': 'PGRST204', 'hint': None, 'details': None}
2026-04-05 21:14:49,265 [INFO] [106/413] Fetching price data for YPL (from 2026-02-27)...
2026-04-05 21:14:49,265 [INFO] Starting scrape for symbol=YPL, range=2026-02-27 to 2026-04-05
2026-04-05 21:14:50,736 [INFO] Successfully parsed data for YPL (20 rows)
2026-04-05 21:14:50,918 [ERROR] Error uploading YPL: {'message': "Could not find the 'Audited PE' column of 'lankabd_price_archive' in the schema cache", 'code': 'PGRST204', 'hint': None, 'details': None}
2026-04-05 21:14:51,611 [INFO] [107/413] Fetching price data for BAYLEASING (from 2026-02-27)...
2026-04-05 21:14:51,611 [INFO] Starting scrape for symbol=BAYLEASING, range=2026-02-27 to 2026-04-05
2026-04-05 21:14:53,215 [INFO] Successfully parsed data for BAYLEASING (20 rows)
2026-04-05 21:14:53,391 [ERROR] Error uploading BAYLEASING: {'message': "Could not find the 'Audited PE' column of 'lankabd_price_archive' in the schema cache", 'code': 'PGRST204', 'hint': None, 'details': None}
2026-04-05 21:14:54,072 [INFO] [108/413] Fetching price data for BDFINANCE (from 2026-02-27)...
2026-04-05 21:14:54,072 [INFO] Starting scrape for symbol=BDFINANCE, range=2026-02-27 to 2026-04-05
2026-04-05 21:14:55,568 [INFO] Successfully parsed data for BDFINANCE (20 rows)
2026-04-05 21:14:55,822 [ERROR] Error uploading BDFINANCE: {'message': "Could not find the 'Audited PE' column of 'lankabd_price_archive' in the schema cache", 'code': 'PGRST204', 'hint': None, 'details': None}
2026-04-05 21:14:56,519 [INFO] [109/413] Fetching price data for BIFC (from 2026-02-27)...
2026-04-05 21:14:56,519 [INFO] Starting scrape for symbol=BIFC, range=2026-02-27 to 2026-04-05
2026-04-05 21:14:58,031 [INFO] Successfully parsed data for BIFC (20 rows)
2026-04-05 21:14:58,220 [ERROR] Error uploading BIFC: {'message': "Could not find the 'Audited PE' column of 'lankabd_price_archive' in the schema cache", 'code': 'PGRST204', 'hint': None, 'details': None}
2026-04-05 21:14:58,900 [INFO] [110/413] Fetching price data for DBH (from 2026-02-27)...
2026-04-05 21:14:58,900 [INFO] Starting scrape for symbol=DBH, range=2026-02-27 to 2026-04-05
2026-04-05 21:15:00,385 [INFO] Successfully parsed data for DBH (20 rows)
2026-04-05 21:15:00,709 [ERROR] Error uploading DBH: {'message': "Could not find the 'Audited PE' column of 'lankabd_price_archive' in the schema cache", 'code': 'PGRST204', 'hint': None, 'details': None}
2026-04-05 21:15:01,410 [INFO] [111/413] Fetching price data for FAREASTFIN (from 2026-02-27)...
2026-04-05 21:15:01,410 [INFO] Starting scrape for symbol=FAREASTFIN, range=2026-02-27 to 2026-04-05
2026-04-05 21:15:02,943 [INFO] Successfully parsed data for FAREASTFIN (20 rows)
2026-04-05 21:15:03,113 [ERROR] Error uploading FAREASTFIN: {'message': "Could not find the 'Audited PE' column of 'lankabd_price_archive' in the schema cache", 'code': 'PGRST204', 'hint': None, 'details': None}
2026-04-05 21:15:03,809 [INFO] [112/413] Fetching price data for FASFIN (from 2026-02-27)...
2026-04-05 21:15:03,809 [INFO] Starting scrape for symbol=FASFIN, range=2026-02-27 to 2026-04-05
2026-04-05 21:15:06,564 [INFO] Successfully parsed data for FASFIN (20 rows)
2026-04-05 21:15:06,740 [ERROR] Error uploading FASFIN: {'message': "Could not find the 'Audited PE' column of 'lankabd_price_archive' in the schema cache", 'code': 'PGRST204', 'hint': None, 'details': None}
2026-04-05 21:15:07,428 [INFO] [113/413] Fetching price data for FIRSTFIN (from 2026-02-27)...
2026-04-05 21:15:07,428 [INFO] Starting scrape for symbol=FIRSTFIN, range=2026-02-27 to 2026-04-05
2026-04-05 21:15:08,928 [INFO] Successfully parsed data for FIRSTFIN (20 rows)
2026-04-05 21:15:09,102 [ERROR] Error uploading FIRSTFIN: {'message': "Could not find the 'Audited PE' column of 'lankabd_price_archive' in the schema cache", 'code': 'PGRST204', 'hint': None, 'details': None}
2026-04-05 21:15:09,787 [INFO] [114/413] Fetching price data for GSPFINANCE (from 2026-02-27)...
2026-04-05 21:15:09,787 [INFO] Starting scrape for symbol=GSPFINANCE, range=2026-02-27 to 2026-04-05
2026-04-05 21:15:11,283 [INFO] Successfully parsed data for GSPFINANCE (20 rows)
2026-04-05 21:15:11,448 [ERROR] Error uploading GSPFINANCE: {'message': "Could not find the 'Audited PE' column of 'lankabd_price_archive' in the schema cache", 'code': 'PGRST204', 'hint': None, 'details': None}
2026-04-05 21:15:12,136 [INFO] [115/413] Fetching price data for ICB (from 2026-02-27)...
2026-04-05 21:15:12,136 [INFO] Starting scrape for symbol=ICB, range=2026-02-27 to 2026-04-05
2026-04-05 21:15:13,576 [INFO] Successfully parsed data for ICB (20 rows)
2026-04-05 21:15:13,765 [ERROR] Error uploading ICB: {'message': "Could not find the 'Audited PE' column of 'lankabd_price_archive' in the schema cache", 'code': 'PGRST204', 'hint': None, 'details': None}
2026-04-05 21:15:14,459 [INFO] [116/413] Fetching price data for IDLC (from 2026-02-27)...
2026-04-05 21:15:14,459 [INFO] Starting scrape for symbol=IDLC, range=2026-02-27 to 2026-04-05
2026-04-05 21:15:15,895 [INFO] Successfully parsed data for IDLC (20 rows)
2026-04-05 21:15:16,063 [ERROR] Error uploading IDLC: {'message': "Could not find the 'Audited PE' column of 'lankabd_price_archive' in the schema cache", 'code': 'PGRST204', 'hint': None, 'details': None}
2026-04-05 21:15:16,755 [INFO] [117/413] Fetching price data for ILFSL (from 2023-04-06)...
2026-04-05 21:15:16,755 [INFO] Starting scrape for symbol=ILFSL, range=2023-04-06 to 2026-04-05
2026-04-05 21:15:27,934 [WARNING] No data returned for ILFSL
2026-04-05 21:15:28,719 [INFO] [118/413] Fetching price data for IPDC (from 2026-02-27)...
2026-04-05 21:15:28,719 [INFO] Starting scrape for symbol=IPDC, range=2026-02-27 to 2026-04-05
2026-04-05 21:15:30,291 [INFO] Successfully parsed data for IPDC (20 rows)
2026-04-05 21:15:30,503 [ERROR] Error uploading IPDC: {'message': "Could not find the 'Audited PE' column of 'lankabd_price_archive' in the schema cache", 'code': 'PGRST204', 'hint': None, 'details': None}
2026-04-05 21:15:31,195 [INFO] [119/413] Fetching price data for ISLAMICFIN (from 2026-02-27)...
2026-04-05 21:15:31,195 [INFO] Starting scrape for symbol=ISLAMICFIN, range=2026-02-27 to 2026-04-05
2026-04-05 21:15:32,568 [INFO] Successfully parsed data for ISLAMICFIN (20 rows)
2026-04-05 21:15:32,747 [ERROR] Error uploading ISLAMICFIN: {'message': "Could not find the 'Audited PE' column of 'lankabd_price_archive' in the schema cache", 'code': 'PGRST204', 'hint': None, 'details': None}
2026-04-05 21:15:33,423 [INFO] [120/413] Fetching price data for LANKABAFIN (from 2026-02-26)...
2026-04-05 21:15:33,423 [INFO] Starting scrape for symbol=LANKABAFIN, range=2026-02-26 to 2026-04-05
2026-04-05 21:15:34,778 [INFO] Successfully parsed data for LANKABAFIN (21 rows)
2026-04-05 21:15:34,973 [ERROR] Error uploading LANKABAFIN: {'message': "Could not find the 'Audited PE' column of 'lankabd_price_archive' in the schema cache", 'code': 'PGRST204', 'hint': None, 'details': None}
2026-04-05 21:15:36,075 [INFO] [121/413] Fetching price data for MIDASFIN (from 2026-02-27)...
2026-04-05 21:15:36,075 [INFO] Starting scrape for symbol=MIDASFIN, range=2026-02-27 to 2026-04-05
2026-04-05 21:15:38,681 [INFO] Successfully parsed data for MIDASFIN (20 rows)
2026-04-05 21:15:38,851 [ERROR] Error uploading MIDASFIN: {'message': "Could not find the 'Audited PE' column of 'lankabd_price_archive' in the schema cache", 'code': 'PGRST204', 'hint': None, 'details': None}
2026-04-05 21:15:39,543 [INFO] [122/413] Fetching price data for NHFIL (from 2026-02-27)...
2026-04-05 21:15:39,543 [INFO] Starting scrape for symbol=NHFIL, range=2026-02-27 to 2026-04-05
2026-04-05 21:15:40,974 [INFO] Successfully parsed data for NHFIL (20 rows)
2026-04-05 21:15:41,165 [ERROR] Error uploading NHFIL: {'message': "Could not find the 'Audited PE' column of 'lankabd_price_archive' in the schema cache", 'code': 'PGRST204', 'hint': None, 'details': None}
2026-04-05 21:15:41,865 [INFO] [123/413] Fetching price data for PHOENIXFIN (from 2026-02-27)...
2026-04-05 21:15:41,865 [INFO] Starting scrape for symbol=PHOENIXFIN, range=2026-02-27 to 2026-04-05
2026-04-05 21:15:43,369 [INFO] Successfully parsed data for PHOENIXFIN (20 rows)
2026-04-05 21:15:43,550 [ERROR] Error uploading PHOENIXFIN: {'message': "Could not find the 'Audited PE' column of 'lankabd_price_archive' in the schema cache", 'code': 'PGRST204', 'hint': None, 'details': None}
2026-04-05 21:15:44,227 [INFO] [124/413] Fetching price data for PLFSL (from 2026-02-27)...
2026-04-05 21:15:44,227 [INFO] Starting scrape for symbol=PLFSL, range=2026-02-27 to 2026-04-05
2026-04-05 21:15:45,571 [INFO] Successfully parsed data for PLFSL (20 rows)
2026-04-05 21:15:45,742 [ERROR] Error uploading PLFSL: {'message': "Could not find the 'Audited PE' column of 'lankabd_price_archive' in the schema cache", 'code': 'PGRST204', 'hint': None, 'details': None}
2026-04-05 21:15:46,430 [INFO] [125/413] Fetching price data for PREMIERLEA (from 2026-02-27)...
2026-04-05 21:15:46,430 [INFO] Starting scrape for symbol=PREMIERLEA, range=2026-02-27 to 2026-04-05
2026-04-05 21:15:47,884 [INFO] Successfully parsed data for PREMIERLEA (20 rows)
2026-04-05 21:15:48,052 [ERROR] Error uploading PREMIERLEA: {'message': "Could not find the 'Audited PE' column of 'lankabd_price_archive' in the schema cache", 'code': 'PGRST204', 'hint': None, 'details': None}
2026-04-05 21:15:48,728 [INFO] [126/413] Fetching price data for PRIMEFIN (from 2026-02-27)...
2026-04-05 21:15:48,728 [INFO] Starting scrape for symbol=PRIMEFIN, range=2026-02-27 to 2026-04-05
2026-04-05 21:15:50,095 [INFO] Successfully parsed data for PRIMEFIN (20 rows)
2026-04-05 21:15:50,283 [ERROR] Error uploading PRIMEFIN: {'message': "Could not find the 'Audited PE' column of 'lankabd_price_archive' in the schema cache", 'code': 'PGRST204', 'hint': None, 'details': None}
2026-04-05 21:15:50,965 [INFO] [127/413] Fetching price data for UNIONCAP (from 2026-02-27)...
2026-04-05 21:15:50,966 [INFO] Starting scrape for symbol=UNIONCAP, range=2026-02-27 to 2026-04-05
2026-04-05 21:15:52,295 [INFO] Successfully parsed data for UNIONCAP (20 rows)
2026-04-05 21:15:52,473 [ERROR] Error uploading UNIONCAP: {'message': "Could not find the 'Audited PE' column of 'lankabd_price_archive' in the schema cache", 'code': 'PGRST204', 'hint': None, 'details': None}
2026-04-05 21:15:53,151 [INFO] [128/413] Fetching price data for UNITEDFIN (from 2026-02-27)...
2026-04-05 21:15:53,151 [INFO] Starting scrape for symbol=UNITEDFIN, range=2026-02-27 to 2026-04-05
2026-04-05 21:15:54,505 [INFO] Successfully parsed data for UNITEDFIN (20 rows)
2026-04-05 21:15:54,684 [ERROR] Error uploading UNITEDFIN: {'message': "Could not find the 'Audited PE' column of 'lankabd_price_archive' in the schema cache", 'code': 'PGRST204', 'hint': None, 'details': None}
2026-04-05 21:15:55,400 [INFO] [129/413] Fetching price data for UTTARAFIN (from 2026-02-27)...
2026-04-05 21:15:55,400 [INFO] Starting scrape for symbol=UTTARAFIN, range=2026-02-27 to 2026-04-05
2026-04-05 21:15:56,807 [INFO] Successfully parsed data for UTTARAFIN (20 rows)
2026-04-05 21:15:57,004 [ERROR] Error uploading UTTARAFIN: {'message': "Could not find the 'Audited PE' column of 'lankabd_price_archive' in the schema cache", 'code': 'PGRST204', 'hint': None, 'details': None}
2026-04-05 21:15:57,696 [INFO] [130/413] Fetching price data for AMCL(PRAN) (from 2026-02-27)...
2026-04-05 21:15:57,696 [INFO] Starting scrape for symbol=AMCL(PRAN), range=2026-02-27 to 2026-04-05
2026-04-05 21:15:59,145 [INFO] Successfully parsed data for AMCL(PRAN) (20 rows)
2026-04-05 21:15:59,344 [ERROR] Error uploading AMCL(PRAN): {'message': "Could not find the 'Audited PE' column of 'lankabd_price_archive' in the schema cache", 'code': 'PGRST204', 'hint': None, 'details': None}
2026-04-05 21:16:00,045 [INFO] [131/413] Fetching price data for APEXFOODS (from 2026-02-27)...
2026-04-05 21:16:00,046 [INFO] Starting scrape for symbol=APEXFOODS, range=2026-02-27 to 2026-04-05
2026-04-05 21:16:01,434 [INFO] Successfully parsed data for APEXFOODS (20 rows)
2026-04-05 21:16:01,642 [ERROR] Error uploading APEXFOODS: {'message': "Could not find the 'Audited PE' column of 'lankabd_price_archive' in the schema cache", 'code': 'PGRST204', 'hint': None, 'details': None}
2026-04-05 21:16:02,376 [INFO] [132/413] Fetching price data for BANGAS (from 2026-02-27)...
2026-04-05 21:16:02,377 [INFO] Starting scrape for symbol=BANGAS, range=2026-02-27 to 2026-04-05
2026-04-05 21:16:03,804 [INFO] Successfully parsed data for BANGAS (20 rows)
2026-04-05 21:16:03,994 [ERROR] Error uploading BANGAS: {'message': "Could not find the 'Audited PE' column of 'lankabd_price_archive' in the schema cache", 'code': 'PGRST204', 'hint': None, 'details': None}
2026-04-05 21:16:04,693 [INFO] [133/413] Fetching price data for BATBC (from 2026-02-27)...
2026-04-05 21:16:04,693 [INFO] Starting scrape for symbol=BATBC, range=2026-02-27 to 2026-04-05
2026-04-05 21:16:06,135 [INFO] Successfully parsed data for BATBC (20 rows)
2026-04-05 21:16:06,314 [ERROR] Error uploading BATBC: {'message': "Could not find the 'Audited PE' column of 'lankabd_price_archive' in the schema cache", 'code': 'PGRST204', 'hint': None, 'details': None}
2026-04-05 21:16:07,293 [INFO] [134/413] Fetching price data for BDTHAIFOOD (from 2026-02-27)...
2026-04-05 21:16:07,293 [INFO] Starting scrape for symbol=BDTHAIFOOD, range=2026-02-27 to 2026-04-05
2026-04-05 21:16:11,336 [INFO] Successfully parsed data for BDTHAIFOOD (20 rows)
2026-04-05 21:16:11,516 [ERROR] Error uploading BDTHAIFOOD: {'message': "Could not find the 'Audited PE' column of 'lankabd_price_archive' in the schema cache", 'code': 'PGRST204', 'hint': None, 'details': None}
2026-04-05 21:16:12,210 [INFO] [135/413] Fetching price data for BEACHHATCH (from 2026-02-27)...
2026-04-05 21:16:12,210 [INFO] Starting scrape for symbol=BEACHHATCH, range=2026-02-27 to 2026-04-05
2026-04-05 21:16:14,088 [INFO] Successfully parsed data for BEACHHATCH (20 rows)
2026-04-05 21:16:14,266 [ERROR] Error uploading BEACHHATCH: {'message': "Could not find the 'Audited PE' column of 'lankabd_price_archive' in the schema cache", 'code': 'PGRST204', 'hint': None, 'details': None}
2026-04-05 21:16:14,960 [INFO] [136/413] Fetching price data for EMERALDOIL (from 2026-02-27)...
2026-04-05 21:16:14,960 [INFO] Starting scrape for symbol=EMERALDOIL, range=2026-02-27 to 2026-04-05
2026-04-05 21:16:16,422 [INFO] Successfully parsed data for EMERALDOIL (20 rows)
2026-04-05 21:16:16,611 [ERROR] Error uploading EMERALDOIL: {'message': "Could not find the 'Audited PE' column of 'lankabd_price_archive' in the schema cache", 'code': 'PGRST204', 'hint': None, 'details': None}
2026-04-05 21:16:17,297 [INFO] [137/413] Fetching price data for FINEFOODS (from 2026-02-27)...
2026-04-05 21:16:17,297 [INFO] Starting scrape for symbol=FINEFOODS, range=2026-02-27 to 2026-04-05
2026-04-05 21:16:18,716 [INFO] Successfully parsed data for FINEFOODS (20 rows)
2026-04-05 21:16:18,893 [ERROR] Error uploading FINEFOODS: {'message': "Could not find the 'Audited PE' column of 'lankabd_price_archive' in the schema cache", 'code': 'PGRST204', 'hint': None, 'details': None}
2026-04-05 21:16:19,575 [INFO] [138/413] Fetching price data for FUWANGFOOD (from 2026-02-27)...
2026-04-05 21:16:19,576 [INFO] Starting scrape for symbol=FUWANGFOOD, range=2026-02-27 to 2026-04-05
2026-04-05 21:16:20,931 [INFO] Successfully parsed data for FUWANGFOOD (20 rows)
2026-04-05 21:16:21,128 [ERROR] Error uploading FUWANGFOOD: {'message': "Could not find the 'Audited PE' column of 'lankabd_price_archive' in the schema cache", 'code': 'PGRST204', 'hint': None, 'details': None}
2026-04-05 21:16:21,812 [INFO] [139/413] Fetching price data for GEMINISEA (from 2026-02-27)...
2026-04-05 21:16:21,812 [INFO] Starting scrape for symbol=GEMINISEA, range=2026-02-27 to 2026-04-05
2026-04-05 21:16:23,314 [INFO] Successfully parsed data for GEMINISEA (20 rows)
2026-04-05 21:16:23,486 [ERROR] Error uploading GEMINISEA: {'message': "Could not find the 'Audited PE' column of 'lankabd_price_archive' in the schema cache", 'code': 'PGRST204', 'hint': None, 'details': None}
2026-04-05 21:16:24,169 [INFO] [140/413] Fetching price data for GHAIL (from 2026-02-27)...
2026-04-05 21:16:24,170 [INFO] Starting scrape for symbol=GHAIL, range=2026-02-27 to 2026-04-05
2026-04-05 21:16:25,691 [INFO] Successfully parsed data for GHAIL (20 rows)
2026-04-05 21:16:25,874 [ERROR] Error uploading GHAIL: {'message': "Could not find the 'Audited PE' column of 'lankabd_price_archive' in the schema cache", 'code': 'PGRST204', 'hint': None, 'details': None}
2026-04-05 21:16:26,573 [INFO] [141/413] Fetching price data for LOVELLO (from 2026-02-27)...
2026-04-05 21:16:26,574 [INFO] Starting scrape for symbol=LOVELLO, range=2026-02-27 to 2026-04-05
2026-04-05 21:16:28,241 [INFO] Successfully parsed data for LOVELLO (20 rows)
2026-04-05 21:16:28,416 [ERROR] Error uploading LOVELLO: {'message': "Could not find the 'Audited PE' column of 'lankabd_price_archive' in the schema cache", 'code': 'PGRST204', 'hint': None, 'details': None}
2026-04-05 21:16:29,126 [INFO] [142/413] Fetching price data for MEGCONMILK (from 2026-02-27)...
2026-04-05 21:16:29,126 [INFO] Starting scrape for symbol=MEGCONMILK, range=2026-02-27 to 2026-04-05
2026-04-05 21:16:30,535 [INFO] Successfully parsed data for MEGCONMILK (20 rows)
2026-04-05 21:16:30,725 [ERROR] Error uploading MEGCONMILK: {'message': "Could not find the 'Audited PE' column of 'lankabd_price_archive' in the schema cache", 'code': 'PGRST204', 'hint': None, 'details': None}
2026-04-05 21:16:31,442 [INFO] [143/413] Fetching price data for MEGHNAPET (from 2026-02-27)...
2026-04-05 21:16:31,442 [INFO] Starting scrape for symbol=MEGHNAPET, range=2026-02-27 to 2026-04-05
2026-04-05 21:16:32,858 [INFO] Successfully parsed data for MEGHNAPET (20 rows)
2026-04-05 21:16:33,028 [ERROR] Error uploading MEGHNAPET: {'message': "Could not find the 'Audited PE' column of 'lankabd_price_archive' in the schema cache", 'code': 'PGRST204', 'hint': None, 'details': None}
2026-04-05 21:16:33,733 [INFO] [144/413] Fetching price data for NTC (from 2026-02-27)...
2026-04-05 21:16:33,733 [INFO] Starting scrape for symbol=NTC, range=2026-02-27 to 2026-04-05
2026-04-05 21:16:35,211 [INFO] Successfully parsed data for NTC (20 rows)
2026-04-05 21:16:35,460 [ERROR] Error uploading NTC: {'message': "Could not find the 'Audited PE' column of 'lankabd_price_archive' in the schema cache", 'code': 'PGRST204', 'hint': None, 'details': None}
2026-04-05 21:16:36,162 [INFO] [145/413] Fetching price data for OLYMPIC (from 2026-02-27)...
2026-04-05 21:16:36,162 [INFO] Starting scrape for symbol=OLYMPIC, range=2026-02-27 to 2026-04-05
2026-04-05 21:16:37,550 [INFO] Successfully parsed data for OLYMPIC (20 rows)
2026-04-05 21:16:37,749 [ERROR] Error uploading OLYMPIC: {'message': "Could not find the 'Audited PE' column of 'lankabd_price_archive' in the schema cache", 'code': 'PGRST204', 'hint': None, 'details': None}
2026-04-05 21:16:38,848 [INFO] [146/413] Fetching price data for RAHIMAFOOD (from 2026-02-27)...
2026-04-05 21:16:38,848 [INFO] Starting scrape for symbol=RAHIMAFOOD, range=2026-02-27 to 2026-04-05
2026-04-05 21:16:40,334 [INFO] Successfully parsed data for RAHIMAFOOD (20 rows)
2026-04-05 21:16:40,512 [ERROR] Error uploading RAHIMAFOOD: {'message': "Could not find the 'Audited PE' column of 'lankabd_price_archive' in the schema cache", 'code': 'PGRST204', 'hint': None, 'details': None}
2026-04-05 21:16:41,216 [INFO] [147/413] Fetching price data for RDFOOD (from 2026-02-27)...
2026-04-05 21:16:41,216 [INFO] Starting scrape for symbol=RDFOOD, range=2026-02-27 to 2026-04-05
2026-04-05 21:16:42,766 [INFO] Successfully parsed data for RDFOOD (20 rows)
2026-04-05 21:16:42,950 [ERROR] Error uploading RDFOOD: {'message': "Could not find the 'Audited PE' column of 'lankabd_price_archive' in the schema cache", 'code': 'PGRST204', 'hint': None, 'details': None}
2026-04-05 21:16:43,638 [INFO] [148/413] Fetching price data for SHYAMPSUG (from 2026-02-27)...
2026-04-05 21:16:43,639 [INFO] Starting scrape for symbol=SHYAMPSUG, range=2026-02-27 to 2026-04-05
2026-04-05 21:16:44,969 [INFO] Successfully parsed data for SHYAMPSUG (20 rows)
2026-04-05 21:16:45,190 [ERROR] Error uploading SHYAMPSUG: {'message': "Could not find the 'Audited PE' column of 'lankabd_price_archive' in the schema cache", 'code': 'PGRST204', 'hint': None, 'details': None}
2026-04-05 21:16:45,882 [INFO] [149/413] Fetching price data for UNILEVERCL (from 2026-02-27)...
2026-04-05 21:16:45,882 [INFO] Starting scrape for symbol=UNILEVERCL, range=2026-02-27 to 2026-04-05
2026-04-05 21:16:47,387 [INFO] Successfully parsed data for UNILEVERCL (20 rows)
2026-04-05 21:16:47,573 [ERROR] Error uploading UNILEVERCL: {'message': "Could not find the 'Audited PE' column of 'lankabd_price_archive' in the schema cache", 'code': 'PGRST204', 'hint': None, 'details': None}
2026-04-05 21:16:48,265 [INFO] [150/413] Fetching price data for ZEALBANGLA (from 2026-02-27)...
2026-04-05 21:16:48,265 [INFO] Starting scrape for symbol=ZEALBANGLA, range=2026-02-27 to 2026-04-05
2026-04-05 21:16:49,640 [INFO] Successfully parsed data for ZEALBANGLA (20 rows)
2026-04-05 21:16:49,821 [ERROR] Error uploading ZEALBANGLA: {'message': "Could not find the 'Audited PE' column of 'lankabd_price_archive' in the schema cache", 'code': 'PGRST204', 'hint': None, 'details': None}
2026-04-05 21:16:50,524 [INFO] [151/413] Fetching price data for AOL (from 2026-02-27)...
2026-04-05 21:16:50,524 [INFO] Starting scrape for symbol=AOL, range=2026-02-27 to 2026-04-05
2026-04-05 21:16:52,001 [INFO] Successfully parsed data for AOL (20 rows)
2026-04-05 21:16:52,187 [ERROR] Error uploading AOL: {'message': "Could not find the 'Audited PE' column of 'lankabd_price_archive' in the schema cache", 'code': 'PGRST204', 'hint': None, 'details': None}
2026-04-05 21:16:52,873 [INFO] [152/413] Fetching price data for BARKAPOWER (from 2026-02-27)...
2026-04-05 21:16:52,873 [INFO] Starting scrape for symbol=BARKAPOWER, range=2026-02-27 to 2026-04-05
2026-04-05 21:16:54,321 [INFO] Successfully parsed data for BARKAPOWER (20 rows)
2026-04-05 21:16:54,499 [ERROR] Error uploading BARKAPOWER: {'message': "Could not find the 'Audited PE' column of 'lankabd_price_archive' in the schema cache", 'code': 'PGRST204', 'hint': None, 'details': None}
2026-04-05 21:16:55,193 [INFO] [153/413] Fetching price data for BDWELDING (from 2026-02-27)...
2026-04-05 21:16:55,193 [INFO] Starting scrape for symbol=BDWELDING, range=2026-02-27 to 2026-04-05
2026-04-05 21:16:56,568 [INFO] Successfully parsed data for BDWELDING (20 rows)
2026-04-05 21:16:56,753 [ERROR] Error uploading BDWELDING: {'message': "Could not find the 'Audited PE' column of 'lankabd_price_archive' in the schema cache", 'code': 'PGRST204', 'hint': None, 'details': None}
2026-04-05 21:16:57,447 [INFO] [154/413] Fetching price data for BPPL (from 2026-02-27)...
2026-04-05 21:16:57,447 [INFO] Starting scrape for symbol=BPPL, range=2026-02-27 to 2026-04-05
2026-04-05 21:16:58,850 [INFO] Successfully parsed data for BPPL (20 rows)
2026-04-05 21:16:59,216 [ERROR] Error uploading BPPL: {'message': "Could not find the 'Audited PE' column of 'lankabd_price_archive' in the schema cache", 'code': 'PGRST204', 'hint': None, 'details': None}
2026-04-05 21:16:59,943 [INFO] [155/413] Fetching price data for CVOPRL (from 2026-02-27)...
2026-04-05 21:16:59,944 [INFO] Starting scrape for symbol=CVOPRL, range=2026-02-27 to 2026-04-05
2026-04-05 21:17:01,408 [INFO] Successfully parsed data for CVOPRL (20 rows)
2026-04-05 21:17:01,604 [ERROR] Error uploading CVOPRL: {'message': "Could not find the 'Audited PE' column of 'lankabd_price_archive' in the schema cache", 'code': 'PGRST204', 'hint': None, 'details': None}
2026-04-05 21:17:02,288 [INFO] [156/413] Fetching price data for DESCO (from 2026-02-27)...
2026-04-05 21:17:02,289 [INFO] Starting scrape for symbol=DESCO, range=2026-02-27 to 2026-04-05
2026-04-05 21:17:03,648 [INFO] Successfully parsed data for DESCO (20 rows)
2026-04-05 21:17:03,830 [ERROR] Error uploading DESCO: {'message': "Could not find the 'Audited PE' column of 'lankabd_price_archive' in the schema cache", 'code': 'PGRST204', 'hint': None, 'details': None}
2026-04-05 21:17:04,523 [INFO] [157/413] Fetching price data for DOREENPWR (from 2026-02-27)...
2026-04-05 21:17:04,524 [INFO] Starting scrape for symbol=DOREENPWR, range=2026-02-27 to 2026-04-05
2026-04-05 21:17:05,902 [INFO] Successfully parsed data for DOREENPWR (20 rows)
2026-04-05 21:17:06,098 [ERROR] Error uploading DOREENPWR: {'message': "Could not find the 'Audited PE' column of 'lankabd_price_archive' in the schema cache", 'code': 'PGRST204', 'hint': None, 'details': None}
2026-04-05 21:17:06,793 [INFO] [158/413] Fetching price data for EASTRNLUB (from 2026-02-27)...
2026-04-05 21:17:06,793 [INFO] Starting scrape for symbol=EASTRNLUB, range=2026-02-27 to 2026-04-05
2026-04-05 21:17:08,265 [INFO] Successfully parsed data for EASTRNLUB (20 rows)
2026-04-05 21:17:08,440 [ERROR] Error uploading EASTRNLUB: {'message': "Could not find the 'Audited PE' column of 'lankabd_price_archive' in the schema cache", 'code': 'PGRST204', 'hint': None, 'details': None}
2026-04-05 21:17:09,131 [INFO] [159/413] Fetching price data for EPGL (from 2026-02-27)...
2026-04-05 21:17:09,131 [INFO] Starting scrape for symbol=EPGL, range=2026-02-27 to 2026-04-05
2026-04-05 21:17:10,472 [INFO] Successfully parsed data for EPGL (20 rows)
2026-04-05 21:17:10,650 [ERROR] Error uploading EPGL: {'message': "Could not find the 'Audited PE' column of 'lankabd_price_archive' in the schema cache", 'code': 'PGRST204', 'hint': None, 'details': None}
2026-04-05 21:17:11,347 [INFO] [160/413] Fetching price data for GBBPOWER (from 2026-02-27)...
2026-04-05 21:17:11,348 [INFO] Starting scrape for symbol=GBBPOWER, range=2026-02-27 to 2026-04-05
2026-04-05 21:17:12,686 [INFO] Successfully parsed data for GBBPOWER (20 rows)
2026-04-05 21:17:12,884 [ERROR] Error uploading GBBPOWER: {'message': "Could not find the 'Audited PE' column of 'lankabd_price_archive' in the schema cache", 'code': 'PGRST204', 'hint': None, 'details': None}
2026-04-05 21:17:13,808 [INFO] [161/413] Fetching price data for INTRACO (from 2026-02-27)...
2026-04-05 21:17:13,808 [INFO] Starting scrape for symbol=INTRACO, range=2026-02-27 to 2026-04-05
2026-04-05 21:17:15,389 [INFO] Successfully parsed data for INTRACO (20 rows)
2026-04-05 21:17:15,566 [ERROR] Error uploading INTRACO: {'message': "Could not find the 'Audited PE' column of 'lankabd_price_archive' in the schema cache", 'code': 'PGRST204', 'hint': None, 'details': None}
2026-04-05 21:17:16,275 [INFO] [162/413] Fetching price data for JAMUNAOIL (from 2026-02-27)...
2026-04-05 21:17:16,276 [INFO] Starting scrape for symbol=JAMUNAOIL, range=2026-02-27 to 2026-04-05
2026-04-05 21:17:17,694 [INFO] Successfully parsed data for JAMUNAOIL (20 rows)
2026-04-05 21:17:17,875 [ERROR] Error uploading JAMUNAOIL: {'message': "Could not find the 'Audited PE' column of 'lankabd_price_archive' in the schema cache", 'code': 'PGRST204', 'hint': None, 'details': None}
2026-04-05 21:17:18,565 [INFO] [163/413] Fetching price data for KPCL (from 2026-02-27)...
2026-04-05 21:17:18,566 [INFO] Starting scrape for symbol=KPCL, range=2026-02-27 to 2026-04-05
2026-04-05 21:17:19,938 [INFO] Successfully parsed data for KPCL (20 rows)
2026-04-05 21:17:20,113 [ERROR] Error uploading KPCL: {'message': "Could not find the 'Audited PE' column of 'lankabd_price_archive' in the schema cache", 'code': 'PGRST204', 'hint': None, 'details': None}
2026-04-05 21:17:20,807 [INFO] [164/413] Fetching price data for LINDEBD (from 2026-02-27)...
2026-04-05 21:17:20,807 [INFO] Starting scrape for symbol=LINDEBD, range=2026-02-27 to 2026-04-05
2026-04-05 21:17:22,146 [INFO] Successfully parsed data for LINDEBD (20 rows)
2026-04-05 21:17:22,320 [ERROR] Error uploading LINDEBD: {'message': "Could not find the 'Audited PE' column of 'lankabd_price_archive' in the schema cache", 'code': 'PGRST204', 'hint': None, 'details': None}
2026-04-05 21:17:23,004 [INFO] [165/413] Fetching price data for LRBDL (from 2026-02-27)...
2026-04-05 21:17:23,005 [INFO] Starting scrape for symbol=LRBDL, range=2026-02-27 to 2026-04-05
2026-04-05 21:17:24,343 [INFO] Successfully parsed data for LRBDL (20 rows)
2026-04-05 21:17:24,514 [ERROR] Error uploading LRBDL: {'message': "Could not find the 'Audited PE' column of 'lankabd_price_archive' in the schema cache", 'code': 'PGRST204', 'hint': None, 'details': None}
2026-04-05 21:17:25,205 [INFO] [166/413] Fetching price data for MJLBD (from 2026-02-27)...
2026-04-05 21:17:25,206 [INFO] Starting scrape for symbol=MJLBD, range=2026-02-27 to 2026-04-05
2026-04-05 21:17:26,610 [INFO] Successfully parsed data for MJLBD (20 rows)
2026-04-05 21:17:26,792 [ERROR] Error uploading MJLBD: {'message': "Could not find the 'Audited PE' column of 'lankabd_price_archive' in the schema cache", 'code': 'PGRST204', 'hint': None, 'details': None}
2026-04-05 21:17:27,476 [INFO] [167/413] Fetching price data for MPETROLEUM (from 2026-02-27)...
2026-04-05 21:17:27,477 [INFO] Starting scrape for symbol=MPETROLEUM, range=2026-02-27 to 2026-04-05
2026-04-05 21:17:28,836 [INFO] Successfully parsed data for MPETROLEUM (20 rows)
2026-04-05 21:17:29,004 [ERROR] Error uploading MPETROLEUM: {'message': "Could not find the 'Audited PE' column of 'lankabd_price_archive' in the schema cache", 'code': 'PGRST204', 'hint': None, 'details': None}
2026-04-05 21:17:29,691 [INFO] [168/413] Fetching price data for PADMAOIL (from 2026-02-27)...
2026-04-05 21:17:29,691 [INFO] Starting scrape for symbol=PADMAOIL, range=2026-02-27 to 2026-04-05
2026-04-05 21:17:31,065 [INFO] Successfully parsed data for PADMAOIL (20 rows)
2026-04-05 21:17:31,244 [ERROR] Error uploading PADMAOIL: {'message': "Could not find the 'Audited PE' column of 'lankabd_price_archive' in the schema cache", 'code': 'PGRST204', 'hint': None, 'details': None}
2026-04-05 21:17:31,926 [INFO] [169/413] Fetching price data for POWERGRID (from 2026-02-27)...
2026-04-05 21:17:31,926 [INFO] Starting scrape for symbol=POWERGRID, range=2026-02-27 to 2026-04-05
