2026-04-05 21:11:57,811 [INFO] Extracted 413 unique symbols from lankabd_data_all_sectors.csv
2026-04-05 21:11:57,811 [INFO] Total symbols to process: 413
2026-04-05 21:11:58,019 [INFO] [1/413] Fetching price data for ABBANK (from 2026-02-27)...
2026-04-05 21:11:58,019 [INFO] Starting scrape for symbol=ABBANK, range=2026-02-27 to 2026-04-05
2026-04-05 21:11:59,419 [INFO] Successfully parsed data for ABBANK (20 rows)
2026-04-05 21:11:59,614 [ERROR] Error uploading ABBANK: {'message': "Could not find the 'Audited PE' column of 'lankabd_price_archive' in the schema cache", 'code': 'PGRST204', 'hint': None, 'details': None}
2026-04-05 21:12:00,301 [INFO] [2/413] Fetching price data for ALARABANK (from 2026-02-27)...
2026-04-05 21:12:00,301 [INFO] Starting scrape for symbol=ALARABANK, range=2026-02-27 to 2026-04-05
2026-04-05 21:12:01,688 [INFO] Successfully parsed data for ALARABANK (20 rows)
2026-04-05 21:12:01,868 [ERROR] Error uploading ALARABANK: {'message': "Could not find the 'Audited PE' column of 'lankabd_price_archive' in the schema cache", 'code': 'PGRST204', 'hint': None, 'details': None}
2026-04-05 21:12:02,556 [INFO] [3/413] Fetching price data for BANKASIA (from 2026-02-27)...
2026-04-05 21:12:02,556 [INFO] Starting scrape for symbol=BANKASIA, range=2026-02-27 to 2026-04-05
2026-04-05 21:12:03,947 [INFO] Successfully parsed data for BANKASIA (20 rows)
2026-04-05 21:12:04,129 [ERROR] Error uploading BANKASIA: {'message': "Could not find the 'Audited PE' column of 'lankabd_price_archive' in the schema cache", 'code': 'PGRST204', 'hint': None, 'details': None}
2026-04-05 21:12:04,826 [INFO] [4/413] Fetching price data for BRACBANK (from 2026-02-27)...
2026-04-05 21:12:04,826 [INFO] Starting scrape for symbol=BRACBANK, range=2026-02-27 to 2026-04-05
2026-04-05 21:12:06,166 [INFO] Successfully parsed data for BRACBANK (20 rows)
2026-04-05 21:12:06,337 [ERROR] Error uploading BRACBANK: {'message': "Could not find the 'Audited PE' column of 'lankabd_price_archive' in the schema cache", 'code': 'PGRST204', 'hint': None, 'details': None}
2026-04-05 21:12:07,022 [INFO] [5/413] Fetching price data for CITYBANK (from 2026-02-27)...
2026-04-05 21:12:07,022 [INFO] Starting scrape for symbol=CITYBANK, range=2026-02-27 to 2026-04-05
2026-04-05 21:12:08,340 [INFO] Successfully parsed data for CITYBANK (20 rows)
2026-04-05 21:12:08,522 [ERROR] Error uploading CITYBANK: {'message': "Could not find the 'Audited PE' column of 'lankabd_price_archive' in the schema cache", 'code': 'PGRST204', 'hint': None, 'details': None}
2026-04-05 21:12:09,211 [INFO] [6/413] Fetching price data for DHAKABANK (from 2026-02-27)...
2026-04-05 21:12:09,212 [INFO] Starting scrape for symbol=DHAKABANK, range=2026-02-27 to 2026-04-05
2026-04-05 21:12:10,518 [INFO] Successfully parsed data for DHAKABANK (20 rows)
2026-04-05 21:12:10,691 [ERROR] Error uploading DHAKABANK: {'message': "Could not find the 'Audited PE' column of 'lankabd_price_archive' in the schema cache", 'code': 'PGRST204', 'hint': None, 'details': None}
2026-04-05 21:12:11,373 [INFO] [7/413] Fetching price data for DUTCHBANGL (from 2026-02-27)...
2026-04-05 21:12:11,373 [INFO] Starting scrape for symbol=DUTCHBANGL, range=2026-02-27 to 2026-04-05
2026-04-05 21:12:12,656 [INFO] Successfully parsed data for DUTCHBANGL (20 rows)
2026-04-05 21:12:12,838 [ERROR] Error uploading DUTCHBANGL: {'message': "Could not find the 'Audited PE' column of 'lankabd_price_archive' in the schema cache", 'code': 'PGRST204', 'hint': None, 'details': None}
2026-04-05 21:12:13,520 [INFO] [8/413] Fetching price data for EBL (from 2026-02-27)...
2026-04-05 21:12:13,521 [INFO] Starting scrape for symbol=EBL, range=2026-02-27 to 2026-04-05
2026-04-05 21:12:14,850 [INFO] Successfully parsed data for EBL (20 rows)
2026-04-05 21:12:15,030 [ERROR] Error uploading EBL: {'message': "Could not find the 'Audited PE' column of 'lankabd_price_archive' in the schema cache", 'code': 'PGRST204', 'hint': None, 'details': None}
2026-04-05 21:12:15,731 [INFO] [9/413] Fetching price data for EXIMBANK (from 2026-02-27)...
2026-04-05 21:12:15,731 [INFO] Starting scrape for symbol=EXIMBANK, range=2026-02-27 to 2026-04-05
2026-04-05 21:12:17,111 [INFO] Successfully parsed data for EXIMBANK (20 rows)
2026-04-05 21:12:17,282 [ERROR] Error uploading EXIMBANK: {'message': "Could not find the 'Audited PE' column of 'lankabd_price_archive' in the schema cache", 'code': 'PGRST204', 'hint': None, 'details': None}
2026-04-05 21:12:17,972 [INFO] [10/413] Fetching price data for FIRSTSBANK (from 2026-02-27)...
2026-04-05 21:12:17,972 [INFO] Starting scrape for symbol=FIRSTSBANK, range=2026-02-27 to 2026-04-05
2026-04-05 21:12:19,327 [INFO] Successfully parsed data for FIRSTSBANK (20 rows)
2026-04-05 21:12:19,507 [ERROR] Error uploading FIRSTSBANK: {'message': "Could not find the 'Audited PE' column of 'lankabd_price_archive' in the schema cache", 'code': 'PGRST204', 'hint': None, 'details': None}
2026-04-05 21:12:20,200 [INFO] [11/413] Fetching price data for GIB (from 2026-02-27)...
2026-04-05 21:12:20,200 [INFO] Starting scrape for symbol=GIB, range=2026-02-27 to 2026-04-05
2026-04-05 21:12:21,578 [INFO] Successfully parsed data for GIB (20 rows)
2026-04-05 21:12:21,769 [ERROR] Error uploading GIB: {'message': "Could not find the 'Audited PE' column of 'lankabd_price_archive' in the schema cache", 'code': 'PGRST204', 'hint': None, 'details': None}
2026-04-05 21:12:22,461 [INFO] [12/413] Fetching price data for ICBIBANK (from 2026-02-27)...
2026-04-05 21:12:22,461 [INFO] Starting scrape for symbol=ICBIBANK, range=2026-02-27 to 2026-04-05
2026-04-05 21:12:23,784 [INFO] Successfully parsed data for ICBIBANK (20 rows)
2026-04-05 21:12:23,961 [ERROR] Error uploading ICBIBANK: {'message': "Could not find the 'Audited PE' column of 'lankabd_price_archive' in the schema cache", 'code': 'PGRST204', 'hint': None, 'details': None}
2026-04-05 21:12:24,740 [INFO] [13/413] Fetching price data for IFIC (from 2026-02-27)...
2026-04-05 21:12:24,740 [INFO] Starting scrape for symbol=IFIC, range=2026-02-27 to 2026-04-05
2026-04-05 21:12:26,034 [INFO] Successfully parsed data for IFIC (20 rows)
2026-04-05 21:12:26,223 [ERROR] Error uploading IFIC: {'message': "Could not find the 'Audited PE' column of 'lankabd_price_archive' in the schema cache", 'code': 'PGRST204', 'hint': None, 'details': None}
2026-04-05 21:12:26,903 [INFO] [14/413] Fetching price data for ISLAMIBANK (from 2026-02-27)...
2026-04-05 21:12:26,903 [INFO] Starting scrape for symbol=ISLAMIBANK, range=2026-02-27 to 2026-04-05
2026-04-05 21:12:28,358 [INFO] Successfully parsed data for ISLAMIBANK (20 rows)
2026-04-05 21:12:28,537 [ERROR] Error uploading ISLAMIBANK: {'message': "Could not find the 'Audited PE' column of 'lankabd_price_archive' in the schema cache", 'code': 'PGRST204', 'hint': None, 'details': None}
2026-04-05 21:12:29,786 [INFO] [15/413] Fetching price data for JAMUNABANK (from 2026-02-27)...
2026-04-05 21:12:29,786 [INFO] Starting scrape for symbol=JAMUNABANK, range=2026-02-27 to 2026-04-05
2026-04-05 21:12:31,673 [INFO] Successfully parsed data for JAMUNABANK (20 rows)
2026-04-05 21:12:31,849 [ERROR] Error uploading JAMUNABANK: {'message': "Could not find the 'Audited PE' column of 'lankabd_price_archive' in the schema cache", 'code': 'PGRST204', 'hint': None, 'details': None}
2026-04-05 21:12:32,536 [INFO] [16/413] Fetching price data for MERCANBANK (from 2026-02-27)...
2026-04-05 21:12:32,537 [INFO] Starting scrape for symbol=MERCANBANK, range=2026-02-27 to 2026-04-05
2026-04-05 21:12:33,870 [INFO] Successfully parsed data for MERCANBANK (20 rows)
2026-04-05 21:12:34,047 [ERROR] Error uploading MERCANBANK: {'message': "Could not find the 'Audited PE' column of 'lankabd_price_archive' in the schema cache", 'code': 'PGRST204', 'hint': None, 'details': None}
2026-04-05 21:12:34,744 [INFO] [17/413] Fetching price data for MIDLANDBNK (from 2026-02-27)...
2026-04-05 21:12:34,745 [INFO] Starting scrape for symbol=MIDLANDBNK, range=2026-02-27 to 2026-04-05
2026-04-05 21:12:36,118 [INFO] Successfully parsed data for MIDLANDBNK (20 rows)
2026-04-05 21:12:36,310 [ERROR] Error uploading MIDLANDBNK: {'message': "Could not find the 'Audited PE' column of 'lankabd_price_archive' in the schema cache", 'code': 'PGRST204', 'hint': None, 'details': None}
2026-04-05 21:12:36,998 [INFO] [18/413] Fetching price data for MTB (from 2026-02-27)...
2026-04-05 21:12:36,999 [INFO] Starting scrape for symbol=MTB, range=2026-02-27 to 2026-04-05
2026-04-05 21:12:38,379 [INFO] Successfully parsed data for MTB (20 rows)
2026-04-05 21:12:38,551 [ERROR] Error uploading MTB: {'message': "Could not find the 'Audited PE' column of 'lankabd_price_archive' in the schema cache", 'code': 'PGRST204', 'hint': None, 'details': None}
2026-04-05 21:12:39,237 [INFO] [19/413] Fetching price data for NBL (from 2026-02-27)...
2026-04-05 21:12:39,238 [INFO] Starting scrape for symbol=NBL, range=2026-02-27 to 2026-04-05
2026-04-05 21:12:40,566 [INFO] Successfully parsed data for NBL (20 rows)
2026-04-05 21:12:40,740 [ERROR] Error uploading NBL: {'message': "Could not find the 'Audited PE' column of 'lankabd_price_archive' in the schema cache", 'code': 'PGRST204', 'hint': None, 'details': None}
2026-04-05 21:12:41,484 [INFO] [20/413] Fetching price data for NCCBANK (from 2026-02-27)...
2026-04-05 21:12:41,484 [INFO] Starting scrape for symbol=NCCBANK, range=2026-02-27 to 2026-04-05
2026-04-05 21:12:42,932 [INFO] Successfully parsed data for NCCBANK (20 rows)
2026-04-05 21:12:43,127 [ERROR] Error uploading NCCBANK: {'message': "Could not find the 'Audited PE' column of 'lankabd_price_archive' in the schema cache", 'code': 'PGRST204', 'hint': None, 'details': None}
2026-04-05 21:12:43,818 [INFO] [21/413] Fetching price data for NRBBANK (from 2026-02-27)...
2026-04-05 21:12:43,819 [INFO] Starting scrape for symbol=NRBBANK, range=2026-02-27 to 2026-04-05
2026-04-05 21:12:45,103 [INFO] Successfully parsed data for NRBBANK (20 rows)
2026-04-05 21:12:45,306 [ERROR] Error uploading NRBBANK: {'message': "Could not find the 'Audited PE' column of 'lankabd_price_archive' in the schema cache", 'code': 'PGRST204', 'hint': None, 'details': None}
2026-04-05 21:12:45,996 [INFO] [22/413] Fetching price data for NRBCBANK (from 2026-02-27)...
2026-04-05 21:12:45,996 [INFO] Starting scrape for symbol=NRBCBANK, range=2026-02-27 to 2026-04-05
2026-04-05 21:12:47,344 [INFO] Successfully parsed data for NRBCBANK (20 rows)
2026-04-05 21:12:47,533 [ERROR] Error uploading NRBCBANK: {'message': "Could not find the 'Audited PE' column of 'lankabd_price_archive' in the schema cache", 'code': 'PGRST204', 'hint': None, 'details': None}
2026-04-05 21:12:48,232 [INFO] [23/413] Fetching price data for ONEBANKPLC (from 2026-02-27)...
2026-04-05 21:12:48,232 [INFO] Starting scrape for symbol=ONEBANKPLC, range=2026-02-27 to 2026-04-05
2026-04-05 21:12:49,607 [INFO] Successfully parsed data for ONEBANKPLC (20 rows)
2026-04-05 21:12:49,788 [ERROR] Error uploading ONEBANKPLC: {'message': "Could not find the 'Audited PE' column of 'lankabd_price_archive' in the schema cache", 'code': 'PGRST204', 'hint': None, 'details': None}
2026-04-05 21:12:50,486 [INFO] [24/413] Fetching price data for PREMIERBAN (from 2026-02-27)...
2026-04-05 21:12:50,487 [INFO] Starting scrape for symbol=PREMIERBAN, range=2026-02-27 to 2026-04-05
2026-04-05 21:12:51,847 [INFO] Successfully parsed data for PREMIERBAN (20 rows)
2026-04-05 21:12:52,023 [ERROR] Error uploading PREMIERBAN: {'message': "Could not find the 'Audited PE' column of 'lankabd_price_archive' in the schema cache", 'code': 'PGRST204', 'hint': None, 'details': None}
2026-04-05 21:12:52,734 [INFO] [25/413] Fetching price data for PRIMEBANK (from 2026-02-27)...
2026-04-05 21:12:52,735 [INFO] Starting scrape for symbol=PRIMEBANK, range=2026-02-27 to 2026-04-05
2026-04-05 21:12:54,233 [INFO] Successfully parsed data for PRIMEBANK (20 rows)
2026-04-05 21:12:54,410 [ERROR] Error uploading PRIMEBANK: {'message': "Could not find the 'Audited PE' column of 'lankabd_price_archive' in the schema cache", 'code': 'PGRST204', 'hint': None, 'details': None}
2026-04-05 21:12:55,107 [INFO] [26/413] Fetching price data for PUBALIBANK (from 2026-02-27)...
2026-04-05 21:12:55,107 [INFO] Starting scrape for symbol=PUBALIBANK, range=2026-02-27 to 2026-04-05
2026-04-05 21:12:56,562 [INFO] Successfully parsed data for PUBALIBANK (20 rows)
2026-04-05 21:12:56,751 [ERROR] Error uploading PUBALIBANK: {'message': "Could not find the 'Audited PE' column of 'lankabd_price_archive' in the schema cache", 'code': 'PGRST204', 'hint': None, 'details': None}
2026-04-05 21:12:57,450 [INFO] [27/413] Fetching price data for RUPALIBANK (from 2026-02-27)...
2026-04-05 21:12:57,450 [INFO] Starting scrape for symbol=RUPALIBANK, range=2026-02-27 to 2026-04-05
2026-04-05 21:12:58,928 [INFO] Successfully parsed data for RUPALIBANK (20 rows)
2026-04-05 21:12:59,192 [ERROR] Error uploading RUPALIBANK: {'message': "Could not find the 'Audited PE' column of 'lankabd_price_archive' in the schema cache", 'code': 'PGRST204', 'hint': None, 'details': None}
2026-04-05 21:12:59,909 [INFO] [28/413] Fetching price data for SBACBANK (from 2026-02-27)...
2026-04-05 21:12:59,910 [INFO] Starting scrape for symbol=SBACBANK, range=2026-02-27 to 2026-04-05
2026-04-05 21:13:01,365 [INFO] Successfully parsed data for SBACBANK (20 rows)
2026-04-05 21:13:01,559 [ERROR] Error uploading SBACBANK: {'message': "Could not find the 'Audited PE' column of 'lankabd_price_archive' in the schema cache", 'code': 'PGRST204', 'hint': None, 'details': None}
2026-04-05 21:13:02,261 [INFO] [29/413] Fetching price data for SHAHJABANK (from 2026-02-27)...
2026-04-05 21:13:02,261 [INFO] Starting scrape for symbol=SHAHJABANK, range=2026-02-27 to 2026-04-05
2026-04-05 21:13:03,615 [INFO] Successfully parsed data for SHAHJABANK (20 rows)
2026-04-05 21:13:03,796 [ERROR] Error uploading SHAHJABANK: {'message': "Could not find the 'Audited PE' column of 'lankabd_price_archive' in the schema cache", 'code': 'PGRST204', 'hint': None, 'details': None}
2026-04-05 21:13:04,487 [INFO] [30/413] Fetching price data for SIBL (from 2026-02-27)...
2026-04-05 21:13:04,487 [INFO] Starting scrape for symbol=SIBL, range=2026-02-27 to 2026-04-05
2026-04-05 21:13:06,091 [INFO] Successfully parsed data for SIBL (20 rows)
2026-04-05 21:13:06,272 [ERROR] Error uploading SIBL: {'message': "Could not find the 'Audited PE' column of 'lankabd_price_archive' in the schema cache", 'code': 'PGRST204', 'hint': None, 'details': None}
2026-04-05 21:13:06,953 [INFO] [31/413] Fetching price data for SOUTHEASTB (from 2026-02-27)...
2026-04-05 21:13:06,954 [INFO] Starting scrape for symbol=SOUTHEASTB, range=2026-02-27 to 2026-04-05
2026-04-05 21:13:08,269 [INFO] Successfully parsed data for SOUTHEASTB (20 rows)
2026-04-05 21:13:08,453 [ERROR] Error uploading SOUTHEASTB: {'message': "Could not find the 'Audited PE' column of 'lankabd_price_archive' in the schema cache", 'code': 'PGRST204', 'hint': None, 'details': None}
2026-04-05 21:13:09,144 [INFO] [32/413] Fetching price data for STANDBANKL (from 2026-02-27)...
2026-04-05 21:13:09,144 [INFO] Starting scrape for symbol=STANDBANKL, range=2026-02-27 to 2026-04-05
2026-04-05 21:13:10,619 [INFO] Successfully parsed data for STANDBANKL (20 rows)
2026-04-05 21:13:10,796 [ERROR] Error uploading STANDBANKL: {'message': "Could not find the 'Audited PE' column of 'lankabd_price_archive' in the schema cache", 'code': 'PGRST204', 'hint': None, 'details': None}
2026-04-05 21:13:11,483 [INFO] [33/413] Fetching price data for TRUSTBANK (from 2026-02-27)...
2026-04-05 21:13:11,483 [INFO] Starting scrape for symbol=TRUSTBANK, range=2026-02-27 to 2026-04-05
2026-04-05 21:13:12,787 [INFO] Successfully parsed data for TRUSTBANK (20 rows)
2026-04-05 21:13:12,992 [ERROR] Error uploading TRUSTBANK: {'message': "Could not find the 'Audited PE' column of 'lankabd_price_archive' in the schema cache", 'code': 'PGRST204', 'hint': None, 'details': None}
2026-04-05 21:13:13,689 [INFO] [34/413] Fetching price data for UCB (from 2026-02-27)...
2026-04-05 21:13:13,689 [INFO] Starting scrape for symbol=UCB, range=2026-02-27 to 2026-04-05
2026-04-05 21:13:15,015 [INFO] Successfully parsed data for UCB (20 rows)
2026-04-05 21:13:15,203 [ERROR] Error uploading UCB: {'message': "Could not find the 'Audited PE' column of 'lankabd_price_archive' in the schema cache", 'code': 'PGRST204', 'hint': None, 'details': None}
2026-04-05 21:13:15,889 [INFO] [35/413] Fetching price data for UNIONBANK (from 2026-02-27)...
2026-04-05 21:13:15,889 [INFO] Starting scrape for symbol=UNIONBANK, range=2026-02-27 to 2026-04-05
2026-04-05 21:13:17,209 [INFO] Successfully parsed data for UNIONBANK (20 rows)
2026-04-05 21:13:17,385 [ERROR] Error uploading UNIONBANK: {'message': "Could not find the 'Audited PE' column of 'lankabd_price_archive' in the schema cache", 'code': 'PGRST204', 'hint': None, 'details': None}
2026-04-05 21:13:18,072 [INFO] [36/413] Fetching price data for UTTARABANK (from 2026-02-27)...
2026-04-05 21:13:18,072 [INFO] Starting scrape for symbol=UTTARABANK, range=2026-02-27 to 2026-04-05
2026-04-05 21:13:19,411 [INFO] Successfully parsed data for UTTARABANK (20 rows)
2026-04-05 21:13:19,596 [ERROR] Error uploading UTTARABANK: {'message': "Could not find the 'Audited PE' column of 'lankabd_price_archive' in the schema cache", 'code': 'PGRST204', 'hint': None, 'details': None}
2026-04-05 21:13:20,282 [INFO] [37/413] Fetching price data for ARAMITCEM (from 2026-02-27)...
2026-04-05 21:13:20,282 [INFO] Starting scrape for symbol=ARAMITCEM, range=2026-02-27 to 2026-04-05
2026-04-05 21:13:21,564 [INFO] Successfully parsed data for ARAMITCEM (20 rows)
2026-04-05 21:13:21,741 [ERROR] Error uploading ARAMITCEM: {'message': "Could not find the 'Audited PE' column of 'lankabd_price_archive' in the schema cache", 'code': 'PGRST204', 'hint': None, 'details': None}
2026-04-05 21:13:22,632 [INFO] [38/413] Fetching price data for CONFIDCEM (from 2026-02-27)...
2026-04-05 21:13:22,632 [INFO] Starting scrape for symbol=CONFIDCEM, range=2026-02-27 to 2026-04-05
2026-04-05 21:13:24,528 [INFO] Successfully parsed data for CONFIDCEM (20 rows)
2026-04-05 21:13:24,752 [ERROR] Error uploading CONFIDCEM: {'message': "Could not find the 'Audited PE' column of 'lankabd_price_archive' in the schema cache", 'code': 'PGRST204', 'hint': None, 'details': None}
2026-04-05 21:13:25,454 [INFO] [39/413] Fetching price data for CROWNCEMNT (from 2026-02-27)...
2026-04-05 21:13:25,455 [INFO] Starting scrape for symbol=CROWNCEMNT, range=2026-02-27 to 2026-04-05
2026-04-05 21:13:26,839 [INFO] Successfully parsed data for CROWNCEMNT (20 rows)
2026-04-05 21:13:27,016 [ERROR] Error uploading CROWNCEMNT: {'message': "Could not find the 'Audited PE' column of 'lankabd_price_archive' in the schema cache", 'code': 'PGRST204', 'hint': None, 'details': None}
2026-04-05 21:13:27,711 [INFO] [40/413] Fetching price data for HEIDELBCEM (from 2026-02-27)...
2026-04-05 21:13:27,712 [INFO] Starting scrape for symbol=HEIDELBCEM, range=2026-02-27 to 2026-04-05
2026-04-05 21:13:29,136 [INFO] Successfully parsed data for HEIDELBCEM (20 rows)
2026-04-05 21:13:29,399 [ERROR] Error uploading HEIDELBCEM: {'message': "Could not find the 'Audited PE' column of 'lankabd_price_archive' in the schema cache", 'code': 'PGRST204', 'hint': None, 'details': None}
2026-04-05 21:13:30,100 [INFO] [41/413] Fetching price data for LHB (from 2026-02-27)...
2026-04-05 21:13:30,100 [INFO] Starting scrape for symbol=LHB, range=2026-02-27 to 2026-04-05
2026-04-05 21:13:31,498 [INFO] Successfully parsed data for LHB (80 rows)
2026-04-05 21:13:31,710 [ERROR] Error uploading LHB: {'message': "Could not find the 'Audited PE' column of 'lankabd_price_archive' in the schema cache", 'code': 'PGRST204', 'hint': None, 'details': None}
2026-04-05 21:13:32,395 [INFO] [42/413] Fetching price data for MEGHNACEM (from 2026-02-27)...
2026-04-05 21:13:32,395 [INFO] Starting scrape for symbol=MEGHNACEM, range=2026-02-27 to 2026-04-05
2026-04-05 21:13:33,737 [INFO] Successfully parsed data for MEGHNACEM (20 rows)
2026-04-05 21:13:33,913 [ERROR] Error uploading MEGHNACEM: {'message': "Could not find the 'Audited PE' column of 'lankabd_price_archive' in the schema cache", 'code': 'PGRST204', 'hint': None, 'details': None}
2026-04-05 21:13:34,594 [INFO] [43/413] Fetching price data for PREMIERCEM (from 2026-02-27)...
2026-04-05 21:13:34,594 [INFO] Starting scrape for symbol=PREMIERCEM, range=2026-02-27 to 2026-04-05
2026-04-05 21:13:35,878 [INFO] Successfully parsed data for PREMIERCEM (20 rows)
2026-04-05 21:13:36,063 [ERROR] Error uploading PREMIERCEM: {'message': "Could not find the 'Audited PE' column of 'lankabd_price_archive' in the schema cache", 'code': 'PGRST204', 'hint': None, 'details': None}
2026-04-05 21:13:36,766 [INFO] [44/413] Fetching price data for FUWANGCER (from 2026-02-27)...
2026-04-05 21:13:36,766 [INFO] Starting scrape for symbol=FUWANGCER, range=2026-02-27 to 2026-04-05
2026-04-05 21:13:38,605 [INFO] Successfully parsed data for FUWANGCER (20 rows)
2026-04-05 21:13:38,806 [ERROR] Error uploading FUWANGCER: {'message': "Could not find the 'Audited PE' column of 'lankabd_price_archive' in the schema cache", 'code': 'PGRST204', 'hint': None, 'details': None}
2026-04-05 21:13:39,495 [INFO] [45/413] Fetching price data for MONNOCERA (from 2026-02-27)...
2026-04-05 21:13:39,495 [INFO] Starting scrape for symbol=MONNOCERA, range=2026-02-27 to 2026-04-05
2026-04-05 21:13:40,923 [INFO] Successfully parsed data for MONNOCERA (20 rows)
2026-04-05 21:13:41,137 [ERROR] Error uploading MONNOCERA: {'message': "Could not find the 'Audited PE' column of 'lankabd_price_archive' in the schema cache", 'code': 'PGRST204', 'hint': None, 'details': None}
2026-04-05 21:13:41,849 [INFO] [46/413] Fetching price data for RAKCERAMIC (from 2026-02-27)...
2026-04-05 21:13:41,849 [INFO] Starting scrape for symbol=RAKCERAMIC, range=2026-02-27 to 2026-04-05
2026-04-05 21:13:43,369 [INFO] Successfully parsed data for RAKCERAMIC (20 rows)
2026-04-05 21:13:43,607 [ERROR] Error uploading RAKCERAMIC: {'message': "Could not find the 'Audited PE' column of 'lankabd_price_archive' in the schema cache", 'code': 'PGRST204', 'hint': None, 'details': None}
2026-04-05 21:13:44,287 [INFO] [47/413] Fetching price data for SPCERAMICS (from 2026-02-27)...
2026-04-05 21:13:44,288 [INFO] Starting scrape for symbol=SPCERAMICS, range=2026-02-27 to 2026-04-05
2026-04-05 21:13:45,623 [INFO] Successfully parsed data for SPCERAMICS (20 rows)
2026-04-05 21:13:45,793 [ERROR] Error uploading SPCERAMICS: {'message': "Could not find the 'Audited PE' column of 'lankabd_price_archive' in the schema cache", 'code': 'PGRST204', 'hint': None, 'details': None}
2026-04-05 21:13:46,484 [INFO] [48/413] Fetching price data for STANCERAM (from 2026-02-27)...
2026-04-05 21:13:46,484 [INFO] Starting scrape for symbol=STANCERAM, range=2026-02-27 to 2026-04-05
2026-04-05 21:13:47,874 [INFO] Successfully parsed data for STANCERAM (20 rows)
2026-04-05 21:13:48,049 [ERROR] Error uploading STANCERAM: {'message': "Could not find the 'Audited PE' column of 'lankabd_price_archive' in the schema cache", 'code': 'PGRST204', 'hint': None, 'details': None}
2026-04-05 21:13:48,741 [INFO] [49/413] Fetching price data for ABBLPBOND (from 2026-02-27)...
2026-04-05 21:13:48,741 [INFO] Starting scrape for symbol=ABBLPBOND, range=2026-02-27 to 2026-04-05
2026-04-05 21:13:50,353 [INFO] Successfully parsed data for ABBLPBOND (20 rows)
2026-04-05 21:13:50,532 [ERROR] Error uploading ABBLPBOND: {'message': "Could not find the 'Audited PE' column of 'lankabd_price_archive' in the schema cache", 'code': 'PGRST204', 'hint': None, 'details': None}
2026-04-05 21:13:51,238 [INFO] [50/413] Fetching price data for AIBLPBOND (from 2026-02-27)...
2026-04-05 21:13:51,238 [INFO] Starting scrape for symbol=AIBLPBOND, range=2026-02-27 to 2026-04-05
2026-04-05 21:13:52,800 [INFO] Successfully parsed data for AIBLPBOND (20 rows)
2026-04-05 21:13:52,983 [ERROR] Error uploading AIBLPBOND: {'message': "Could not find the 'Audited PE' column of 'lankabd_price_archive' in the schema cache", 'code': 'PGRST204', 'hint': None, 'details': None}
2026-04-05 21:13:53,694 [INFO] [51/413] Fetching price data for APSCLBOND (from 2026-02-27)...
2026-04-05 21:13:53,694 [INFO] Starting scrape for symbol=APSCLBOND, range=2026-02-27 to 2026-04-05
2026-04-05 21:13:55,563 [INFO] Successfully parsed data for APSCLBOND (20 rows)
2026-04-05 21:13:55,736 [ERROR] Error uploading APSCLBOND: {'message': "Could not find the 'Audited PE' column of 'lankabd_price_archive' in the schema cache", 'code': 'PGRST204', 'hint': None, 'details': None}
2026-04-05 21:13:56,427 [INFO] [52/413] Fetching price data for BANKASI1PB (from 2026-02-27)...
2026-04-05 21:13:56,428 [INFO] Starting scrape for symbol=BANKASI1PB, range=2026-02-27 to 2026-04-05
2026-04-05 21:13:57,801 [INFO] Successfully parsed data for BANKASI1PB (20 rows)
2026-04-05 21:13:57,977 [ERROR] Error uploading BANKASI1PB: {'message': "Could not find the 'Audited PE' column of 'lankabd_price_archive' in the schema cache", 'code': 'PGRST204', 'hint': None, 'details': None}
2026-04-05 21:13:58,689 [INFO] [53/413] Fetching price data for BEXGSUKUK (from 2026-02-27)...
2026-04-05 21:13:58,689 [INFO] Starting scrape for symbol=BEXGSUKUK, range=2026-02-27 to 2026-04-05
2026-04-05 21:14:00,053 [INFO] Successfully parsed data for BEXGSUKUK (20 rows)
2026-04-05 21:14:00,254 [ERROR] Error uploading BEXGSUKUK: {'message': "Could not find the 'Audited PE' column of 'lankabd_price_archive' in the schema cache", 'code': 'PGRST204', 'hint': None, 'details': None}
2026-04-05 21:14:00,959 [INFO] [54/413] Fetching price data for CBLPBOND (from 2026-02-27)...
2026-04-05 21:14:00,960 [INFO] Starting scrape for symbol=CBLPBOND, range=2026-02-27 to 2026-04-05
2026-04-05 21:14:02,406 [INFO] Successfully parsed data for CBLPBOND (20 rows)
2026-04-05 21:14:02,586 [ERROR] Error uploading CBLPBOND: {'message': "Could not find the 'Audited PE' column of 'lankabd_price_archive' in the schema cache", 'code': 'PGRST204', 'hint': None, 'details': None}
2026-04-05 21:14:03,299 [INFO] [55/413] Fetching price data for DBLPBOND (from 2026-02-27)...
2026-04-05 21:14:03,300 [INFO] Starting scrape for symbol=DBLPBOND, range=2026-02-27 to 2026-04-05
2026-04-05 21:14:04,777 [INFO] Successfully parsed data for DBLPBOND (20 rows)
2026-04-05 21:14:04,978 [ERROR] Error uploading DBLPBOND: {'message': "Could not find the 'Audited PE' column of 'lankabd_price_archive' in the schema cache", 'code': 'PGRST204', 'hint': None, 'details': None}
2026-04-05 21:14:05,695 [INFO] [56/413] Fetching price data for IBBL2PBOND (from 2026-02-27)...
2026-04-05 21:14:05,695 [INFO] Starting scrape for symbol=IBBL2PBOND, range=2026-02-27 to 2026-04-05
2026-04-05 21:14:07,129 [INFO] Successfully parsed data for IBBL2PBOND (20 rows)
2026-04-05 21:14:07,337 [ERROR] Error uploading IBBL2PBOND: {'message': "Could not find the 'Audited PE' column of 'lankabd_price_archive' in the schema cache", 'code': 'PGRST204', 'hint': None, 'details': None}
2026-04-05 21:14:08,048 [INFO] [57/413] Fetching price data for IBBLPBOND (from 2026-02-27)...
2026-04-05 21:14:08,048 [INFO] Starting scrape for symbol=IBBLPBOND, range=2026-02-27 to 2026-04-05
2026-04-05 21:14:09,653 [INFO] Successfully parsed data for IBBLPBOND (20 rows)
2026-04-05 21:14:09,839 [ERROR] Error uploading IBBLPBOND: {'message': "Could not find the 'Audited PE' column of 'lankabd_price_archive' in the schema cache", 'code': 'PGRST204', 'hint': None, 'details': None}
2026-04-05 21:14:10,538 [INFO] [58/413] Fetching price data for MBPLCPBOND (from 2026-02-27)...
2026-04-05 21:14:10,539 [INFO] Starting scrape for symbol=MBPLCPBOND, range=2026-02-27 to 2026-04-05
2026-04-05 21:14:11,963 [INFO] Successfully parsed data for MBPLCPBOND (20 rows)
2026-04-05 21:14:12,154 [ERROR] Error uploading MBPLCPBOND: {'message': "Could not find the 'Audited PE' column of 'lankabd_price_archive' in the schema cache", 'code': 'PGRST204', 'hint': None, 'details': None}
2026-04-05 21:14:12,876 [INFO] [59/413] Fetching price data for MTBPBOND (from 2026-02-27)...
2026-04-05 21:14:12,876 [INFO] Starting scrape for symbol=MTBPBOND, range=2026-02-27 to 2026-04-05
2026-04-05 21:14:14,309 [INFO] Successfully parsed data for MTBPBOND (20 rows)
2026-04-05 21:14:14,495 [ERROR] Error uploading MTBPBOND: {'message': "Could not find the 'Audited PE' column of 'lankabd_price_archive' in the schema cache", 'code': 'PGRST204', 'hint': None, 'details': None}
2026-04-05 21:14:15,199 [INFO] [60/413] Fetching price data for PBLPBOND (from 2026-02-27)...
2026-04-05 21:14:15,199 [INFO] Starting scrape for symbol=PBLPBOND, range=2026-02-27 to 2026-04-05
2026-04-05 21:14:16,569 [INFO] Successfully parsed data for PBLPBOND (20 rows)
2026-04-05 21:14:16,756 [ERROR] Error uploading PBLPBOND: {'message': "Could not find the 'Audited PE' column of 'lankabd_price_archive' in the schema cache", 'code': 'PGRST204', 'hint': None, 'details': None}
2026-04-05 21:14:17,456 [INFO] [61/413] Fetching price data for PREBPBOND (from 2026-02-27)...
2026-04-05 21:14:17,456 [INFO] Starting scrape for symbol=PREBPBOND, range=2026-02-27 to 2026-04-05
2026-04-05 21:14:18,846 [INFO] Successfully parsed data for PREBPBOND (20 rows)
2026-04-05 21:14:19,031 [ERROR] Error uploading PREBPBOND: {'message': "Could not find the 'Audited PE' column of 'lankabd_price_archive' in the schema cache", 'code': 'PGRST204', 'hint': None, 'details': None}
2026-04-05 21:14:19,776 [INFO] [62/413] Fetching price data for SEB1PBOND (from 2026-02-27)...
2026-04-05 21:14:19,776 [INFO] Starting scrape for symbol=SEB1PBOND, range=2026-02-27 to 2026-04-05
2026-04-05 21:14:21,101 [INFO] Successfully parsed data for SEB1PBOND (20 rows)
2026-04-05 21:14:21,280 [ERROR] Error uploading SEB1PBOND: {'message': "Could not find the 'Audited PE' column of 'lankabd_price_archive' in the schema cache", 'code': 'PGRST204', 'hint': None, 'details': None}
2026-04-05 21:14:21,968 [INFO] [63/413] Fetching price data for SJIBLPBOND (from 2026-02-27)...
2026-04-05 21:14:21,968 [INFO] Starting scrape for symbol=SJIBLPBOND, range=2026-02-27 to 2026-04-05
2026-04-05 21:14:23,342 [INFO] Successfully parsed data for SJIBLPBOND (20 rows)
2026-04-05 21:14:23,530 [ERROR] Error uploading SJIBLPBOND: {'message': "Could not find the 'Audited PE' column of 'lankabd_price_archive' in the schema cache", 'code': 'PGRST204', 'hint': None, 'details': None}
2026-04-05 21:14:24,227 [INFO] [64/413] Fetching price data for UCB2PBOND (from 2026-02-27)...
2026-04-05 21:14:24,227 [INFO] Starting scrape for symbol=UCB2PBOND, range=2026-02-27 to 2026-04-05
2026-04-05 21:14:25,585 [INFO] Successfully parsed data for UCB2PBOND (20 rows)
2026-04-05 21:14:25,756 [ERROR] Error uploading UCB2PBOND: {'message': "Could not find the 'Audited PE' column of 'lankabd_price_archive' in the schema cache", 'code': 'PGRST204', 'hint': None, 'details': None}
2026-04-05 21:14:26,449 [INFO] [65/413] Fetching price data for AFTABAUTO (from 2026-02-27)...
2026-04-05 21:14:26,449 [INFO] Starting scrape for symbol=AFTABAUTO, range=2026-02-27 to 2026-04-05
2026-04-05 21:14:27,772 [INFO] Successfully parsed data for AFTABAUTO (20 rows)
2026-04-05 21:14:27,947 [ERROR] Error uploading AFTABAUTO: {'message': "Could not find the 'Audited PE' column of 'lankabd_price_archive' in the schema cache", 'code': 'PGRST204', 'hint': None, 'details': None}
2026-04-05 21:14:28,643 [INFO] [66/413] Fetching price data for ANWARGALV (from 2026-02-27)...
2026-04-05 21:14:28,643 [INFO] Starting scrape for symbol=ANWARGALV, range=2026-02-27 to 2026-04-05
2026-04-05 21:14:29,940 [INFO] Successfully parsed data for ANWARGALV (20 rows)
2026-04-05 21:14:30,122 [ERROR] Error uploading ANWARGALV: {'message': "Could not find the 'Audited PE' column of 'lankabd_price_archive' in the schema cache", 'code': 'PGRST204', 'hint': None, 'details': None}
2026-04-05 21:14:30,810 [INFO] [67/413] Fetching price data for APOLOISPAT (from 2026-02-27)...
2026-04-05 21:14:30,810 [INFO] Starting scrape for symbol=APOLOISPAT, range=2026-02-27 to 2026-04-05
2026-04-05 21:14:32,154 [INFO] Successfully parsed data for APOLOISPAT (20 rows)
2026-04-05 21:14:32,327 [ERROR] Error uploading APOLOISPAT: {'message': "Could not find the 'Audited PE' column of 'lankabd_price_archive' in the schema cache", 'code': 'PGRST204', 'hint': None, 'details': None}
2026-04-05 21:14:33,031 [INFO] [68/413] Fetching price data for ATLASBANG (from 2026-02-27)...
2026-04-05 21:14:33,031 [INFO] Starting scrape for symbol=ATLASBANG, range=2026-02-27 to 2026-04-05
2026-04-05 21:14:34,386 [INFO] Successfully parsed data for ATLASBANG (20 rows)
2026-04-05 21:14:34,580 [ERROR] Error uploading ATLASBANG: {'message': "Could not find the 'Audited PE' column of 'lankabd_price_archive' in the schema cache", 'code': 'PGRST204', 'hint': None, 'details': None}
2026-04-05 21:14:35,298 [INFO] [69/413] Fetching price data for AZIZPIPES (from 2026-02-27)...
2026-04-05 21:14:35,298 [INFO] Starting scrape for symbol=AZIZPIPES, range=2026-02-27 to 2026-04-05
2026-04-05 21:14:36,724 [INFO] Successfully parsed data for AZIZPIPES (20 rows)
2026-04-05 21:14:36,977 [ERROR] Error uploading AZIZPIPES: {'message': "Could not find the 'Audited PE' column of 'lankabd_price_archive' in the schema cache", 'code': 'PGRST204', 'hint': None, 'details': None}
2026-04-05 21:14:37,688 [INFO] [70/413] Fetching price data for BBS (from 2026-02-27)...
2026-04-05 21:14:37,688 [INFO] Starting scrape for symbol=BBS, range=2026-02-27 to 2026-04-05
2026-04-05 21:14:39,185 [INFO] Successfully parsed data for BBS (20 rows)
2026-04-05 21:14:39,370 [ERROR] Error uploading BBS: {'message': "Could not find the 'Audited PE' column of 'lankabd_price_archive' in the schema cache", 'code': 'PGRST204', 'hint': None, 'details': None}
2026-04-05 21:14:40,060 [INFO] [71/413] Fetching price data for BBSCABLES (from 2026-02-27)...
2026-04-05 21:14:40,061 [INFO] Starting scrape for symbol=BBSCABLES, range=2026-02-27 to 2026-04-05
2026-04-05 21:14:41,452 [INFO] Successfully parsed data for BBSCABLES (20 rows)
2026-04-05 21:14:41,644 [ERROR] Error uploading BBSCABLES: {'message': "Could not find the 'Audited PE' column of 'lankabd_price_archive' in the schema cache", 'code': 'PGRST204', 'hint': None, 'details': None}
2026-04-05 21:14:42,337 [INFO] [72/413] Fetching price data for BDAUTOCA (from 2026-02-27)...
2026-04-05 21:14:42,337 [INFO] Starting scrape for symbol=BDAUTOCA, range=2026-02-27 to 2026-04-05
2026-04-05 21:14:43,806 [INFO] Successfully parsed data for BDAUTOCA (20 rows)
2026-04-05 21:14:43,980 [ERROR] Error uploading BDAUTOCA: {'message': "Could not find the 'Audited PE' column of 'lankabd_price_archive' in the schema cache", 'code': 'PGRST204', 'hint': None, 'details': None}
2026-04-05 21:14:44,678 [INFO] [73/413] Fetching price data for BDLAMPS (from 2026-02-27)...
2026-04-05 21:14:44,678 [INFO] Starting scrape for symbol=BDLAMPS, range=2026-02-27 to 2026-04-05
2026-04-05 21:14:46,054 [INFO] Successfully parsed data for BDLAMPS (20 rows)
2026-04-05 21:14:46,233 [ERROR] Error uploading BDLAMPS: {'message': "Could not find the 'Audited PE' column of 'lankabd_price_archive' in the schema cache", 'code': 'PGRST204', 'hint': None, 'details': None}
2026-04-05 21:14:46,938 [INFO] [74/413] Fetching price data for BDTHAI (from 2026-02-27)...
2026-04-05 21:14:46,938 [INFO] Starting scrape for symbol=BDTHAI, range=2026-02-27 to 2026-04-05
2026-04-05 21:14:48,390 [INFO] Successfully parsed data for BDTHAI (20 rows)
2026-04-05 21:14:48,568 [ERROR] Error uploading BDTHAI: {'message': "Could not find the 'Audited PE' column of 'lankabd_price_archive' in the schema cache", 'code': 'PGRST204', 'hint': None, 'details': None}
2026-04-05 21:14:49,268 [INFO] [75/413] Fetching price data for BENGALWTL (from 2026-02-27)...
2026-04-05 21:14:49,268 [INFO] Starting scrape for symbol=BENGALWTL, range=2026-02-27 to 2026-04-05
2026-04-05 21:14:50,733 [INFO] Successfully parsed data for BENGALWTL (20 rows)
2026-04-05 21:14:50,921 [ERROR] Error uploading BENGALWTL: {'message': "Could not find the 'Audited PE' column of 'lankabd_price_archive' in the schema cache", 'code': 'PGRST204', 'hint': None, 'details': None}
2026-04-05 21:14:51,619 [INFO] [76/413] Fetching price data for BSRMLTD (from 2026-02-27)...
2026-04-05 21:14:51,619 [INFO] Starting scrape for symbol=BSRMLTD, range=2026-02-27 to 2026-04-05
2026-04-05 21:14:53,267 [INFO] Successfully parsed data for BSRMLTD (20 rows)
2026-04-05 21:14:53,440 [ERROR] Error uploading BSRMLTD: {'message': "Could not find the 'Audited PE' column of 'lankabd_price_archive' in the schema cache", 'code': 'PGRST204', 'hint': None, 'details': None}
2026-04-05 21:14:54,127 [INFO] [77/413] Fetching price data for BSRMSTEEL (from 2026-02-27)...
2026-04-05 21:14:54,128 [INFO] Starting scrape for symbol=BSRMSTEEL, range=2026-02-27 to 2026-04-05
2026-04-05 21:14:55,567 [INFO] Successfully parsed data for BSRMSTEEL (20 rows)
2026-04-05 21:14:55,822 [ERROR] Error uploading BSRMSTEEL: {'message': "Could not find the 'Audited PE' column of 'lankabd_price_archive' in the schema cache", 'code': 'PGRST204', 'hint': None, 'details': None}
2026-04-05 21:14:56,526 [INFO] [78/413] Fetching price data for COPPERTECH (from 2026-02-27)...
2026-04-05 21:14:56,526 [INFO] Starting scrape for symbol=COPPERTECH, range=2026-02-27 to 2026-04-05
2026-04-05 21:14:58,036 [INFO] Successfully parsed data for COPPERTECH (20 rows)
2026-04-05 21:14:58,243 [ERROR] Error uploading COPPERTECH: {'message': "Could not find the 'Audited PE' column of 'lankabd_price_archive' in the schema cache", 'code': 'PGRST204', 'hint': None, 'details': None}
2026-04-05 21:14:58,932 [INFO] [79/413] Fetching price data for DESHBANDHU (from 2026-02-27)...
2026-04-05 21:14:58,933 [INFO] Starting scrape for symbol=DESHBANDHU, range=2026-02-27 to 2026-04-05
2026-04-05 21:15:00,383 [INFO] Successfully parsed data for DESHBANDHU (20 rows)
2026-04-05 21:15:00,709 [ERROR] Error uploading DESHBANDHU: {'message': "Could not find the 'Audited PE' column of 'lankabd_price_archive' in the schema cache", 'code': 'PGRST204', 'hint': None, 'details': None}
2026-04-05 21:15:01,422 [INFO] [80/413] Fetching price data for DOMINAGE (from 2026-02-27)...
2026-04-05 21:15:01,423 [INFO] Starting scrape for symbol=DOMINAGE, range=2026-02-27 to 2026-04-05
2026-04-05 21:15:02,942 [INFO] Successfully parsed data for DOMINAGE (20 rows)
2026-04-05 21:15:03,118 [ERROR] Error uploading DOMINAGE: {'message': "Could not find the 'Audited PE' column of 'lankabd_price_archive' in the schema cache", 'code': 'PGRST204', 'hint': None, 'details': None}
2026-04-05 21:15:03,816 [INFO] [81/413] Fetching price data for ECABLES (from 2026-02-27)...
2026-04-05 21:15:03,816 [INFO] Starting scrape for symbol=ECABLES, range=2026-02-27 to 2026-04-05
2026-04-05 21:15:05,182 [INFO] Successfully parsed data for ECABLES (20 rows)
2026-04-05 21:15:05,358 [ERROR] Error uploading ECABLES: {'message': "Could not find the 'Audited PE' column of 'lankabd_price_archive' in the schema cache", 'code': 'PGRST204', 'hint': None, 'details': None}
2026-04-05 21:15:06,063 [INFO] [82/413] Fetching price data for GOLDENSON (from 2026-02-27)...
2026-04-05 21:15:06,063 [INFO] Starting scrape for symbol=GOLDENSON, range=2026-02-27 to 2026-04-05
2026-04-05 21:15:07,420 [INFO] Successfully parsed data for GOLDENSON (20 rows)
2026-04-05 21:15:07,603 [ERROR] Error uploading GOLDENSON: {'message': "Could not find the 'Audited PE' column of 'lankabd_price_archive' in the schema cache", 'code': 'PGRST204', 'hint': None, 'details': None}
2026-04-05 21:15:08,302 [INFO] [83/413] Fetching price data for GPHISPAT (from 2026-02-27)...
2026-04-05 21:15:08,302 [INFO] Starting scrape for symbol=GPHISPAT, range=2026-02-27 to 2026-04-05
2026-04-05 21:15:10,622 [INFO] Successfully parsed data for GPHISPAT (20 rows)
2026-04-05 21:15:10,808 [ERROR] Error uploading GPHISPAT: {'message': "Could not find the 'Audited PE' column of 'lankabd_price_archive' in the schema cache", 'code': 'PGRST204', 'hint': None, 'details': None}
2026-04-05 21:15:11,485 [INFO] [84/413] Fetching price data for IFADAUTOS (from 2026-02-27)...
2026-04-05 21:15:11,485 [INFO] Starting scrape for symbol=IFADAUTOS, range=2026-02-27 to 2026-04-05
2026-04-05 21:15:12,856 [INFO] Successfully parsed data for IFADAUTOS (20 rows)
2026-04-05 21:15:13,051 [ERROR] Error uploading IFADAUTOS: {'message': "Could not find the 'Audited PE' column of 'lankabd_price_archive' in the schema cache", 'code': 'PGRST204', 'hint': None, 'details': None}
2026-04-05 21:15:13,738 [INFO] [85/413] Fetching price data for KAY&QUE (from 2026-02-27)...
2026-04-05 21:15:13,739 [INFO] Starting scrape for symbol=KAY&QUE, range=2026-02-27 to 2026-04-05
2026-04-05 21:15:15,212 [INFO] Successfully parsed data for KAY&QUE (20 rows)
2026-04-05 21:15:15,417 [ERROR] Error uploading KAY&QUE: {'message': "Could not find the 'Audited PE' column of 'lankabd_price_archive' in the schema cache", 'code': 'PGRST204', 'hint': None, 'details': None}
2026-04-05 21:15:16,104 [INFO] [86/413] Fetching price data for KDSALTD (from 2026-02-27)...
2026-04-05 21:15:16,104 [INFO] Starting scrape for symbol=KDSALTD, range=2026-02-27 to 2026-04-05
2026-04-05 21:15:17,529 [INFO] Successfully parsed data for KDSALTD (20 rows)
2026-04-05 21:15:17,718 [ERROR] Error uploading KDSALTD: {'message': "Could not find the 'Audited PE' column of 'lankabd_price_archive' in the schema cache", 'code': 'PGRST204', 'hint': None, 'details': None}
2026-04-05 21:15:18,420 [INFO] [87/413] Fetching price data for MIRAKHTER (from 2026-02-27)...
2026-04-05 21:15:18,420 [INFO] Starting scrape for symbol=MIRAKHTER, range=2026-02-27 to 2026-04-05
2026-04-05 21:15:19,941 [INFO] Successfully parsed data for MIRAKHTER (20 rows)
2026-04-05 21:15:20,301 [ERROR] Error uploading MIRAKHTER: {'message': "Could not find the 'Audited PE' column of 'lankabd_price_archive' in the schema cache", 'code': 'PGRST204', 'hint': None, 'details': None}
2026-04-05 21:15:21,178 [INFO] [88/413] Fetching price data for MONNOAGML (from 2026-02-27)...
2026-04-05 21:15:21,178 [INFO] Starting scrape for symbol=MONNOAGML, range=2026-02-27 to 2026-04-05
2026-04-05 21:15:22,572 [INFO] Successfully parsed data for MONNOAGML (20 rows)
2026-04-05 21:15:22,745 [ERROR] Error uploading MONNOAGML: {'message': "Could not find the 'Audited PE' column of 'lankabd_price_archive' in the schema cache", 'code': 'PGRST204', 'hint': None, 'details': None}
2026-04-05 21:15:23,427 [INFO] [89/413] Fetching price data for NAHEEACP (from 2026-02-27)...
2026-04-05 21:15:23,427 [INFO] Starting scrape for symbol=NAHEEACP, range=2026-02-27 to 2026-04-05
2026-04-05 21:15:27,939 [INFO] Successfully parsed data for NAHEEACP (20 rows)
2026-04-05 21:15:28,178 [ERROR] Error uploading NAHEEACP: {'message': "Could not find the 'Audited PE' column of 'lankabd_price_archive' in the schema cache", 'code': 'PGRST204', 'hint': None, 'details': None}
2026-04-05 21:15:28,870 [INFO] [90/413] Fetching price data for NAVANACNG (from 2026-02-27)...
2026-04-05 21:15:28,870 [INFO] Starting scrape for symbol=NAVANACNG, range=2026-02-27 to 2026-04-05
2026-04-05 21:15:30,294 [INFO] Successfully parsed data for NAVANACNG (20 rows)
2026-04-05 21:15:30,495 [ERROR] Error uploading NAVANACNG: {'message': "Could not find the 'Audited PE' column of 'lankabd_price_archive' in the schema cache", 'code': 'PGRST204', 'hint': None, 'details': None}
2026-04-05 21:15:31,200 [INFO] [91/413] Fetching price data for NPOLYMER (from 2023-04-06)...
2026-04-05 21:15:31,200 [INFO] Starting scrape for symbol=NPOLYMER, range=2023-04-06 to 2026-04-05
2026-04-05 21:15:32,333 [WARNING] No data returned for NPOLYMER
2026-04-05 21:15:33,017 [INFO] [92/413] Fetching price data for NTLTUBES (from 2026-02-27)...
2026-04-05 21:15:33,017 [INFO] Starting scrape for symbol=NTLTUBES, range=2026-02-27 to 2026-04-05
2026-04-05 21:15:34,361 [INFO] Successfully parsed data for NTLTUBES (20 rows)
2026-04-05 21:15:34,554 [ERROR] Error uploading NTLTUBES: {'message': "Could not find the 'Audited PE' column of 'lankabd_price_archive' in the schema cache", 'code': 'PGRST204', 'hint': None, 'details': None}
2026-04-05 21:15:35,245 [INFO] [93/413] Fetching price data for OAL (from 2026-02-27)...
2026-04-05 21:15:35,245 [INFO] Starting scrape for symbol=OAL, range=2026-02-27 to 2026-04-05
2026-04-05 21:15:38,778 [INFO] Successfully parsed data for OAL (20 rows)
2026-04-05 21:15:38,953 [ERROR] Error uploading OAL: {'message': "Could not find the 'Audited PE' column of 'lankabd_price_archive' in the schema cache", 'code': 'PGRST204', 'hint': None, 'details': None}
2026-04-05 21:15:39,634 [INFO] [94/413] Fetching price data for OIMEX (from 2026-02-27)...
2026-04-05 21:15:39,635 [INFO] Starting scrape for symbol=OIMEX, range=2026-02-27 to 2026-04-05
2026-04-05 21:15:40,974 [INFO] Successfully parsed data for OIMEX (20 rows)
2026-04-05 21:15:41,171 [ERROR] Error uploading OIMEX: {'message': "Could not find the 'Audited PE' column of 'lankabd_price_archive' in the schema cache", 'code': 'PGRST204', 'hint': None, 'details': None}
2026-04-05 21:15:41,868 [INFO] [95/413] Fetching price data for QUASEMIND (from 2026-02-27)...
2026-04-05 21:15:41,868 [INFO] Starting scrape for symbol=QUASEMIND, range=2026-02-27 to 2026-04-05
2026-04-05 21:15:43,440 [INFO] Successfully parsed data for QUASEMIND (80 rows)
2026-04-05 21:15:43,951 [ERROR] Error uploading QUASEMIND: {'message': "Could not find the 'Audited PE' column of 'lankabd_price_archive' in the schema cache", 'code': 'PGRST204', 'hint': None, 'details': None}
2026-04-05 21:15:44,637 [INFO] [96/413] Fetching price data for RANFOUNDRY (from 2026-02-27)...
2026-04-05 21:15:44,637 [INFO] Starting scrape for symbol=RANFOUNDRY, range=2026-02-27 to 2026-04-05
2026-04-05 21:15:45,965 [INFO] Successfully parsed data for RANFOUNDRY (20 rows)
2026-04-05 21:15:46,144 [ERROR] Error uploading RANFOUNDRY: {'message': "Could not find the 'Audited PE' column of 'lankabd_price_archive' in the schema cache", 'code': 'PGRST204', 'hint': None, 'details': None}
2026-04-05 21:15:46,824 [INFO] [97/413] Fetching price data for RENWICKJA (from 2026-02-27)...
2026-04-05 21:15:46,824 [INFO] Starting scrape for symbol=RENWICKJA, range=2026-02-27 to 2026-04-05
2026-04-05 21:15:48,141 [INFO] Successfully parsed data for RENWICKJA (20 rows)
2026-04-05 21:15:48,312 [ERROR] Error uploading RENWICKJA: {'message': "Could not find the 'Audited PE' column of 'lankabd_price_archive' in the schema cache", 'code': 'PGRST204', 'hint': None, 'details': None}
2026-04-05 21:15:48,994 [INFO] [98/413] Fetching price data for RSRMSTEEL (from 2026-02-27)...
2026-04-05 21:15:48,994 [INFO] Starting scrape for symbol=RSRMSTEEL, range=2026-02-27 to 2026-04-05
2026-04-05 21:15:50,387 [INFO] Successfully parsed data for RSRMSTEEL (20 rows)
2026-04-05 21:15:50,568 [ERROR] Error uploading RSRMSTEEL: {'message': "Could not find the 'Audited PE' column of 'lankabd_price_archive' in the schema cache", 'code': 'PGRST204', 'hint': None, 'details': None}
2026-04-05 21:15:51,251 [INFO] [99/413] Fetching price data for RUNNERAUTO (from 2026-02-27)...
2026-04-05 21:15:51,251 [INFO] Starting scrape for symbol=RUNNERAUTO, range=2026-02-27 to 2026-04-05
2026-04-05 21:15:52,587 [INFO] Successfully parsed data for RUNNERAUTO (20 rows)
2026-04-05 21:15:52,757 [ERROR] Error uploading RUNNERAUTO: {'message': "Could not find the 'Audited PE' column of 'lankabd_price_archive' in the schema cache", 'code': 'PGRST204', 'hint': None, 'details': None}
2026-04-05 21:15:53,432 [INFO] [100/413] Fetching price data for SALAMCRST (from 2026-02-27)...
2026-04-05 21:15:53,432 [INFO] Starting scrape for symbol=SALAMCRST, range=2026-02-27 to 2026-04-05
2026-04-05 21:15:54,754 [INFO] Successfully parsed data for SALAMCRST (20 rows)
2026-04-05 21:15:54,925 [ERROR] Error uploading SALAMCRST: {'message': "Could not find the 'Audited PE' column of 'lankabd_price_archive' in the schema cache", 'code': 'PGRST204', 'hint': None, 'details': None}
2026-04-05 21:15:55,611 [INFO] [101/413] Fetching price data for SHURWID (from 2026-02-27)...
2026-04-05 21:15:55,611 [INFO] Starting scrape for symbol=SHURWID, range=2026-02-27 to 2026-04-05
2026-04-05 21:15:56,954 [INFO] Successfully parsed data for SHURWID (20 rows)
2026-04-05 21:15:57,129 [ERROR] Error uploading SHURWID: {'message': "Could not find the 'Audited PE' column of 'lankabd_price_archive' in the schema cache", 'code': 'PGRST204', 'hint': None, 'details': None}
2026-04-05 21:15:57,815 [INFO] [102/413] Fetching price data for SINGERBD (from 2026-02-27)...
2026-04-05 21:15:57,815 [INFO] Starting scrape for symbol=SINGERBD, range=2026-02-27 to 2026-04-05
2026-04-05 21:15:59,212 [INFO] Successfully parsed data for SINGERBD (20 rows)
2026-04-05 21:15:59,436 [ERROR] Error uploading SINGERBD: {'message': "Could not find the 'Audited PE' column of 'lankabd_price_archive' in the schema cache", 'code': 'PGRST204', 'hint': None, 'details': None}
2026-04-05 21:16:00,128 [INFO] [103/413] Fetching price data for SSSTEEL (from 2026-02-27)...
2026-04-05 21:16:00,128 [INFO] Starting scrape for symbol=SSSTEEL, range=2026-02-27 to 2026-04-05
2026-04-05 21:16:01,483 [INFO] Successfully parsed data for SSSTEEL (20 rows)
2026-04-05 21:16:01,672 [ERROR] Error uploading SSSTEEL: {'message': "Could not find the 'Audited PE' column of 'lankabd_price_archive' in the schema cache", 'code': 'PGRST204', 'hint': None, 'details': None}
2026-04-05 21:16:02,376 [INFO] [104/413] Fetching price data for WALTONHIL (from 2026-02-27)...
2026-04-05 21:16:02,377 [INFO] Starting scrape for symbol=WALTONHIL, range=2026-02-27 to 2026-04-05
2026-04-05 21:16:03,803 [INFO] Successfully parsed data for WALTONHIL (20 rows)
2026-04-05 21:16:03,993 [ERROR] Error uploading WALTONHIL: {'message': "Could not find the 'Audited PE' column of 'lankabd_price_archive' in the schema cache", 'code': 'PGRST204', 'hint': None, 'details': None}
2026-04-05 21:16:04,702 [INFO] [105/413] Fetching price data for WMSHIPYARD (from 2026-02-27)...
2026-04-05 21:16:04,702 [INFO] Starting scrape for symbol=WMSHIPYARD, range=2026-02-27 to 2026-04-05
2026-04-05 21:16:06,079 [INFO] Successfully parsed data for WMSHIPYARD (20 rows)
2026-04-05 21:16:06,268 [ERROR] Error uploading WMSHIPYARD: {'message': "Could not find the 'Audited PE' column of 'lankabd_price_archive' in the schema cache", 'code': 'PGRST204', 'hint': None, 'details': None}
2026-04-05 21:16:07,182 [INFO] [106/413] Fetching price data for YPL (from 2026-02-27)...
2026-04-05 21:16:07,182 [INFO] Starting scrape for symbol=YPL, range=2026-02-27 to 2026-04-05
2026-04-05 21:16:09,220 [INFO] Successfully parsed data for YPL (20 rows)
2026-04-05 21:16:10,099 [ERROR] Error uploading YPL: {'message': "Could not find the 'Audited PE' column of 'lankabd_price_archive' in the schema cache", 'code': 'PGRST204', 'hint': None, 'details': None}
2026-04-05 21:16:10,807 [INFO] [107/413] Fetching price data for BAYLEASING (from 2026-02-27)...
2026-04-05 21:16:10,807 [INFO] Starting scrape for symbol=BAYLEASING, range=2026-02-27 to 2026-04-05
2026-04-05 21:16:12,252 [INFO] Successfully parsed data for BAYLEASING (20 rows)
2026-04-05 21:16:12,444 [ERROR] Error uploading BAYLEASING: {'message': "Could not find the 'Audited PE' column of 'lankabd_price_archive' in the schema cache", 'code': 'PGRST204', 'hint': None, 'details': None}
2026-04-05 21:16:13,149 [INFO] [108/413] Fetching price data for BDFINANCE (from 2026-02-27)...
2026-04-05 21:16:13,149 [INFO] Starting scrape for symbol=BDFINANCE, range=2026-02-27 to 2026-04-05
2026-04-05 21:16:14,565 [INFO] Successfully parsed data for BDFINANCE (20 rows)
2026-04-05 21:16:14,751 [ERROR] Error uploading BDFINANCE: {'message': "Could not find the 'Audited PE' column of 'lankabd_price_archive' in the schema cache", 'code': 'PGRST204', 'hint': None, 'details': None}
2026-04-05 21:16:15,438 [INFO] [109/413] Fetching price data for BIFC (from 2026-02-27)...
2026-04-05 21:16:15,439 [INFO] Starting scrape for symbol=BIFC, range=2026-02-27 to 2026-04-05
2026-04-05 21:16:16,842 [INFO] Successfully parsed data for BIFC (20 rows)
2026-04-05 21:16:17,025 [ERROR] Error uploading BIFC: {'message': "Could not find the 'Audited PE' column of 'lankabd_price_archive' in the schema cache", 'code': 'PGRST204', 'hint': None, 'details': None}
2026-04-05 21:16:17,711 [INFO] [110/413] Fetching price data for DBH (from 2026-02-27)...
2026-04-05 21:16:17,711 [INFO] Starting scrape for symbol=DBH, range=2026-02-27 to 2026-04-05
2026-04-05 21:16:19,056 [INFO] Successfully parsed data for DBH (20 rows)
2026-04-05 21:16:19,257 [ERROR] Error uploading DBH: {'message': "Could not find the 'Audited PE' column of 'lankabd_price_archive' in the schema cache", 'code': 'PGRST204', 'hint': None, 'details': None}
2026-04-05 21:16:19,943 [INFO] [111/413] Fetching price data for FAREASTFIN (from 2026-02-27)...
2026-04-05 21:16:19,943 [INFO] Starting scrape for symbol=FAREASTFIN, range=2026-02-27 to 2026-04-05
2026-04-05 21:16:21,278 [INFO] Successfully parsed data for FAREASTFIN (20 rows)
2026-04-05 21:16:21,453 [ERROR] Error uploading FAREASTFIN: {'message': "Could not find the 'Audited PE' column of 'lankabd_price_archive' in the schema cache", 'code': 'PGRST204', 'hint': None, 'details': None}
2026-04-05 21:16:22,134 [INFO] [112/413] Fetching price data for FASFIN (from 2026-02-27)...
2026-04-05 21:16:22,135 [INFO] Starting scrape for symbol=FASFIN, range=2026-02-27 to 2026-04-05
2026-04-05 21:16:23,494 [INFO] Successfully parsed data for FASFIN (20 rows)
2026-04-05 21:16:23,690 [ERROR] Error uploading FASFIN: {'message': "Could not find the 'Audited PE' column of 'lankabd_price_archive' in the schema cache", 'code': 'PGRST204', 'hint': None, 'details': None}
2026-04-05 21:16:24,385 [INFO] [113/413] Fetching price data for FIRSTFIN (from 2026-02-27)...
2026-04-05 21:16:24,385 [INFO] Starting scrape for symbol=FIRSTFIN, range=2026-02-27 to 2026-04-05
2026-04-05 21:16:25,767 [INFO] Successfully parsed data for FIRSTFIN (20 rows)
2026-04-05 21:16:25,948 [ERROR] Error uploading FIRSTFIN: {'message': "Could not find the 'Audited PE' column of 'lankabd_price_archive' in the schema cache", 'code': 'PGRST204', 'hint': None, 'details': None}
2026-04-05 21:16:26,635 [INFO] [114/413] Fetching price data for GSPFINANCE (from 2026-02-27)...
2026-04-05 21:16:26,636 [INFO] Starting scrape for symbol=GSPFINANCE, range=2026-02-27 to 2026-04-05
2026-04-05 21:16:28,238 [INFO] Successfully parsed data for GSPFINANCE (20 rows)
2026-04-05 21:16:28,412 [ERROR] Error uploading GSPFINANCE: {'message': "Could not find the 'Audited PE' column of 'lankabd_price_archive' in the schema cache", 'code': 'PGRST204', 'hint': None, 'details': None}
2026-04-05 21:16:29,125 [INFO] [115/413] Fetching price data for ICB (from 2026-02-27)...
2026-04-05 21:16:29,125 [INFO] Starting scrape for symbol=ICB, range=2026-02-27 to 2026-04-05
2026-04-05 21:16:30,534 [INFO] Successfully parsed data for ICB (20 rows)
2026-04-05 21:16:30,726 [ERROR] Error uploading ICB: {'message': "Could not find the 'Audited PE' column of 'lankabd_price_archive' in the schema cache", 'code': 'PGRST204', 'hint': None, 'details': None}
2026-04-05 21:16:31,427 [INFO] [116/413] Fetching price data for IDLC (from 2026-02-27)...
2026-04-05 21:16:31,428 [INFO] Starting scrape for symbol=IDLC, range=2026-02-27 to 2026-04-05
2026-04-05 21:16:32,855 [INFO] Successfully parsed data for IDLC (20 rows)
2026-04-05 21:16:33,032 [ERROR] Error uploading IDLC: {'message': "Could not find the 'Audited PE' column of 'lankabd_price_archive' in the schema cache", 'code': 'PGRST204', 'hint': None, 'details': None}
2026-04-05 21:16:33,740 [INFO] [117/413] Fetching price data for ILFSL (from 2023-04-06)...
2026-04-05 21:16:33,740 [INFO] Starting scrape for symbol=ILFSL, range=2023-04-06 to 2026-04-05
2026-04-05 21:16:44,693 [WARNING] No data returned for ILFSL
2026-04-05 21:16:45,412 [INFO] [118/413] Fetching price data for IPDC (from 2026-02-27)...
2026-04-05 21:16:45,413 [INFO] Starting scrape for symbol=IPDC, range=2026-02-27 to 2026-04-05
2026-04-05 21:16:46,819 [INFO] Successfully parsed data for IPDC (20 rows)
2026-04-05 21:16:46,997 [ERROR] Error uploading IPDC: {'message': "Could not find the 'Audited PE' column of 'lankabd_price_archive' in the schema cache", 'code': 'PGRST204', 'hint': None, 'details': None}
2026-04-05 21:16:47,676 [INFO] [119/413] Fetching price data for ISLAMICFIN (from 2026-02-27)...
2026-04-05 21:16:47,676 [INFO] Starting scrape for symbol=ISLAMICFIN, range=2026-02-27 to 2026-04-05
2026-04-05 21:16:49,017 [INFO] Successfully parsed data for ISLAMICFIN (20 rows)
2026-04-05 21:16:49,192 [ERROR] Error uploading ISLAMICFIN: {'message': "Could not find the 'Audited PE' column of 'lankabd_price_archive' in the schema cache", 'code': 'PGRST204', 'hint': None, 'details': None}
2026-04-05 21:16:49,876 [INFO] [120/413] Fetching price data for LANKABAFIN (from 2026-02-26)...
2026-04-05 21:16:49,876 [INFO] Starting scrape for symbol=LANKABAFIN, range=2026-02-26 to 2026-04-05
2026-04-05 21:16:51,273 [INFO] Successfully parsed data for LANKABAFIN (21 rows)
2026-04-05 21:16:51,460 [ERROR] Error uploading LANKABAFIN: {'message': "Could not find the 'Audited PE' column of 'lankabd_price_archive' in the schema cache", 'code': 'PGRST204', 'hint': None, 'details': None}
2026-04-05 21:16:52,150 [INFO] [121/413] Fetching price data for MIDASFIN (from 2026-02-27)...
2026-04-05 21:16:52,150 [INFO] Starting scrape for symbol=MIDASFIN, range=2026-02-27 to 2026-04-05
2026-04-05 21:16:53,636 [INFO] Successfully parsed data for MIDASFIN (20 rows)
2026-04-05 21:16:53,990 [ERROR] Error uploading MIDASFIN: {'message': "Could not find the 'Audited PE' column of 'lankabd_price_archive' in the schema cache", 'code': 'PGRST204', 'hint': None, 'details': None}
2026-04-05 21:16:54,677 [INFO] [122/413] Fetching price data for NHFIL (from 2026-02-27)...
2026-04-05 21:16:54,677 [INFO] Starting scrape for symbol=NHFIL, range=2026-02-27 to 2026-04-05
2026-04-05 21:17:26,186 [INFO] Successfully parsed data for NHFIL (20 rows)
2026-04-05 21:17:26,429 [ERROR] Error uploading NHFIL: {'message': "Could not find the 'Audited PE' column of 'lankabd_price_archive' in the schema cache", 'code': 'PGRST204', 'hint': None, 'details': None}
2026-04-05 21:17:27,107 [INFO] [123/413] Fetching price data for PHOENIXFIN (from 2026-02-27)...
2026-04-05 21:17:27,107 [INFO] Starting scrape for symbol=PHOENIXFIN, range=2026-02-27 to 2026-04-05
2026-04-05 21:17:28,543 [INFO] Successfully parsed data for PHOENIXFIN (20 rows)
2026-04-05 21:17:28,724 [ERROR] Error uploading PHOENIXFIN: {'message': "Could not find the 'Audited PE' column of 'lankabd_price_archive' in the schema cache", 'code': 'PGRST204', 'hint': None, 'details': None}
2026-04-05 21:17:29,397 [INFO] [124/413] Fetching price data for PLFSL (from 2026-02-27)...
2026-04-05 21:17:29,397 [INFO] Starting scrape for symbol=PLFSL, range=2026-02-27 to 2026-04-05
2026-04-05 21:17:30,809 [INFO] Successfully parsed data for PLFSL (20 rows)
2026-04-05 21:17:30,983 [ERROR] Error uploading PLFSL: {'message': "Could not find the 'Audited PE' column of 'lankabd_price_archive' in the schema cache", 'code': 'PGRST204', 'hint': None, 'details': None}
2026-04-05 21:17:31,666 [INFO] [125/413] Fetching price data for PREMIERLEA (from 2026-02-27)...
2026-04-05 21:17:31,667 [INFO] Starting scrape for symbol=PREMIERLEA, range=2026-02-27 to 2026-04-05
2026-04-05 21:17:33,071 [INFO] Successfully parsed data for PREMIERLEA (20 rows)
2026-04-05 21:17:33,249 [ERROR] Error uploading PREMIERLEA: {'message': "Could not find the 'Audited PE' column of 'lankabd_price_archive' in the schema cache", 'code': 'PGRST204', 'hint': None, 'details': None}
